-------------------------------------------------------------------------------
Test set: eu.europa.ec.fisheries.uvms.rest.asset.service.CustomCodeRestResourceTest
-------------------------------------------------------------------------------
Tests run: 11, Failures: 0, Errors: 10, Skipped: 1, Time elapsed: 0.583 s <<< FAILURE! - in eu.europa.ec.fisheries.uvms.rest.asset.service.CustomCodeRestResourceTest
createACustomCode(eu.europa.ec.fisheries.uvms.rest.asset.service.CustomCodeRestResourceTest)  Time elapsed: 0.107 s  <<< ERROR!
javax.ws.rs.NotFoundException: HTTP 404 Not Found
	at eu.europa.ec.fisheries.uvms.rest.asset.service.CustomCodeRestResourceTest.createACustomCodeHelper(CustomCodeRestResourceTest.java:446)
	at eu.europa.ec.fisheries.uvms.rest.asset.service.CustomCodeRestResourceTest.createACustomCode(CustomCodeRestResourceTest.java:100)

getConstants(eu.europa.ec.fisheries.uvms.rest.asset.service.CustomCodeRestResourceTest)  Time elapsed: 0.05 s  <<< ERROR!
javax.ws.rs.NotFoundException: HTTP 404 Not Found
	at eu.europa.ec.fisheries.uvms.rest.asset.service.CustomCodeRestResourceTest.createACustomCodeHelper(CustomCodeRestResourceTest.java:446)
	at eu.europa.ec.fisheries.uvms.rest.asset.service.CustomCodeRestResourceTest.getConstants(CustomCodeRestResourceTest.java:47)

existsCustomCodeInDateRangePositive(eu.europa.ec.fisheries.uvms.rest.asset.service.CustomCodeRestResourceTest)  Time elapsed: 0.053 s  <<< ERROR!
javax.ws.rs.NotFoundException: HTTP 404 Not Found
	at eu.europa.ec.fisheries.uvms.rest.asset.service.CustomCodeRestResourceTest.createACustomCodeHelper(CustomCodeRestResourceTest.java:446)
	at eu.europa.ec.fisheries.uvms.rest.asset.service.CustomCodeRestResourceTest.existsCustomCodeInDateRangePositive(CustomCodeRestResourceTest.java:535)

existsCustomCodeInDateRangeNegative(eu.europa.ec.fisheries.uvms.rest.asset.service.CustomCodeRestResourceTest)  Time elapsed: 0.054 s  <<< ERROR!
javax.ws.rs.NotFoundException: HTTP 404 Not Found
	at eu.europa.ec.fisheries.uvms.rest.asset.service.CustomCodeRestResourceTest.createACustomCodeHelper(CustomCodeRestResourceTest.java:446)
	at eu.europa.ec.fisheries.uvms.rest.asset.service.CustomCodeRestResourceTest.existsCustomCodeInDateRangeNegative(CustomCodeRestResourceTest.java:561)

getCodeAtDateWithinRange(eu.europa.ec.fisheries.uvms.rest.asset.service.CustomCodeRestResourceTest)  Time elapsed: 0.057 s  <<< ERROR!
javax.ws.rs.NotFoundException: HTTP 404 Not Found
	at eu.europa.ec.fisheries.uvms.rest.asset.service.CustomCodeRestResourceTest.createACustomCodeHelper(CustomCodeRestResourceTest.java:446)
	at eu.europa.ec.fisheries.uvms.rest.asset.service.CustomCodeRestResourceTest.getCodeAtDateWithinRange(CustomCodeRestResourceTest.java:588)

deleteCustomCode(eu.europa.ec.fisheries.uvms.rest.asset.service.CustomCodeRestResourceTest)  Time elapsed: 0.052 s  <<< ERROR!
javax.ws.rs.NotFoundException: HTTP 404 Not Found
	at eu.europa.ec.fisheries.uvms.rest.asset.service.CustomCodeRestResourceTest.createACustomCodeHelper(CustomCodeRestResourceTest.java:446)
	at eu.europa.ec.fisheries.uvms.rest.asset.service.CustomCodeRestResourceTest.deleteCustomCode(CustomCodeRestResourceTest.java:376)

verifyCustomCodeInDateRangePositive(eu.europa.ec.fisheries.uvms.rest.asset.service.CustomCodeRestResourceTest)  Time elapsed: 0.054 s  <<< ERROR!
javax.ws.rs.NotFoundException: HTTP 404 Not Found
	at eu.europa.ec.fisheries.uvms.rest.asset.service.CustomCodeRestResourceTest.createACustomCodeHelper(CustomCodeRestResourceTest.java:446)
	at eu.europa.ec.fisheries.uvms.rest.asset.service.CustomCodeRestResourceTest.verifyCustomCodeInDateRangePositive(CustomCodeRestResourceTest.java:477)

verifyCustomCodeInDateRangeNegative(eu.europa.ec.fisheries.uvms.rest.asset.service.CustomCodeRestResourceTest)  Time elapsed: 0.051 s  <<< ERROR!
javax.ws.rs.NotFoundException: HTTP 404 Not Found
	at eu.europa.ec.fisheries.uvms.rest.asset.service.CustomCodeRestResourceTest.createACustomCodeHelper(CustomCodeRestResourceTest.java:446)
	at eu.europa.ec.fisheries.uvms.rest.asset.service.CustomCodeRestResourceTest.verifyCustomCodeInDateRangeNegative(CustomCodeRestResourceTest.java:506)

getACustomCode(eu.europa.ec.fisheries.uvms.rest.asset.service.CustomCodeRestResourceTest)  Time elapsed: 0.049 s  <<< ERROR!
javax.ws.rs.NotFoundException: HTTP 404 Not Found
	at eu.europa.ec.fisheries.uvms.rest.asset.service.CustomCodeRestResourceTest.createACustomCodeHelper(CustomCodeRestResourceTest.java:446)
	at eu.europa.ec.fisheries.uvms.rest.asset.service.CustomCodeRestResourceTest.getACustomCode(CustomCodeRestResourceTest.java:348)

getCodesPerConstant(eu.europa.ec.fisheries.uvms.rest.asset.service.CustomCodeRestResourceTest)  Time elapsed: 0.052 s  <<< ERROR!
javax.ws.rs.NotFoundException: HTTP 404 Not Found
	at eu.europa.ec.fisheries.uvms.rest.asset.service.CustomCodeRestResourceTest.createACustomCodeHelperMultipleCodesPerConstant(CustomCodeRestResourceTest.java:469)
	at eu.europa.ec.fisheries.uvms.rest.asset.service.CustomCodeRestResourceTest.getCodesPerConstant(CustomCodeRestResourceTest.java:70)

