-------------------------------------------------------------------------------
Test set: eu.europa.ec.fisheries.uvms.rest.asset.service.AssetRestResourceQueryTest
-------------------------------------------------------------------------------
Tests run: 35, Failures: 0, Errors: 35, Skipped: 0, Time elapsed: 1.792 s <<< FAILURE! - in eu.europa.ec.fisheries.uvms.rest.asset.service.AssetRestResourceQueryTest
getAssetListQueryTest(eu.europa.ec.fisheries.uvms.rest.asset.service.AssetRestResourceQueryTest)  Time elapsed: 0.119 s  <<< ERROR!
javax.ws.rs.NotFoundException: HTTP 404 Not Found
	at eu.europa.ec.fisheries.uvms.rest.asset.service.AssetRestResourceQueryTest.sendAssetToCreation(AssetRestResourceQueryTest.java:1255)
	at eu.europa.ec.fisheries.uvms.rest.asset.service.AssetRestResourceQueryTest.getAssetListQueryTest(AssetRestResourceQueryTest.java:144)

testCaseSensitiveiness(eu.europa.ec.fisheries.uvms.rest.asset.service.AssetRestResourceQueryTest)  Time elapsed: 0.097 s  <<< ERROR!
javax.ws.rs.NotFoundException: HTTP 404 Not Found
	at eu.europa.ec.fisheries.uvms.rest.asset.service.AssetRestResourceQueryTest.sendAssetToCreation(AssetRestResourceQueryTest.java:1255)
	at eu.europa.ec.fisheries.uvms.rest.asset.service.AssetRestResourceQueryTest.testCaseSensitiveiness(AssetRestResourceQueryTest.java:217)

testCaseSensitiveinessTwoEntities(eu.europa.ec.fisheries.uvms.rest.asset.service.AssetRestResourceQueryTest)  Time elapsed: 0.055 s  <<< ERROR!
javax.ws.rs.NotFoundException: HTTP 404 Not Found
	at eu.europa.ec.fisheries.uvms.rest.asset.service.AssetRestResourceQueryTest.sendAssetToCreation(AssetRestResourceQueryTest.java:1255)
	at eu.europa.ec.fisheries.uvms.rest.asset.service.AssetRestResourceQueryTest.testCaseSensitiveinessTwoEntities(AssetRestResourceQueryTest.java:263)

getAssetListEmptyCriteriasShouldNotReturnInactivatedAssets(eu.europa.ec.fisheries.uvms.rest.asset.service.AssetRestResourceQueryTest)  Time elapsed: 0.058 s  <<< ERROR!
javax.ws.rs.NotFoundException: HTTP 404 Not Found
	at eu.europa.ec.fisheries.uvms.rest.asset.service.AssetRestResourceQueryTest.sendAssetToCreation(AssetRestResourceQueryTest.java:1255)
	at eu.europa.ec.fisheries.uvms.rest.asset.service.AssetRestResourceQueryTest.getAssetListEmptyCriteriasShouldNotReturnInactivatedAssets(AssetRestResourceQueryTest.java:428)

getAssetListQueryGearTypeNoWildcardSearch(eu.europa.ec.fisheries.uvms.rest.asset.service.AssetRestResourceQueryTest)  Time elapsed: 0.055 s  <<< ERROR!
javax.ws.rs.NotFoundException: HTTP 404 Not Found
	at eu.europa.ec.fisheries.uvms.rest.asset.service.AssetRestResourceQueryTest.sendAssetToCreation(AssetRestResourceQueryTest.java:1255)
	at eu.europa.ec.fisheries.uvms.rest.asset.service.AssetRestResourceQueryTest.getAssetListQueryGearTypeNoWildcardSearch(AssetRestResourceQueryTest.java:829)

getAssetListByOneFlagstateTest(eu.europa.ec.fisheries.uvms.rest.asset.service.AssetRestResourceQueryTest)  Time elapsed: 0.056 s  <<< ERROR!
javax.ws.rs.NotFoundException: HTTP 404 Not Found
	at eu.europa.ec.fisheries.uvms.rest.asset.service.AssetRestResourceQueryTest.sendAssetToCreation(AssetRestResourceQueryTest.java:1255)
	at eu.europa.ec.fisheries.uvms.rest.asset.service.AssetRestResourceQueryTest.getAssetListByOneFlagstateTest(AssetRestResourceQueryTest.java:861)

getAssetWithDateSearch(eu.europa.ec.fisheries.uvms.rest.asset.service.AssetRestResourceQueryTest)  Time elapsed: 0.055 s  <<< ERROR!
javax.ws.rs.NotFoundException: HTTP 404 Not Found
	at eu.europa.ec.fisheries.uvms.rest.asset.service.AssetRestResourceQueryTest.sendAssetToCreation(AssetRestResourceQueryTest.java:1255)
	at eu.europa.ec.fisheries.uvms.rest.asset.service.AssetRestResourceQueryTest.getAssetWithDateSearch(AssetRestResourceQueryTest.java:571)

getAssetsAtDate(eu.europa.ec.fisheries.uvms.rest.asset.service.AssetRestResourceQueryTest)  Time elapsed: 0.053 s  <<< ERROR!
javax.ws.rs.NotFoundException: HTTP 404 Not Found
	at eu.europa.ec.fisheries.uvms.rest.asset.service.AssetRestResourceQueryTest.sendAssetToCreation(AssetRestResourceQueryTest.java:1255)
	at eu.europa.ec.fisheries.uvms.rest.asset.service.AssetRestResourceQueryTest.getAssetsAtDate(AssetRestResourceQueryTest.java:701)

getAssetsAtDateAndIrcsAndFs(eu.europa.ec.fisheries.uvms.rest.asset.service.AssetRestResourceQueryTest)  Time elapsed: 0.054 s  <<< ERROR!
javax.ws.rs.NotFoundException: HTTP 404 Not Found
	at eu.europa.ec.fisheries.uvms.rest.asset.service.AssetRestResourceQueryTest.sendAssetToCreation(AssetRestResourceQueryTest.java:1255)
	at eu.europa.ec.fisheries.uvms.rest.asset.service.AssetRestResourceQueryTest.getAssetsAtDateAndIrcsAndFs(AssetRestResourceQueryTest.java:732)

getAllAssetsThatAreLongTermParkedTest(eu.europa.ec.fisheries.uvms.rest.asset.service.AssetRestResourceQueryTest)  Time elapsed: 0.05 s  <<< ERROR!
javax.ws.rs.NotFoundException: HTTP 404 Not Found
	at eu.europa.ec.fisheries.uvms.rest.asset.service.AssetRestResourceQueryTest.sendAssetToCreation(AssetRestResourceQueryTest.java:1255)
	at eu.europa.ec.fisheries.uvms.rest.asset.service.AssetRestResourceQueryTest.getAllAssetsThatAreLongTermParkedTest(AssetRestResourceQueryTest.java:167)

getAssetListByTwoFlagstateAndTwoIRCSTest(eu.europa.ec.fisheries.uvms.rest.asset.service.AssetRestResourceQueryTest)  Time elapsed: 0.053 s  <<< ERROR!
javax.ws.rs.NotFoundException: HTTP 404 Not Found
	at eu.europa.ec.fisheries.uvms.rest.asset.service.AssetRestResourceQueryTest.sendAssetToCreation(AssetRestResourceQueryTest.java:1255)
	at eu.europa.ec.fisheries.uvms.rest.asset.service.AssetRestResourceQueryTest.getAssetListByTwoFlagstateAndTwoIRCSTest(AssetRestResourceQueryTest.java:957)

getAssetListQueryGearTypeTest(eu.europa.ec.fisheries.uvms.rest.asset.service.AssetRestResourceQueryTest)  Time elapsed: 0.048 s  <<< ERROR!
javax.ws.rs.NotFoundException: HTTP 404 Not Found
	at eu.europa.ec.fisheries.uvms.rest.asset.service.AssetRestResourceQueryTest.sendAssetToCreation(AssetRestResourceQueryTest.java:1255)
	at eu.europa.ec.fisheries.uvms.rest.asset.service.AssetRestResourceQueryTest.getAssetListQueryGearTypeTest(AssetRestResourceQueryTest.java:805)

getAssetAfterAttatchingUpdatingAndThenUnattachingAMTTest(eu.europa.ec.fisheries.uvms.rest.asset.service.AssetRestResourceQueryTest)  Time elapsed: 0.044 s  <<< ERROR!
javax.ws.rs.NotFoundException: HTTP 404 Not Found
	at eu.europa.ec.fisheries.uvms.rest.asset.service.AssetRestResourceQueryTest.sendAssetToCreation(AssetRestResourceQueryTest.java:1255)
	at eu.europa.ec.fisheries.uvms.rest.asset.service.AssetRestResourceQueryTest.getAssetAfterAttatchingUpdatingAndThenUnattachingAMTTest(AssetRestResourceQueryTest.java:1080)

getTwoAssetsWithAMTEachMakeSureTheyOnlyHaveOneMTEachTest(eu.europa.ec.fisheries.uvms.rest.asset.service.AssetRestResourceQueryTest)  Time elapsed: 0.046 s  <<< ERROR!
javax.ws.rs.NotFoundException: HTTP 404 Not Found
	at eu.europa.ec.fisheries.uvms.rest.asset.service.AssetRestResourceQueryTest.sendAssetToCreation(AssetRestResourceQueryTest.java:1255)
	at eu.europa.ec.fisheries.uvms.rest.asset.service.AssetRestResourceQueryTest.getTwoAssetsWithAMTEachMakeSureTheyOnlyHaveOneMTEachTest(AssetRestResourceQueryTest.java:999)

getAssetListByTwoFlagstateAndAIRCSTest(eu.europa.ec.fisheries.uvms.rest.asset.service.AssetRestResourceQueryTest)  Time elapsed: 0.045 s  <<< ERROR!
javax.ws.rs.NotFoundException: HTTP 404 Not Found
	at eu.europa.ec.fisheries.uvms.rest.asset.service.AssetRestResourceQueryTest.sendAssetToCreation(AssetRestResourceQueryTest.java:1255)
	at eu.europa.ec.fisheries.uvms.rest.asset.service.AssetRestResourceQueryTest.getAssetListByTwoFlagstateAndAIRCSTest(AssetRestResourceQueryTest.java:921)

getAssetWithMobileTerminal(eu.europa.ec.fisheries.uvms.rest.asset.service.AssetRestResourceQueryTest)  Time elapsed: 0.055 s  <<< ERROR!
javax.ws.rs.NotFoundException: HTTP 404 Not Found
	at eu.europa.ec.fisheries.uvms.rest.asset.service.AssetRestResourceQueryTest.sendAssetToCreation(AssetRestResourceQueryTest.java:1255)
	at eu.europa.ec.fisheries.uvms.rest.asset.service.AssetRestResourceQueryTest.getAssetWithMobileTerminal(AssetRestResourceQueryTest.java:1147)

getAssetListQueryWithLessOperatorTest(eu.europa.ec.fisheries.uvms.rest.asset.service.AssetRestResourceQueryTest)  Time elapsed: 0.044 s  <<< ERROR!
javax.ws.rs.NotFoundException: HTTP 404 Not Found
	at eu.europa.ec.fisheries.uvms.rest.asset.service.AssetRestResourceQueryTest.sendAssetToCreation(AssetRestResourceQueryTest.java:1255)
	at eu.europa.ec.fisheries.uvms.rest.asset.service.AssetRestResourceQueryTest.getAssetListQueryWithLessOperatorTest(AssetRestResourceQueryTest.java:124)

getAssetListPaginationTest(eu.europa.ec.fisheries.uvms.rest.asset.service.AssetRestResourceQueryTest)  Time elapsed: 0.069 s  <<< ERROR!
javax.ws.rs.NotFoundException: HTTP 404 Not Found
	at eu.europa.ec.fisheries.uvms.rest.asset.service.AssetRestResourceQueryTest.sendAssetToCreation(AssetRestResourceQueryTest.java:1255)
	at eu.europa.ec.fisheries.uvms.rest.asset.service.AssetRestResourceQueryTest.getAssetListPaginationTest(AssetRestResourceQueryTest.java:475)

getAssetListEmptyCriteriasShouldReturnAllAssets(eu.europa.ec.fisheries.uvms.rest.asset.service.AssetRestResourceQueryTest)  Time elapsed: 0.061 s  <<< ERROR!
javax.ws.rs.NotFoundException: HTTP 404 Not Found
	at eu.europa.ec.fisheries.uvms.rest.asset.service.AssetRestResourceQueryTest.sendAssetToCreation(AssetRestResourceQueryTest.java:1255)
	at eu.europa.ec.fisheries.uvms.rest.asset.service.AssetRestResourceQueryTest.getAssetListEmptyCriteriasShouldReturnAllAssets(AssetRestResourceQueryTest.java:380)

getAssetWithDateSearchThreeRevisions(eu.europa.ec.fisheries.uvms.rest.asset.service.AssetRestResourceQueryTest)  Time elapsed: 0.041 s  <<< ERROR!
javax.ws.rs.NotFoundException: HTTP 404 Not Found
	at eu.europa.ec.fisheries.uvms.rest.asset.service.AssetRestResourceQueryTest.sendAssetToCreation(AssetRestResourceQueryTest.java:1255)
	at eu.europa.ec.fisheries.uvms.rest.asset.service.AssetRestResourceQueryTest.getAssetWithDateSearchThreeRevisions(AssetRestResourceQueryTest.java:631)

getAssetAfterUpdatingMTMakeSureWeGotTheLatestMTTest(eu.europa.ec.fisheries.uvms.rest.asset.service.AssetRestResourceQueryTest)  Time elapsed: 0.044 s  <<< ERROR!
javax.ws.rs.NotFoundException: HTTP 404 Not Found
	at eu.europa.ec.fisheries.uvms.rest.asset.service.AssetRestResourceQueryTest.sendAssetToCreation(AssetRestResourceQueryTest.java:1255)
	at eu.europa.ec.fisheries.uvms.rest.asset.service.AssetRestResourceQueryTest.getAssetAfterUpdatingMTMakeSureWeGotTheLatestMTTest(AssetRestResourceQueryTest.java:1047)

testCaseIncompleteCFR(eu.europa.ec.fisheries.uvms.rest.asset.service.AssetRestResourceQueryTest)  Time elapsed: 0.041 s  <<< ERROR!
javax.ws.rs.NotFoundException: HTTP 404 Not Found
	at eu.europa.ec.fisheries.uvms.rest.asset.service.AssetRestResourceQueryTest.sendAssetToCreation(AssetRestResourceQueryTest.java:1255)
	at eu.europa.ec.fisheries.uvms.rest.asset.service.AssetRestResourceQueryTest.testCaseIncompleteCFR(AssetRestResourceQueryTest.java:322)

getAssetListQueryTestEmptyResult(eu.europa.ec.fisheries.uvms.rest.asset.service.AssetRestResourceQueryTest)  Time elapsed: 0.037 s  <<< ERROR!
javax.ws.rs.NotFoundException: HTTP 404 Not Found
	at eu.europa.ec.fisheries.uvms.rest.asset.service.AssetRestResourceQueryTest.getAssetListQueryTestEmptyResult(AssetRestResourceQueryTest.java:203)

getAssetListByTwoFlagstateTest(eu.europa.ec.fisheries.uvms.rest.asset.service.AssetRestResourceQueryTest)  Time elapsed: 0.041 s  <<< ERROR!
javax.ws.rs.NotFoundException: HTTP 404 Not Found
	at eu.europa.ec.fisheries.uvms.rest.asset.service.AssetRestResourceQueryTest.sendAssetToCreation(AssetRestResourceQueryTest.java:1255)
	at eu.europa.ec.fisheries.uvms.rest.asset.service.AssetRestResourceQueryTest.getAssetListByTwoFlagstateTest(AssetRestResourceQueryTest.java:890)

getAssetListFromShipType(eu.europa.ec.fisheries.uvms.rest.asset.service.AssetRestResourceQueryTest)  Time elapsed: 0.042 s  <<< ERROR!
javax.ws.rs.NotFoundException: HTTP 404 Not Found
	at eu.europa.ec.fisheries.uvms.rest.asset.service.AssetRestResourceQueryTest.sendAssetToCreation(AssetRestResourceQueryTest.java:1255)
	at eu.europa.ec.fisheries.uvms.rest.asset.service.AssetRestResourceQueryTest.getAssetListFromShipType(AssetRestResourceQueryTest.java:548)

assetListQueryWithMappedSearchFieldsTest(eu.europa.ec.fisheries.uvms.rest.asset.service.AssetRestResourceQueryTest)  Time elapsed: 0.034 s  <<< ERROR!
javax.ws.rs.NotFoundException: HTTP 404 Not Found
	at eu.europa.ec.fisheries.uvms.rest.asset.service.AssetRestResourceQueryTest.assetListQueryWithMappedSearchFieldsTest(AssetRestResourceQueryTest.java:91)

getAssetAtInvalidDate(eu.europa.ec.fisheries.uvms.rest.asset.service.AssetRestResourceQueryTest)  Time elapsed: 0.041 s  <<< ERROR!
javax.ws.rs.NotFoundException: HTTP 404 Not Found
	at eu.europa.ec.fisheries.uvms.rest.asset.service.AssetRestResourceQueryTest.sendAssetToCreation(AssetRestResourceQueryTest.java:1255)
	at eu.europa.ec.fisheries.uvms.rest.asset.service.AssetRestResourceQueryTest.getAssetAtInvalidDate(AssetRestResourceQueryTest.java:775)

getAssetWithoutMobileTerminalNoMatch(eu.europa.ec.fisheries.uvms.rest.asset.service.AssetRestResourceQueryTest)  Time elapsed: 0.039 s  <<< ERROR!
javax.ws.rs.NotFoundException: HTTP 404 Not Found
	at eu.europa.ec.fisheries.uvms.rest.asset.service.AssetRestResourceQueryTest.sendAssetToCreation(AssetRestResourceQueryTest.java:1255)
	at eu.europa.ec.fisheries.uvms.rest.asset.service.AssetRestResourceQueryTest.getAssetWithoutMobileTerminalNoMatch(AssetRestResourceQueryTest.java:1174)

getAssetListQueryWithGreaterOperatorTest(eu.europa.ec.fisheries.uvms.rest.asset.service.AssetRestResourceQueryTest)  Time elapsed: 0.04 s  <<< ERROR!
javax.ws.rs.NotFoundException: HTTP 404 Not Found
	at eu.europa.ec.fisheries.uvms.rest.asset.service.AssetRestResourceQueryTest.sendAssetToCreation(AssetRestResourceQueryTest.java:1255)
	at eu.europa.ec.fisheries.uvms.rest.asset.service.AssetRestResourceQueryTest.getAssetListQueryWithGreaterOperatorTest(AssetRestResourceQueryTest.java:104)

newAssetListQueryTest(eu.europa.ec.fisheries.uvms.rest.asset.service.AssetRestResourceQueryTest)  Time elapsed: 0.047 s  <<< ERROR!
javax.ws.rs.NotFoundException: HTTP 404 Not Found
	at eu.europa.ec.fisheries.uvms.rest.asset.service.AssetRestResourceQueryTest.sendAssetToCreation(AssetRestResourceQueryTest.java:1255)
	at eu.europa.ec.fisheries.uvms.rest.asset.service.AssetRestResourceQueryTest.newAssetListQueryTest(AssetRestResourceQueryTest.java:52)

getHistoricalAssetWithMobileTerminalNoMatch(eu.europa.ec.fisheries.uvms.rest.asset.service.AssetRestResourceQueryTest)  Time elapsed: 0.04 s  <<< ERROR!
javax.ws.rs.NotFoundException: HTTP 404 Not Found
	at eu.europa.ec.fisheries.uvms.rest.asset.service.AssetRestResourceQueryTest.sendAssetToCreation(AssetRestResourceQueryTest.java:1255)
	at eu.europa.ec.fisheries.uvms.rest.asset.service.AssetRestResourceQueryTest.getHistoricalAssetWithMobileTerminalNoMatch(AssetRestResourceQueryTest.java:1225)

getAssetWithMobileTerminalNoMatch(eu.europa.ec.fisheries.uvms.rest.asset.service.AssetRestResourceQueryTest)  Time elapsed: 0.044 s  <<< ERROR!
javax.ws.rs.NotFoundException: HTTP 404 Not Found
	at eu.europa.ec.fisheries.uvms.rest.asset.service.AssetRestResourceQueryTest.sendAssetToCreation(AssetRestResourceQueryTest.java:1255)
	at eu.europa.ec.fisheries.uvms.rest.asset.service.AssetRestResourceQueryTest.getAssetWithMobileTerminalNoMatch(AssetRestResourceQueryTest.java:1197)

getAssetListEmptyCriteriasShouldReturnAllAssetsOR(eu.europa.ec.fisheries.uvms.rest.asset.service.AssetRestResourceQueryTest)  Time elapsed: 0.043 s  <<< ERROR!
javax.ws.rs.NotFoundException: HTTP 404 Not Found
	at eu.europa.ec.fisheries.uvms.rest.asset.service.AssetRestResourceQueryTest.sendAssetToCreation(AssetRestResourceQueryTest.java:1255)
	at eu.europa.ec.fisheries.uvms.rest.asset.service.AssetRestResourceQueryTest.getAssetListEmptyCriteriasShouldReturnAllAssetsOR(AssetRestResourceQueryTest.java:404)

getAssetListBySource(eu.europa.ec.fisheries.uvms.rest.asset.service.AssetRestResourceQueryTest)  Time elapsed: 0.04 s  <<< ERROR!
javax.ws.rs.NotFoundException: HTTP 404 Not Found
	at eu.europa.ec.fisheries.uvms.rest.asset.service.AssetRestResourceQueryTest.sendAssetToCreation(AssetRestResourceQueryTest.java:1255)
	at eu.europa.ec.fisheries.uvms.rest.asset.service.AssetRestResourceQueryTest.getAssetListBySource(AssetRestResourceQueryTest.java:1124)

getAssetListWildcardSearchCaseInsensitive(eu.europa.ec.fisheries.uvms.rest.asset.service.AssetRestResourceQueryTest)  Time elapsed: 0.048 s  <<< ERROR!
javax.ws.rs.NotFoundException: HTTP 404 Not Found
	at eu.europa.ec.fisheries.uvms.rest.asset.service.AssetRestResourceQueryTest.sendAssetToCreation(AssetRestResourceQueryTest.java:1255)
	at eu.europa.ec.fisheries.uvms.rest.asset.service.AssetRestResourceQueryTest.getAssetListWildcardSearchCaseInsensitive(AssetRestResourceQueryTest.java:522)

