-------------------------------------------------------------------------------
Test set: eu.europa.ec.fisheries.uvms.tests.asset.service.arquillian.arquillian.AssetDaoTest
-------------------------------------------------------------------------------
Tests run: 62, Failures: 0, Errors: 62, Skipped: 0, Time elapsed: 0.214 s <<< FAILURE! - in eu.europa.ec.fisheries.uvms.tests.asset.service.arquillian.arquillian.AssetDaoTest
getAssetListSearchPaginatedTestMinLength(eu.europa.ec.fisheries.uvms.tests.asset.service.arquillian.arquillian.AssetDaoTest)  Time elapsed: 0.019 s  <<< ERROR!
java.lang.NullPointerException

getAssetListSearchPaginatedTestWildcardSearch(eu.europa.ec.fisheries.uvms.tests.asset.service.arquillian.arquillian.AssetDaoTest)  Time elapsed: 0.007 s  <<< ERROR!
java.lang.NullPointerException

getAssetCountTwoRevisionsTest(eu.europa.ec.fisheries.uvms.tests.asset.service.arquillian.arquillian.AssetDaoTest)  Time elapsed: 0.003 s  <<< ERROR!
java.lang.NullPointerException

getAssetCountShouldNotFindAssetTest(eu.europa.ec.fisheries.uvms.tests.asset.service.arquillian.arquillian.AssetDaoTest)  Time elapsed: 0.003 s  <<< ERROR!
java.lang.NullPointerException

getAssetAtFirstRevisionTest(eu.europa.ec.fisheries.uvms.tests.asset.service.arquillian.arquillian.AssetDaoTest)  Time elapsed: 0.003 s  <<< ERROR!
java.lang.NullPointerException

orderByDescTestEmptySearch(eu.europa.ec.fisheries.uvms.tests.asset.service.arquillian.arquillian.AssetDaoTest)  Time elapsed: 0.003 s  <<< ERROR!
java.lang.NullPointerException

getAssetListFuzzySearchExternalMarkingAndIrcsNested(eu.europa.ec.fisheries.uvms.tests.asset.service.arquillian.arquillian.AssetDaoTest)  Time elapsed: 0.003 s  <<< ERROR!
java.lang.NullPointerException

updateAssetTest(eu.europa.ec.fisheries.uvms.tests.asset.service.arquillian.arquillian.AssetDaoTest)  Time elapsed: 0.002 s  <<< ERROR!
java.lang.NullPointerException

createAssetCheckHistoryGuid(eu.europa.ec.fisheries.uvms.tests.asset.service.arquillian.arquillian.AssetDaoTest)  Time elapsed: 0.002 s  <<< ERROR!
java.lang.NullPointerException

getAssetListFuzzySearchEmptyNoInactivated(eu.europa.ec.fisheries.uvms.tests.asset.service.arquillian.arquillian.AssetDaoTest)  Time elapsed: 0.002 s  <<< ERROR!
java.lang.NullPointerException

getAssetByMmsiTest(eu.europa.ec.fisheries.uvms.tests.asset.service.arquillian.arquillian.AssetDaoTest)  Time elapsed: 0.004 s  <<< ERROR!
java.lang.NullPointerException

getAssetListFuzzySearchExternalMarkingOrIrcs(eu.europa.ec.fisheries.uvms.tests.asset.service.arquillian.arquillian.AssetDaoTest)  Time elapsed: 0.002 s  <<< ERROR!
java.lang.NullPointerException

getRevisionsForAssetTwoVersionsCheckSizeTest(eu.europa.ec.fisheries.uvms.tests.asset.service.arquillian.arquillian.AssetDaoTest)  Time elapsed: 0.002 s  <<< ERROR!
java.lang.NullPointerException

getAssetByGfcmTest(eu.europa.ec.fisheries.uvms.tests.asset.service.arquillian.arquillian.AssetDaoTest)  Time elapsed: 0.003 s  <<< ERROR!
java.lang.NullPointerException

getAssetByImoTest(eu.europa.ec.fisheries.uvms.tests.asset.service.arquillian.arquillian.AssetDaoTest)  Time elapsed: 0.003 s  <<< ERROR!
java.lang.NullPointerException

getAssetListSearchPaginatedTestTwoAssetsLogicalOr(eu.europa.ec.fisheries.uvms.tests.asset.service.arquillian.arquillian.AssetDaoTest)  Time elapsed: 0.003 s  <<< ERROR!
java.lang.NullPointerException

getAssetListSearchPaginatedTestWildcardSearchCaseInsensitiveCB(eu.europa.ec.fisheries.uvms.tests.asset.service.arquillian.arquillian.AssetDaoTest)  Time elapsed: 0.002 s  <<< ERROR!
java.lang.NullPointerException

getAssetListAllTest(eu.europa.ec.fisheries.uvms.tests.asset.service.arquillian.arquillian.AssetDaoTest)  Time elapsed: 0.002 s  <<< ERROR!
java.lang.NullPointerException

createMTSettingActiveToNullShouldNotWork(eu.europa.ec.fisheries.uvms.tests.asset.service.arquillian.arquillian.AssetDaoTest)  Time elapsed: 0.003 s  <<< ERROR!
java.lang.NullPointerException

orderByDescTestWithIrcs(eu.europa.ec.fisheries.uvms.tests.asset.service.arquillian.arquillian.AssetDaoTest)  Time elapsed: 0.002 s  <<< ERROR!
java.lang.NullPointerException

getAssetListSearchDeeperQueryTest(eu.europa.ec.fisheries.uvms.tests.asset.service.arquillian.arquillian.AssetDaoTest)  Time elapsed: 0.003 s  <<< ERROR!
java.lang.NullPointerException

getRevisionsForAssetSingleRevisionTest(eu.europa.ec.fisheries.uvms.tests.asset.service.arquillian.arquillian.AssetDaoTest)  Time elapsed: 0.003 s  <<< ERROR!
java.lang.NullPointerException

getAssetListSearchPaginatedTestWildcardSearchCaseInsensitive(eu.europa.ec.fisheries.uvms.tests.asset.service.arquillian.arquillian.AssetDaoTest)  Time elapsed: 0.003 s  <<< ERROR!
java.lang.NullPointerException

getAssetListSearchPaginatedTestNoInactivatedAssets(eu.europa.ec.fisheries.uvms.tests.asset.service.arquillian.arquillian.AssetDaoTest)  Time elapsed: 0.002 s  <<< ERROR!
java.lang.NullPointerException

getAssetByMmsiOrIrcsWithIrcsContainingSpaceTest(eu.europa.ec.fisheries.uvms.tests.asset.service.arquillian.arquillian.AssetDaoTest)  Time elapsed: 0.002 s  <<< ERROR!
java.lang.NullPointerException

getAssetListSearchPaginatedTestTwoAssestPageSizeOne(eu.europa.ec.fisheries.uvms.tests.asset.service.arquillian.arquillian.AssetDaoTest)  Time elapsed: 0.003 s  <<< ERROR!
java.lang.NullPointerException

createAssetTest(eu.europa.ec.fisheries.uvms.tests.asset.service.arquillian.arquillian.AssetDaoTest)  Time elapsed: 0.002 s  <<< ERROR!
java.lang.NullPointerException

getAssetListSearchEmptyDepthQuery(eu.europa.ec.fisheries.uvms.tests.asset.service.arquillian.arquillian.AssetDaoTest)  Time elapsed: 0.002 s  <<< ERROR!
java.lang.NullPointerException

getAssetByIccatTest(eu.europa.ec.fisheries.uvms.tests.asset.service.arquillian.arquillian.AssetDaoTest)  Time elapsed: 0.003 s  <<< ERROR!
java.lang.NullPointerException

getAssetByIrcsTest(eu.europa.ec.fisheries.uvms.tests.asset.service.arquillian.arquillian.AssetDaoTest)  Time elapsed: 0.003 s  <<< ERROR!
java.lang.NullPointerException

getAssetListFuzzySearchExternalMarking(eu.europa.ec.fisheries.uvms.tests.asset.service.arquillian.arquillian.AssetDaoTest)  Time elapsed: 0.003 s  <<< ERROR!
java.lang.NullPointerException

getAssetListFuzzySearchExternalMarkingAndIrcs(eu.europa.ec.fisheries.uvms.tests.asset.service.arquillian.arquillian.AssetDaoTest)  Time elapsed: 0.002 s  <<< ERROR!
java.lang.NullPointerException

getAssetAtDateSingleAssetTest(eu.europa.ec.fisheries.uvms.tests.asset.service.arquillian.arquillian.AssetDaoTest)  Time elapsed: 0.002 s  <<< ERROR!
java.lang.NullPointerException

getAssetsAtDateTwoAssetTest(eu.europa.ec.fisheries.uvms.tests.asset.service.arquillian.arquillian.AssetDaoTest)  Time elapsed: 0.002 s  <<< ERROR!
java.lang.NullPointerException

getAssetsAtDateSingleAssetTest(eu.europa.ec.fisheries.uvms.tests.asset.service.arquillian.arquillian.AssetDaoTest)  Time elapsed: 0.003 s  <<< ERROR!
java.lang.NullPointerException

getAssetByCfrTestNonExistingCrf(eu.europa.ec.fisheries.uvms.tests.asset.service.arquillian.arquillian.AssetDaoTest)  Time elapsed: 0.002 s  <<< ERROR!
java.lang.NullPointerException

getAssetListSearchPaginatedTestNumber(eu.europa.ec.fisheries.uvms.tests.asset.service.arquillian.arquillian.AssetDaoTest)  Time elapsed: 0.002 s  <<< ERROR!
java.lang.NullPointerException

getAssetByMmsiOrIrcsWithIrcsFormatNLLNNNN(eu.europa.ec.fisheries.uvms.tests.asset.service.arquillian.arquillian.AssetDaoTest)  Time elapsed: 0.002 s  <<< ERROR!
java.lang.NullPointerException

getAssetByMmsiOrIrcsWithIrcsMissingDashTest(eu.europa.ec.fisheries.uvms.tests.asset.service.arquillian.arquillian.AssetDaoTest)  Time elapsed: 0.003 s  <<< ERROR!
java.lang.NullPointerException

getAssetListFuzzySearchEmpty(eu.europa.ec.fisheries.uvms.tests.asset.service.arquillian.arquillian.AssetDaoTest)  Time elapsed: 0.003 s  <<< ERROR!
java.lang.NullPointerException

createAssetNullInputShouldThrowExceptionTest(eu.europa.ec.fisheries.uvms.tests.asset.service.arquillian.arquillian.AssetDaoTest)  Time elapsed: 0.003 s  <<< ERROR!
java.lang.Exception: Unexpected exception, expected<javax.ejb.EJBTransactionRolledbackException> but was<java.lang.NullPointerException>
Caused by: java.lang.NullPointerException

verifyAssetHistoryUpdatesCorrectlyTest(eu.europa.ec.fisheries.uvms.tests.asset.service.arquillian.arquillian.AssetDaoTest)  Time elapsed: 0.003 s  <<< ERROR!
java.lang.NullPointerException

getAssetListFuzzySearchAndInActive(eu.europa.ec.fisheries.uvms.tests.asset.service.arquillian.arquillian.AssetDaoTest)  Time elapsed: 0.003 s  <<< ERROR!
java.lang.NullPointerException

getAssetListFuzzySearch(eu.europa.ec.fisheries.uvms.tests.asset.service.arquillian.arquillian.AssetDaoTest)  Time elapsed: 0.002 s  <<< ERROR!
java.lang.NullPointerException

getAssetCountTwoRevisionsAndTwoAssetsTest(eu.europa.ec.fisheries.uvms.tests.asset.service.arquillian.arquillian.AssetDaoTest)  Time elapsed: 0.002 s  <<< ERROR!
java.lang.NullPointerException

getAssetByUviTest(eu.europa.ec.fisheries.uvms.tests.asset.service.arquillian.arquillian.AssetDaoTest)  Time elapsed: 0.003 s  <<< ERROR!
java.lang.NullPointerException

getAssetByMmsiOrIrcsWithSeveralAssetsTest(eu.europa.ec.fisheries.uvms.tests.asset.service.arquillian.arquillian.AssetDaoTest)  Time elapsed: 0.002 s  <<< ERROR!
java.lang.NullPointerException

getAssetListFuzzySearchEmptyWithInactivated(eu.europa.ec.fisheries.uvms.tests.asset.service.arquillian.arquillian.AssetDaoTest)  Time elapsed: 0.002 s  <<< ERROR!
java.lang.NullPointerException

getAssetListSearchPaginatedTest(eu.europa.ec.fisheries.uvms.tests.asset.service.arquillian.arquillian.AssetDaoTest)  Time elapsed: 0.003 s  <<< ERROR!
java.lang.NullPointerException

getAssetListSearchQueryTestCB(eu.europa.ec.fisheries.uvms.tests.asset.service.arquillian.arquillian.AssetDaoTest)  Time elapsed: 0.002 s  <<< ERROR!
java.lang.NullPointerException

getAssetCountTest(eu.europa.ec.fisheries.uvms.tests.asset.service.arquillian.arquillian.AssetDaoTest)  Time elapsed: 0.002 s  <<< ERROR!
java.lang.NullPointerException

getRevisionsForAssetCompareRevisionsTest(eu.europa.ec.fisheries.uvms.tests.asset.service.arquillian.arquillian.AssetDaoTest)  Time elapsed: 0.003 s  <<< ERROR!
java.lang.NullPointerException

getAssetListSearchPaginatedTestTwoAssets(eu.europa.ec.fisheries.uvms.tests.asset.service.arquillian.arquillian.AssetDaoTest)  Time elapsed: 0.003 s  <<< ERROR!
java.lang.NullPointerException

getAssetCountTestCB(eu.europa.ec.fisheries.uvms.tests.asset.service.arquillian.arquillian.AssetDaoTest)  Time elapsed: 0.002 s  <<< ERROR!
java.lang.NullPointerException

getAssetListSearchPaginatedTestGuid(eu.europa.ec.fisheries.uvms.tests.asset.service.arquillian.arquillian.AssetDaoTest)  Time elapsed: 0.003 s  <<< ERROR!
java.lang.NullPointerException

getAssetAtDateMultipleAssetsTest(eu.europa.ec.fisheries.uvms.tests.asset.service.arquillian.arquillian.AssetDaoTest)  Time elapsed: 0.003 s  <<< ERROR!
java.lang.NullPointerException

getAssetListSearchPaginatedTestHistoryGuid(eu.europa.ec.fisheries.uvms.tests.asset.service.arquillian.arquillian.AssetDaoTest)  Time elapsed: 0.003 s  <<< ERROR!
java.lang.NullPointerException

createSeveralAssetsWithEmptyIrcsTest(eu.europa.ec.fisheries.uvms.tests.asset.service.arquillian.arquillian.AssetDaoTest)  Time elapsed: 0.002 s  <<< ERROR!
java.lang.NullPointerException

getAssetByCfrTest(eu.europa.ec.fisheries.uvms.tests.asset.service.arquillian.arquillian.AssetDaoTest)  Time elapsed: 0.002 s  <<< ERROR!
java.lang.NullPointerException

getAssetListFuzzySearchExternalMarkingOrIrcsNoInactiveated(eu.europa.ec.fisheries.uvms.tests.asset.service.arquillian.arquillian.AssetDaoTest)  Time elapsed: 0.003 s  <<< ERROR!
java.lang.NullPointerException

getAssetListSearchPaginatedTestFlagStateAndExtMarking(eu.europa.ec.fisheries.uvms.tests.asset.service.arquillian.arquillian.AssetDaoTest)  Time elapsed: 0.002 s  <<< ERROR!
java.lang.NullPointerException

getAssetListFuzzySearchExternalMarkingWithInactivated(eu.europa.ec.fisheries.uvms.tests.asset.service.arquillian.arquillian.AssetDaoTest)  Time elapsed: 0.002 s  <<< ERROR!
java.lang.NullPointerException

