-------------------------------------------------------------------------------
Test set: eu.europa.ec.fisheries.uvms.tests.asset.service.arquillian.arquillian.AssetServiceBeanIntTest
-------------------------------------------------------------------------------
Tests run: 35, Failures: 0, Errors: 35, Skipped: 0, Time elapsed: 0.133 s <<< FAILURE! - in eu.europa.ec.fisheries.uvms.tests.asset.service.arquillian.arquillian.AssetServiceBeanIntTest
getRevisionsForAssetLimitedTest(eu.europa.ec.fisheries.uvms.tests.asset.service.arquillian.arquillian.AssetServiceBeanIntTest)  Time elapsed: 0 s  <<< ERROR!
java.lang.NullPointerException

collectAssetMTRequestOnUnlinkedMTInmarsat(eu.europa.ec.fisheries.uvms.tests.asset.service.arquillian.arquillian.AssetServiceBeanIntTest)  Time elapsed: 0.001 s  <<< ERROR!
java.lang.NullPointerException

upsertAssetFishingLicenceRemoveLicence(eu.europa.ec.fisheries.uvms.tests.asset.service.arquillian.arquillian.AssetServiceBeanIntTest)  Time elapsed: 0.007 s  <<< ERROR!
java.lang.NullPointerException

upsertAssert(eu.europa.ec.fisheries.uvms.tests.asset.service.arquillian.arquillian.AssetServiceBeanIntTest)  Time elapsed: 0.001 s  <<< ERROR!
java.lang.NullPointerException

addContactInfoTest(eu.europa.ec.fisheries.uvms.tests.asset.service.arquillian.arquillian.AssetServiceBeanIntTest)  Time elapsed: 0.012 s  <<< ERROR!
java.lang.NullPointerException

archiveAssetTest(eu.europa.ec.fisheries.uvms.tests.asset.service.arquillian.arquillian.AssetServiceBeanIntTest)  Time elapsed: 0.007 s  <<< ERROR!
java.lang.NullPointerException

deleteContactInfoTest(eu.europa.ec.fisheries.uvms.tests.asset.service.arquillian.arquillian.AssetServiceBeanIntTest)  Time elapsed: 0.011 s  <<< ERROR!
java.lang.NullPointerException

deleteAsset(eu.europa.ec.fisheries.uvms.tests.asset.service.arquillian.arquillian.AssetServiceBeanIntTest)  Time elapsed: 0.003 s  <<< ERROR!
java.lang.NullPointerException

createContactInfoTest(eu.europa.ec.fisheries.uvms.tests.asset.service.arquillian.arquillian.AssetServiceBeanIntTest)  Time elapsed: 0.002 s  <<< ERROR!
java.lang.NullPointerException

collectAssetMTRequestIridiumTransponder(eu.europa.ec.fisheries.uvms.tests.asset.service.arquillian.arquillian.AssetServiceBeanIntTest)  Time elapsed: 0.003 s  <<< ERROR!
java.lang.NullPointerException

upsertAssetFishingLicence(eu.europa.ec.fisheries.uvms.tests.asset.service.arquillian.arquillian.AssetServiceBeanIntTest)  Time elapsed: 0.003 s  <<< ERROR!
java.lang.NullPointerException

getAssetListTestIdQuery(eu.europa.ec.fisheries.uvms.tests.asset.service.arquillian.arquillian.AssetServiceBeanIntTest)  Time elapsed: 0.003 s  <<< ERROR!
java.lang.NullPointerException

updateAssetBOWithIdentifierNullCFR(eu.europa.ec.fisheries.uvms.tests.asset.service.arquillian.arquillian.AssetServiceBeanIntTest)  Time elapsed: 0.003 s  <<< ERROR!
java.lang.NullPointerException

updateAsset(eu.europa.ec.fisheries.uvms.tests.asset.service.arquillian.arquillian.AssetServiceBeanIntTest)  Time elapsed: 0.002 s  <<< ERROR!
java.lang.NullPointerException

deleteNoteTest(eu.europa.ec.fisheries.uvms.tests.asset.service.arquillian.arquillian.AssetServiceBeanIntTest)  Time elapsed: 0.003 s  <<< ERROR!
java.lang.NullPointerException

collectAssetMTCreateUnknownAsset(eu.europa.ec.fisheries.uvms.tests.asset.service.arquillian.arquillian.AssetServiceBeanIntTest)  Time elapsed: 0.004 s  <<< ERROR!
java.lang.NullPointerException

createNotesTest(eu.europa.ec.fisheries.uvms.tests.asset.service.arquillian.arquillian.AssetServiceBeanIntTest)  Time elapsed: 0.004 s  <<< ERROR!
java.lang.NullPointerException

getAssetListTestNameQuery(eu.europa.ec.fisheries.uvms.tests.asset.service.arquillian.arquillian.AssetServiceBeanIntTest)  Time elapsed: 0.003 s  <<< ERROR!
java.lang.NullPointerException

updateAssetThreeTimesAndCheckRevisionsAndValues(eu.europa.ec.fisheries.uvms.tests.asset.service.arquillian.arquillian.AssetServiceBeanIntTest)  Time elapsed: 0.002 s  <<< ERROR!
java.lang.NullPointerException

upsertAssertUsingCfrId(eu.europa.ec.fisheries.uvms.tests.asset.service.arquillian.arquillian.AssetServiceBeanIntTest)  Time elapsed: 0.003 s  <<< ERROR!
java.lang.NullPointerException

addNoteTest(eu.europa.ec.fisheries.uvms.tests.asset.service.arquillian.arquillian.AssetServiceBeanIntTest)  Time elapsed: 0.003 s  <<< ERROR!
java.lang.NullPointerException

unarchiveAssetTest(eu.europa.ec.fisheries.uvms.tests.asset.service.arquillian.arquillian.AssetServiceBeanIntTest)  Time elapsed: 0.002 s  <<< ERROR!
java.lang.NullPointerException

upsertAssetFishingLicenceNewLicence(eu.europa.ec.fisheries.uvms.tests.asset.service.arquillian.arquillian.AssetServiceBeanIntTest)  Time elapsed: 0.002 s  <<< ERROR!
java.lang.NullPointerException

createAssert(eu.europa.ec.fisheries.uvms.tests.asset.service.arquillian.arquillian.AssetServiceBeanIntTest)  Time elapsed: 0.002 s  <<< ERROR!
java.lang.NullPointerException

updateAssetBOWithIdentifierCFR(eu.europa.ec.fisheries.uvms.tests.asset.service.arquillian.arquillian.AssetServiceBeanIntTest)  Time elapsed: 0.003 s  <<< ERROR!
java.lang.NullPointerException

collectAssetMTDontCreateUnknownAssetForInmarsat(eu.europa.ec.fisheries.uvms.tests.asset.service.arquillian.arquillian.AssetServiceBeanIntTest)  Time elapsed: 0.003 s  <<< ERROR!
java.lang.NullPointerException

updateSomeoneElsesNoteTest(eu.europa.ec.fisheries.uvms.tests.asset.service.arquillian.arquillian.AssetServiceBeanIntTest)  Time elapsed: 0.003 s  <<< ERROR!
java.lang.NullPointerException

upsertAssetFishingLicenceTwice(eu.europa.ec.fisheries.uvms.tests.asset.service.arquillian.arquillian.AssetServiceBeanIntTest)  Time elapsed: 0.002 s  <<< ERROR!
java.lang.NullPointerException

testGetRequiredEnrichment(eu.europa.ec.fisheries.uvms.tests.asset.service.arquillian.arquillian.AssetServiceBeanIntTest)  Time elapsed: 0.002 s  <<< ERROR!
java.lang.NullPointerException

testGetRequiredEnrichment_NO_MOBILETERMINAL(eu.europa.ec.fisheries.uvms.tests.asset.service.arquillian.arquillian.AssetServiceBeanIntTest)  Time elapsed: 0.003 s  <<< ERROR!
java.lang.NullPointerException

getRevisionsForAssetLimitedMaxNumberTest(eu.europa.ec.fisheries.uvms.tests.asset.service.arquillian.arquillian.AssetServiceBeanIntTest)  Time elapsed: 0.003 s  <<< ERROR!
java.lang.NullPointerException

collectAssetMTAssingCorrectAssetFromMTInformation(eu.europa.ec.fisheries.uvms.tests.asset.service.arquillian.arquillian.AssetServiceBeanIntTest)  Time elapsed: 0.002 s  <<< ERROR!
java.lang.NullPointerException

testGetRequiredEnrichmentOnlyMT_InmarsatSpecific(eu.europa.ec.fisheries.uvms.tests.asset.service.arquillian.arquillian.AssetServiceBeanIntTest)  Time elapsed: 0.002 s  <<< ERROR!
java.lang.NullPointerException

updateAssetBOWithIdentifierIRCS(eu.europa.ec.fisheries.uvms.tests.asset.service.arquillian.arquillian.AssetServiceBeanIntTest)  Time elapsed: 0.002 s  <<< ERROR!
java.lang.NullPointerException

deleteSomeoneElsesNoteTest(eu.europa.ec.fisheries.uvms.tests.asset.service.arquillian.arquillian.AssetServiceBeanIntTest)  Time elapsed: 0.002 s  <<< ERROR!
java.lang.NullPointerException

