<?xml version="1.0" encoding="UTF-8"?>
<testsuite xmlns:xsi="http://www.w3.org/2001/XMLSchema-instance" xsi:noNamespaceSchemaLocation="https://maven.apache.org/surefire/maven-surefire-plugin/xsd/surefire-test-report.xsd" name="eu.europa.ec.fisheries.uvms.tests.asset.service.arquillian.arquillian.AssetFilterServiceBeanTest" time="0.292" tests="8" errors="0" skipped="0" failures="0">
  <properties>
[...]
</properties>
  <testcase name="getAssetFilterByAssetId" classname="eu.europa.ec.fisheries.uvms.tests.asset.service.arquillian.arquillian.AssetFilterServiceBeanTest" time="0.017"/>
  <testcase name="getAssetFilterValue" classname="eu.europa.ec.fisheries.uvms.tests.asset.service.arquillian.arquillian.AssetFilterServiceBeanTest" time="0.028"/>
  <testcase name="getAssetFilterByAssetId_TwoAssetFilters" classname="eu.europa.ec.fisheries.uvms.tests.asset.service.arquillian.arquillian.AssetFilterServiceBeanTest" time="0.042"/>
  <testcase name="updateAssetFilter" classname="eu.europa.ec.fisheries.uvms.tests.asset.service.arquillian.arquillian.AssetFilterServiceBeanTest" time="0.032"/>
  <testcase name="getAssetFilterById" classname="eu.europa.ec.fisheries.uvms.tests.asset.service.arquillian.arquillian.AssetFilterServiceBeanTest" time="0.034"/>
  <testcase name="updateAssetFilterValue" classname="eu.europa.ec.fisheries.uvms.tests.asset.service.arquillian.arquillian.AssetFilterServiceBeanTest" time="0.047"/>
  <testcase name="deleteAssetFilterById" classname="eu.europa.ec.fisheries.uvms.tests.asset.service.arquillian.arquillian.AssetFilterServiceBeanTest" time="0.031"/>
  <testcase name="getAssetFieldList" classname="eu.europa.ec.fisheries.uvms.tests.asset.service.arquillian.arquillian.AssetFilterServiceBeanTest" time="0.051"/>
</testsuite>