<?xml version="1.0" encoding="UTF-8"?>
<testsuite xmlns:xsi="http://www.w3.org/2001/XMLSchema-instance" xsi:noNamespaceSchemaLocation="https://maven.apache.org/surefire/maven-surefire-plugin/xsd/surefire-test-report.xsd" name="eu.europa.ec.fisheries.uvms.tests.asset.service.arquillian.arquillian.AssetServiceBeanIntTest" time="3.743" tests="35" errors="0" skipped="0" failures="0">
  <properties>
[...]
</properties>
  <testcase name="getRevisionsForAssetLimitedTest" classname="eu.europa.ec.fisheries.uvms.tests.asset.service.arquillian.arquillian.AssetServiceBeanIntTest" time="0.378"/>
  <testcase name="collectAssetMTRequestOnUnlinkedMTInmarsat" classname="eu.europa.ec.fisheries.uvms.tests.asset.service.arquillian.arquillian.AssetServiceBeanIntTest" time="0.185"/>
  <testcase name="upsertAssetFishingLicenceRemoveLicence" classname="eu.europa.ec.fisheries.uvms.tests.asset.service.arquillian.arquillian.AssetServiceBeanIntTest" time="0.124"/>
  <testcase name="upsertAssert" classname="eu.europa.ec.fisheries.uvms.tests.asset.service.arquillian.arquillian.AssetServiceBeanIntTest" time="0.064"/>
  <testcase name="addContactInfoTest" classname="eu.europa.ec.fisheries.uvms.tests.asset.service.arquillian.arquillian.AssetServiceBeanIntTest" time="0.055"/>
  <testcase name="archiveAssetTest" classname="eu.europa.ec.fisheries.uvms.tests.asset.service.arquillian.arquillian.AssetServiceBeanIntTest" time="0.075"/>
  <testcase name="deleteContactInfoTest" classname="eu.europa.ec.fisheries.uvms.tests.asset.service.arquillian.arquillian.AssetServiceBeanIntTest" time="0.058"/>
  <testcase name="deleteAsset" classname="eu.europa.ec.fisheries.uvms.tests.asset.service.arquillian.arquillian.AssetServiceBeanIntTest" time="0.117"/>
  <testcase name="createContactInfoTest" classname="eu.europa.ec.fisheries.uvms.tests.asset.service.arquillian.arquillian.AssetServiceBeanIntTest" time="0.051"/>
  <testcase name="collectAssetMTRequestIridiumTransponder" classname="eu.europa.ec.fisheries.uvms.tests.asset.service.arquillian.arquillian.AssetServiceBeanIntTest" time="0.07"/>
  <testcase name="upsertAssetFishingLicence" classname="eu.europa.ec.fisheries.uvms.tests.asset.service.arquillian.arquillian.AssetServiceBeanIntTest" time="0.064"/>
  <testcase name="getAssetListTestIdQuery" classname="eu.europa.ec.fisheries.uvms.tests.asset.service.arquillian.arquillian.AssetServiceBeanIntTest" time="0.148"/>
  <testcase name="updateAssetBOWithIdentifierNullCFR" classname="eu.europa.ec.fisheries.uvms.tests.asset.service.arquillian.arquillian.AssetServiceBeanIntTest" time="0.062"/>
  <testcase name="updateAsset" classname="eu.europa.ec.fisheries.uvms.tests.asset.service.arquillian.arquillian.AssetServiceBeanIntTest" time="0.127"/>
  <testcase name="deleteNoteTest" classname="eu.europa.ec.fisheries.uvms.tests.asset.service.arquillian.arquillian.AssetServiceBeanIntTest" time="0.056"/>
  <testcase name="collectAssetMTCreateUnknownAsset" classname="eu.europa.ec.fisheries.uvms.tests.asset.service.arquillian.arquillian.AssetServiceBeanIntTest" time="0.064"/>
  <testcase name="createNotesTest" classname="eu.europa.ec.fisheries.uvms.tests.asset.service.arquillian.arquillian.AssetServiceBeanIntTest" time="0.041"/>
  <testcase name="getAssetListTestNameQuery" classname="eu.europa.ec.fisheries.uvms.tests.asset.service.arquillian.arquillian.AssetServiceBeanIntTest" time="0.091"/>
  <testcase name="updateAssetThreeTimesAndCheckRevisionsAndValues" classname="eu.europa.ec.fisheries.uvms.tests.asset.service.arquillian.arquillian.AssetServiceBeanIntTest" time="0.249"/>
  <testcase name="upsertAssertUsingCfrId" classname="eu.europa.ec.fisheries.uvms.tests.asset.service.arquillian.arquillian.AssetServiceBeanIntTest" time="0.082"/>
  <testcase name="addNoteTest" classname="eu.europa.ec.fisheries.uvms.tests.asset.service.arquillian.arquillian.AssetServiceBeanIntTest" time="0.078"/>
  <testcase name="unarchiveAssetTest" classname="eu.europa.ec.fisheries.uvms.tests.asset.service.arquillian.arquillian.AssetServiceBeanIntTest" time="0.057"/>
  <testcase name="upsertAssetFishingLicenceNewLicence" classname="eu.europa.ec.fisheries.uvms.tests.asset.service.arquillian.arquillian.AssetServiceBeanIntTest" time="0.08"/>
  <testcase name="createAssert" classname="eu.europa.ec.fisheries.uvms.tests.asset.service.arquillian.arquillian.AssetServiceBeanIntTest" time="0.088"/>
  <testcase name="updateAssetBOWithIdentifierCFR" classname="eu.europa.ec.fisheries.uvms.tests.asset.service.arquillian.arquillian.AssetServiceBeanIntTest" time="0.064"/>
  <testcase name="collectAssetMTDontCreateUnknownAssetForInmarsat" classname="eu.europa.ec.fisheries.uvms.tests.asset.service.arquillian.arquillian.AssetServiceBeanIntTest" time="0.044"/>
  <testcase name="updateSomeoneElsesNoteTest" classname="eu.europa.ec.fisheries.uvms.tests.asset.service.arquillian.arquillian.AssetServiceBeanIntTest" time="0.084"/>
  <testcase name="upsertAssetFishingLicenceTwice" classname="eu.europa.ec.fisheries.uvms.tests.asset.service.arquillian.arquillian.AssetServiceBeanIntTest" time="0.125"/>
  <testcase name="testGetRequiredEnrichment" classname="eu.europa.ec.fisheries.uvms.tests.asset.service.arquillian.arquillian.AssetServiceBeanIntTest" time="0.072"/>
  <testcase name="testGetRequiredEnrichment_NO_MOBILETERMINAL" classname="eu.europa.ec.fisheries.uvms.tests.asset.service.arquillian.arquillian.AssetServiceBeanIntTest" time="0.056"/>
  <testcase name="getRevisionsForAssetLimitedMaxNumberTest" classname="eu.europa.ec.fisheries.uvms.tests.asset.service.arquillian.arquillian.AssetServiceBeanIntTest" time="0.134"/>
  <testcase name="collectAssetMTAssingCorrectAssetFromMTInformation" classname="eu.europa.ec.fisheries.uvms.tests.asset.service.arquillian.arquillian.AssetServiceBeanIntTest" time="0.222"/>
  <testcase name="testGetRequiredEnrichmentOnlyMT_InmarsatSpecific" classname="eu.europa.ec.fisheries.uvms.tests.asset.service.arquillian.arquillian.AssetServiceBeanIntTest" time="0.198"/>
  <testcase name="updateAssetBOWithIdentifierIRCS" classname="eu.europa.ec.fisheries.uvms.tests.asset.service.arquillian.arquillian.AssetServiceBeanIntTest" time="0.131"/>
  <testcase name="deleteSomeoneElsesNoteTest" classname="eu.europa.ec.fisheries.uvms.tests.asset.service.arquillian.arquillian.AssetServiceBeanIntTest" time="0.13"/>
</testsuite>