<?xml version="1.0" encoding="UTF-8" standalone="yes"?><!DOCTYPE report PUBLIC "-//JACOCO//DTD Report 1.1//EN" "report.dtd"><report name="asset-module"><sessioninfo id="DESKTOP-PP9HO49-c15f7433" start="1630580278633" dump="1630580501505"/><package name="eu/europa/ec/fisheries/uvms/asset/exception"><class name="eu/europa/ec/fisheries/uvms/asset/exception/AssetServiceException" sourcefilename="AssetServiceException.java"><method name="&lt;init&gt;" desc="(Ljava/lang/String;)V" line="18"><counter type="INSTRUCTION" missed="4" covered="0"/><counter type="LINE" missed="2" covered="0"/><counter type="COMPLEXITY" missed="1" covered="0"/><counter type="METHOD" missed="1" covered="0"/></method><method name="&lt;init&gt;" desc="(Ljava/lang/String;Ljava/lang/Throwable;)V" line="22"><counter type="INSTRUCTION" missed="5" covered="0"/><counter type="LINE" missed="2" covered="0"/><counter type="COMPLEXITY" missed="1" covered="0"/><counter type="METHOD" missed="1" covered="0"/></method><method name="&lt;init&gt;" desc="(Ljava/lang/Throwable;)V" line="26"><counter type="INSTRUCTION" missed="4" covered="0"/><counter type="LINE" missed="2" covered="0"/><counter type="COMPLEXITY" missed="1" covered="0"/><counter type="METHOD" missed="1" covered="0"/></method><method name="&lt;init&gt;" desc="(Ljava/lang/String;Ljava/lang/Throwable;ZZ)V" line="30"><counter type="INSTRUCTION" missed="7" covered="0"/><counter type="LINE" missed="2" covered="0"/><counter type="COMPLEXITY" missed="1" covered="0"/><counter type="METHOD" missed="1" covered="0"/></method><counter type="INSTRUCTION" missed="20" covered="0"/><counter type="LINE" missed="8" covered="0"/><counter type="COMPLEXITY" missed="4" covered="0"/><counter type="METHOD" missed="4" covered="0"/><counter type="CLASS" missed="1" covered="0"/></class><sourcefile name="AssetServiceException.java"><line nr="18" mi="3" ci="0" mb="0" cb="0"/><line nr="19" mi="1" ci="0" mb="0" cb="0"/><line nr="22" mi="4" ci="0" mb="0" cb="0"/><line nr="23" mi="1" ci="0" mb="0" cb="0"/><line nr="26" mi="3" ci="0" mb="0" cb="0"/><line nr="27" mi="1" ci="0" mb="0" cb="0"/><line nr="30" mi="6" ci="0" mb="0" cb="0"/><line nr="31" mi="1" ci="0" mb="0" cb="0"/><counter type="INSTRUCTION" missed="20" covered="0"/><counter type="LINE" missed="8" covered="0"/><counter type="COMPLEXITY" missed="4" covered="0"/><counter type="METHOD" missed="4" covered="0"/><counter type="CLASS" missed="1" covered="0"/></sourcefile><counter type="INSTRUCTION" missed="20" covered="0"/><counter type="LINE" missed="8" covered="0"/><counter type="COMPLEXITY" missed="4" covered="0"/><counter type="METHOD" missed="4" covered="0"/><counter type="CLASS" missed="1" covered="0"/></package><package name="eu/europa/ec/fisheries/uvms/mobileterminal/timer"><class name="eu/europa/ec/fisheries/uvms/mobileterminal/timer/AssetRemapTask" sourcefilename="AssetRemapTask.java"><method name="&lt;init&gt;" desc="()V" line="19"><counter type="INSTRUCTION" missed="3" covered="0"/><counter type="LINE" missed="1" covered="0"/><counter type="COMPLEXITY" missed="1" covered="0"/><counter type="METHOD" missed="1" covered="0"/></method><method name="remap" desc="()V" line="32"><counter type="INSTRUCTION" missed="89" covered="0"/><counter type="BRANCH" missed="10" covered="0"/><counter type="LINE" missed="16" covered="0"/><counter type="COMPLEXITY" missed="6" covered="0"/><counter type="METHOD" missed="1" covered="0"/></method><counter type="INSTRUCTION" missed="92" covered="0"/><counter type="BRANCH" missed="10" covered="0"/><counter type="LINE" missed="17" covered="0"/><counter type="COMPLEXITY" missed="7" covered="0"/><counter type="METHOD" missed="2" covered="0"/><counter type="CLASS" missed="1" covered="0"/></class><class name="eu/europa/ec/fisheries/uvms/mobileterminal/timer/PollTimerTask" sourcefilename="PollTimerTask.java"><method name="&lt;init&gt;" desc="(Leu/europa/ec/fisheries/uvms/mobileterminal/bean/PollServiceBean;)V" line="31"><counter type="INSTRUCTION" missed="6" covered="0"/><counter type="LINE" missed="3" covered="0"/><counter type="COMPLEXITY" missed="1" covered="0"/><counter type="METHOD" missed="1" covered="0"/></method><method name="run" desc="()V" line="37"><counter type="INSTRUCTION" missed="63" covered="0"/><counter type="BRANCH" missed="4" covered="0"/><counter type="LINE" missed="16" covered="0"/><counter type="COMPLEXITY" missed="3" covered="0"/><counter type="METHOD" missed="1" covered="0"/></method><method name="filterOutProgramPollsThatAreOverdue" desc="(Ljava/util/List;)Ljava/util/List;" line="61"><counter type="INSTRUCTION" missed="73" covered="0"/><counter type="BRANCH" missed="12" covered="0"/><counter type="LINE" missed="13" covered="0"/><counter type="COMPLEXITY" missed="7" covered="0"/><counter type="METHOD" missed="1" covered="0"/></method><method name="&lt;clinit&gt;" desc="()V" line="28"><counter type="INSTRUCTION" missed="4" covered="0"/><counter type="LINE" missed="1" covered="0"/><counter type="COMPLEXITY" missed="1" covered="0"/><counter type="METHOD" missed="1" covered="0"/></method><counter type="INSTRUCTION" missed="146" covered="0"/><counter type="BRANCH" missed="16" covered="0"/><counter type="LINE" missed="33" covered="0"/><counter type="COMPLEXITY" missed="12" covered="0"/><counter type="METHOD" missed="4" covered="0"/><counter type="CLASS" missed="1" covered="0"/></class><class name="eu/europa/ec/fisheries/uvms/mobileterminal/timer/AssetExecutorServiceBean" sourcefilename="AssetExecutorServiceBean.java"><method name="&lt;init&gt;" desc="()V" line="35"><counter type="INSTRUCTION" missed="3" covered="0"/><counter type="LINE" missed="1" covered="0"/><counter type="COMPLEXITY" missed="1" covered="0"/><counter type="METHOD" missed="1" covered="0"/></method><method name="initPlugins" desc="()V" line="64"><counter type="INSTRUCTION" missed="13" covered="0"/><counter type="LINE" missed="5" covered="0"/><counter type="COMPLEXITY" missed="1" covered="0"/><counter type="METHOD" missed="1" covered="0"/></method><method name="initPluginTimer" desc="()V" line="79"><counter type="INSTRUCTION" missed="13" covered="0"/><counter type="LINE" missed="6" covered="0"/><counter type="COMPLEXITY" missed="1" covered="0"/><counter type="METHOD" missed="1" covered="0"/></method><method name="initPollTimer" desc="()V" line="89"><counter type="INSTRUCTION" missed="23" covered="0"/><counter type="BRANCH" missed="2" covered="0"/><counter type="LINE" missed="8" covered="0"/><counter type="COMPLEXITY" missed="2" covered="0"/><counter type="METHOD" missed="1" covered="0"/></method><method name="assetRemapTimer" desc="()V" line="101"><counter type="INSTRUCTION" missed="4" covered="0"/><counter type="LINE" missed="2" covered="0"/><counter type="COMPLEXITY" missed="1" covered="0"/><counter type="METHOD" missed="1" covered="0"/></method><method name="pingExchange" desc="(J)V" line="106"><counter type="INSTRUCTION" missed="35" covered="0"/><counter type="LINE" missed="10" covered="0"/><counter type="COMPLEXITY" missed="1" covered="0"/><counter type="METHOD" missed="1" covered="0"/></method><method name="lambda$initPlugins$0" desc="()V" line="65"><counter type="INSTRUCTION" missed="16" covered="0"/><counter type="LINE" missed="6" covered="0"/><counter type="COMPLEXITY" missed="1" covered="0"/><counter type="METHOD" missed="1" covered="0"/></method><method name="&lt;clinit&gt;" desc="()V" line="37"><counter type="INSTRUCTION" missed="4" covered="0"/><counter type="LINE" missed="1" covered="0"/><counter type="COMPLEXITY" missed="1" covered="0"/><counter type="METHOD" missed="1" covered="0"/></method><counter type="INSTRUCTION" missed="111" covered="0"/><counter type="BRANCH" missed="2" covered="0"/><counter type="LINE" missed="39" covered="0"/><counter type="COMPLEXITY" missed="9" covered="0"/><counter type="METHOD" missed="8" covered="0"/><counter type="CLASS" missed="1" covered="0"/></class><class name="eu/europa/ec/fisheries/uvms/mobileterminal/timer/PluginTimerTask" sourcefilename="PluginTimerTask.java"><method name="&lt;init&gt;" desc="()V" line="24"><counter type="INSTRUCTION" missed="3" covered="0"/><counter type="LINE" missed="1" covered="0"/><counter type="COMPLEXITY" missed="1" covered="0"/><counter type="METHOD" missed="1" covered="0"/></method><method name="syncPlugins" desc="()V" line="33"><counter type="INSTRUCTION" missed="26" covered="0"/><counter type="BRANCH" missed="2" covered="0"/><counter type="LINE" missed="9" covered="0"/><counter type="COMPLEXITY" missed="2" covered="0"/><counter type="METHOD" missed="1" covered="0"/></method><method name="&lt;clinit&gt;" desc="()V" line="26"><counter type="INSTRUCTION" missed="4" covered="0"/><counter type="LINE" missed="1" covered="0"/><counter type="COMPLEXITY" missed="1" covered="0"/><counter type="METHOD" missed="1" covered="0"/></method><counter type="INSTRUCTION" missed="33" covered="0"/><counter type="BRANCH" missed="2" covered="0"/><counter type="LINE" missed="11" covered="0"/><counter type="COMPLEXITY" missed="4" covered="0"/><counter type="METHOD" missed="3" covered="0"/><counter type="CLASS" missed="1" covered="0"/></class><sourcefile name="AssetExecutorServiceBean.java"><line nr="35" mi="3" ci="0" mb="0" cb="0"/><line nr="37" mi="4" ci="0" mb="0" cb="0"/><line nr="64" mi="6" ci="0" mb="0" cb="0"/><line nr="65" mi="3" ci="0" mb="0" cb="0"/><line nr="66" mi="3" ci="0" mb="0" cb="0"/><line nr="67" mi="3" ci="0" mb="0" cb="0"/><line nr="68" mi="3" ci="0" mb="0" cb="0"/><line nr="69" mi="3" ci="0" mb="0" cb="0"/><line nr="70" mi="1" ci="0" mb="0" cb="0"/><line nr="71" mi="1" ci="0" mb="0" cb="0"/><line nr="72" mi="4" ci="0" mb="0" cb="0"/><line nr="73" mi="1" ci="0" mb="0" cb="0"/><line nr="74" mi="1" ci="0" mb="0" cb="0"/><line nr="79" mi="3" ci="0" mb="0" cb="0"/><line nr="80" mi="3" ci="0" mb="0" cb="0"/><line nr="81" mi="1" ci="0" mb="0" cb="0"/><line nr="82" mi="4" ci="0" mb="0" cb="0"/><line nr="83" mi="1" ci="0" mb="0" cb="0"/><line nr="84" mi="1" ci="0" mb="0" cb="0"/><line nr="89" mi="3" ci="0" mb="2" cb="0"/><line nr="90" mi="7" ci="0" mb="0" cb="0"/><line nr="92" mi="3" ci="0" mb="0" cb="0"/><line nr="93" mi="3" ci="0" mb="0" cb="0"/><line nr="94" mi="1" ci="0" mb="0" cb="0"/><line nr="95" mi="4" ci="0" mb="0" cb="0"/><line nr="96" mi="1" ci="0" mb="0" cb="0"/><line nr="97" mi="1" ci="0" mb="0" cb="0"/><line nr="101" mi="3" ci="0" mb="0" cb="0"/><line nr="102" mi="1" ci="0" mb="0" cb="0"/><line nr="106" mi="4" ci="0" mb="0" cb="0"/><line nr="107" mi="3" ci="0" mb="0" cb="0"/><line nr="108" mi="3" ci="0" mb="0" cb="0"/><line nr="109" mi="7" ci="0" mb="0" cb="0"/><line nr="110" mi="8" ci="0" mb="0" cb="0"/><line nr="111" mi="3" ci="0" mb="0" cb="0"/><line nr="112" mi="1" ci="0" mb="0" cb="0"/><line nr="113" mi="4" ci="0" mb="0" cb="0"/><line nr="114" mi="1" ci="0" mb="0" cb="0"/><line nr="115" mi="1" ci="0" mb="0" cb="0"/><counter type="INSTRUCTION" missed="111" covered="0"/><counter type="BRANCH" missed="2" covered="0"/><counter type="LINE" missed="39" covered="0"/><counter type="COMPLEXITY" missed="9" covered="0"/><counter type="METHOD" missed="8" covered="0"/><counter type="CLASS" missed="1" covered="0"/></sourcefile><sourcefile name="AssetRemapTask.java"><line nr="19" mi="3" ci="0" mb="0" cb="0"/><line nr="32" mi="4" ci="0" mb="0" cb="0"/><line nr="33" mi="4" ci="0" mb="0" cb="0"/><line nr="35" mi="10" ci="0" mb="2" cb="0"/><line nr="36" mi="10" ci="0" mb="0" cb="0"/><line nr="37" mi="10" ci="0" mb="4" cb="0"/><line nr="38" mi="4" ci="0" mb="0" cb="0"/><line nr="40" mi="1" ci="0" mb="0" cb="0"/><line nr="41" mi="10" ci="0" mb="2" cb="0"/><line nr="42" mi="6" ci="0" mb="0" cb="0"/><line nr="43" mi="4" ci="0" mb="0" cb="0"/><line nr="44" mi="6" ci="0" mb="0" cb="0"/><line nr="45" mi="2" ci="0" mb="2" cb="0"/><line nr="46" mi="4" ci="0" mb="0" cb="0"/><line nr="47" mi="12" ci="0" mb="0" cb="0"/><line nr="49" mi="1" ci="0" mb="0" cb="0"/><line nr="50" mi="1" ci="0" mb="0" cb="0"/><counter type="INSTRUCTION" missed="92" covered="0"/><counter type="BRANCH" missed="10" covered="0"/><counter type="LINE" missed="17" covered="0"/><counter type="COMPLEXITY" missed="7" covered="0"/><counter type="METHOD" missed="2" covered="0"/><counter type="CLASS" missed="1" covered="0"/></sourcefile><sourcefile name="PluginTimerTask.java"><line nr="24" mi="3" ci="0" mb="0" cb="0"/><line nr="26" mi="4" ci="0" mb="0" cb="0"/><line nr="33" mi="4" ci="0" mb="0" cb="0"/><line nr="34" mi="3" ci="0" mb="0" cb="0"/><line nr="35" mi="2" ci="0" mb="2" cb="0"/><line nr="36" mi="7" ci="0" mb="0" cb="0"/><line nr="37" mi="3" ci="0" mb="0" cb="0"/><line nr="39" mi="1" ci="0" mb="0" cb="0"/><line nr="40" mi="4" ci="0" mb="0" cb="0"/><line nr="41" mi="1" ci="0" mb="0" cb="0"/><line nr="42" mi="1" ci="0" mb="0" cb="0"/><counter type="INSTRUCTION" missed="33" covered="0"/><counter type="BRANCH" missed="2" covered="0"/><counter type="LINE" missed="11" covered="0"/><counter type="COMPLEXITY" missed="4" covered="0"/><counter type="METHOD" missed="3" covered="0"/><counter type="CLASS" missed="1" covered="0"/></sourcefile><sourcefile name="PollTimerTask.java"><line nr="28" mi="4" ci="0" mb="0" cb="0"/><line nr="31" mi="2" ci="0" mb="0" cb="0"/><line nr="32" mi="3" ci="0" mb="0" cb="0"/><line nr="33" mi="1" ci="0" mb="0" cb="0"/><line nr="37" mi="5" ci="0" mb="0" cb="0"/><line nr="39" mi="4" ci="0" mb="0" cb="0"/><line nr="40" mi="4" ci="0" mb="0" cb="0"/><line nr="42" mi="10" ci="0" mb="2" cb="0"/><line nr="43" mi="4" ci="0" mb="0" cb="0"/><line nr="44" mi="3" ci="0" mb="0" cb="0"/><line nr="47" mi="4" ci="0" mb="2" cb="0"/><line nr="48" mi="6" ci="0" mb="0" cb="0"/><line nr="49" mi="5" ci="0" mb="0" cb="0"/><line nr="51" mi="6" ci="0" mb="0" cb="0"/><line nr="52" mi="4" ci="0" mb="0" cb="0"/><line nr="54" mi="1" ci="0" mb="0" cb="0"/><line nr="55" mi="1" ci="0" mb="0" cb="0"/><line nr="56" mi="4" ci="0" mb="0" cb="0"/><line nr="57" mi="1" ci="0" mb="0" cb="0"/><line nr="58" mi="1" ci="0" mb="0" cb="0"/><line nr="61" mi="6" ci="0" mb="0" cb="0"/><line nr="63" mi="10" ci="0" mb="2" cb="0"/><line nr="64" mi="3" ci="0" mb="0" cb="0"/><line nr="65" mi="3" ci="0" mb="0" cb="0"/><line nr="66" mi="2" ci="0" mb="0" cb="0"/><line nr="68" mi="7" ci="0" mb="2" cb="0"/><line nr="69" mi="3" ci="0" mb="0" cb="0"/><line nr="71" mi="14" ci="0" mb="4" cb="0"/><line nr="73" mi="2" ci="0" mb="2" cb="0"/><line nr="74" mi="16" ci="0" mb="2" cb="0"/><line nr="75" mi="4" ci="0" mb="0" cb="0"/><line nr="77" mi="1" ci="0" mb="0" cb="0"/><line nr="78" mi="2" ci="0" mb="0" cb="0"/><counter type="INSTRUCTION" missed="146" covered="0"/><counter type="BRANCH" missed="16" covered="0"/><counter type="LINE" missed="33" covered="0"/><counter type="COMPLEXITY" missed="12" covered="0"/><counter type="METHOD" missed="4" covered="0"/><counter type="CLASS" missed="1" covered="0"/></sourcefile><counter type="INSTRUCTION" missed="382" covered="0"/><counter type="BRANCH" missed="30" covered="0"/><counter type="LINE" missed="100" covered="0"/><counter type="COMPLEXITY" missed="32" covered="0"/><counter type="METHOD" missed="17" covered="0"/><counter type="CLASS" missed="4" covered="0"/></package><package name="eu/europa/ec/fisheries/uvms/mobileterminal/dao"><class name="eu/europa/ec/fisheries/uvms/mobileterminal/dao/PollDaoBean" sourcefilename="PollDaoBean.java"><method name="&lt;init&gt;" desc="()V" line="32"><counter type="INSTRUCTION" missed="3" covered="0"/><counter type="LINE" missed="1" covered="0"/><counter type="COMPLEXITY" missed="1" covered="0"/><counter type="METHOD" missed="1" covered="0"/></method><method name="removePollAfterTests" desc="(Ljava/lang/String;)V" line="38"><counter type="INSTRUCTION" missed="20" covered="0"/><counter type="BRANCH" missed="2" covered="0"/><counter type="LINE" missed="3" covered="0"/><counter type="COMPLEXITY" missed="2" covered="0"/><counter type="METHOD" missed="1" covered="0"/></method><method name="createPoll" desc="(Leu/europa/ec/fisheries/uvms/mobileterminal/entity/PollBase;)V" line="42"><counter type="INSTRUCTION" missed="5" covered="0"/><counter type="LINE" missed="2" covered="0"/><counter type="COMPLEXITY" missed="1" covered="0"/><counter type="METHOD" missed="1" covered="0"/></method><method name="getPollById" desc="(Ljava/util/UUID;)Leu/europa/ec/fisheries/uvms/mobileterminal/entity/PollBase;" line="46"><counter type="INSTRUCTION" missed="7" covered="0"/><counter type="LINE" missed="1" covered="0"/><counter type="COMPLEXITY" missed="1" covered="0"/><counter type="METHOD" missed="1" covered="0"/></method><method name="getPollListSearchCount" desc="(Ljava/lang/String;Ljava/util/List;)Ljava/lang/Long;" line="50"><counter type="INSTRUCTION" missed="14" covered="0"/><counter type="LINE" missed="3" covered="0"/><counter type="COMPLEXITY" missed="1" covered="0"/><counter type="METHOD" missed="1" covered="0"/></method><method name="getPollListSearchPaginated" desc="(Ljava/lang/Integer;Ljava/lang/Integer;Ljava/lang/String;Ljava/util/List;)Ljava/util/List;" line="56"><counter type="INSTRUCTION" missed="43" covered="0"/><counter type="BRANCH" missed="2" covered="0"/><counter type="LINE" missed="7" covered="0"/><counter type="COMPLEXITY" missed="2" covered="0"/><counter type="METHOD" missed="1" covered="0"/></method><method name="queryBuilder" desc="(Ljava/util/List;Ljavax/persistence/TypedQuery;)V" line="69"><counter type="INSTRUCTION" missed="127" covered="0"/><counter type="BRANCH" missed="14" covered="0"/><counter type="LINE" missed="27" covered="0"/><counter type="COMPLEXITY" missed="8" covered="0"/><counter type="METHOD" missed="1" covered="0"/></method><method name="findByAssetInTimespan" desc="(Ljava/util/UUID;Ljava/time/Instant;Ljava/time/Instant;)Ljava/util/List;" line="99"><counter type="INSTRUCTION" missed="24" covered="0"/><counter type="LINE" missed="5" covered="0"/><counter type="COMPLEXITY" missed="1" covered="0"/><counter type="METHOD" missed="1" covered="0"/></method><counter type="INSTRUCTION" missed="243" covered="0"/><counter type="BRANCH" missed="18" covered="0"/><counter type="LINE" missed="49" covered="0"/><counter type="COMPLEXITY" missed="17" covered="0"/><counter type="METHOD" missed="8" covered="0"/><counter type="CLASS" missed="1" covered="0"/></class><class name="eu/europa/ec/fisheries/uvms/mobileterminal/dao/TerminalDaoBean" sourcefilename="TerminalDaoBean.java"><method name="&lt;init&gt;" desc="()V" line="44"><counter type="INSTRUCTION" missed="3" covered="0"/><counter type="LINE" missed="1" covered="0"/><counter type="COMPLEXITY" missed="1" covered="0"/><counter type="METHOD" missed="1" covered="0"/></method><method name="getMobileTerminalById" desc="(Ljava/util/UUID;)Leu/europa/ec/fisheries/uvms/mobileterminal/entity/MobileTerminal;" line="50"><counter type="INSTRUCTION" missed="7" covered="0"/><counter type="LINE" missed="1" covered="0"/><counter type="COMPLEXITY" missed="1" covered="0"/><counter type="METHOD" missed="1" covered="0"/></method><method name="getMobileTerminalBySerialNo" desc="(Ljava/lang/String;)Leu/europa/ec/fisheries/uvms/mobileterminal/entity/MobileTerminal;" line="55"><counter type="INSTRUCTION" missed="18" covered="0"/><counter type="LINE" missed="5" covered="0"/><counter type="COMPLEXITY" missed="1" covered="0"/><counter type="METHOD" missed="1" covered="0"/></method><method name="removeMobileTerminalAfterTests" desc="(Ljava/lang/String;)V" line="64"><counter type="INSTRUCTION" missed="20" covered="0"/><counter type="BRANCH" missed="2" covered="0"/><counter type="LINE" missed="3" covered="0"/><counter type="COMPLEXITY" missed="2" covered="0"/><counter type="METHOD" missed="1" covered="0"/></method><method name="createMobileTerminal" desc="(Leu/europa/ec/fisheries/uvms/mobileterminal/entity/MobileTerminal;)Leu/europa/ec/fisheries/uvms/mobileterminal/entity/MobileTerminal;" line="69"><counter type="INSTRUCTION" missed="6" covered="0"/><counter type="LINE" missed="2" covered="0"/><counter type="COMPLEXITY" missed="1" covered="0"/><counter type="METHOD" missed="1" covered="0"/></method><method name="updateMobileTerminal" desc="(Leu/europa/ec/fisheries/uvms/mobileterminal/entity/MobileTerminal;)Leu/europa/ec/fisheries/uvms/mobileterminal/entity/MobileTerminal;" line="74"><counter type="INSTRUCTION" missed="16" covered="0"/><counter type="BRANCH" missed="4" covered="0"/><counter type="LINE" missed="3" covered="0"/><counter type="COMPLEXITY" missed="3" covered="0"/><counter type="METHOD" missed="1" covered="0"/></method><method name="getMobileTerminalsByQuery" desc="(Ljava/lang/String;)Ljava/util/List;" line="81"><counter type="INSTRUCTION" missed="9" covered="0"/><counter type="LINE" missed="2" covered="0"/><counter type="COMPLEXITY" missed="1" covered="0"/><counter type="METHOD" missed="1" covered="0"/></method><method name="getMobileTerminalListWithNoActiveAsset" desc="()Ljava/util/List;" line="86"><counter type="INSTRUCTION" missed="7" covered="0"/><counter type="LINE" missed="2" covered="0"/><counter type="COMPLEXITY" missed="1" covered="0"/><counter type="METHOD" missed="1" covered="0"/></method><method name="getMobileTerminalRevisionByHistoryId" desc="(Ljava/util/UUID;)Ljava/util/List;" line="92"><counter type="INSTRUCTION" missed="19" covered="0"/><counter type="LINE" missed="3" covered="0"/><counter type="COMPLEXITY" missed="1" covered="0"/><counter type="METHOD" missed="1" covered="0"/></method><method name="getMobileTerminalRevisionById" desc="(Ljava/util/UUID;)Ljava/util/List;" line="98"><counter type="INSTRUCTION" missed="37" covered="0"/><counter type="BRANCH" missed="2" covered="0"/><counter type="LINE" missed="8" covered="0"/><counter type="COMPLEXITY" missed="2" covered="0"/><counter type="METHOD" missed="1" covered="0"/></method><method name="getMobileTerminalRevisionsRelevantToAsset" desc="(Ljava/util/UUID;Ljava/util/UUID;)Ljava/util/List;" line="110"><counter type="INSTRUCTION" missed="72" covered="0"/><counter type="BRANCH" missed="14" covered="0"/><counter type="LINE" missed="16" covered="0"/><counter type="COMPLEXITY" missed="8" covered="0"/><counter type="METHOD" missed="1" covered="0"/></method><method name="getAllMobileTerminalIdsWithARelationToAsset" desc="(Ljava/util/UUID;)Ljava/util/List;" line="136"><counter type="INSTRUCTION" missed="22" covered="0"/><counter type="LINE" missed="6" covered="0"/><counter type="COMPLEXITY" missed="1" covered="0"/><counter type="METHOD" missed="1" covered="0"/></method><method name="getMobileTerminalByRequest" desc="(Leu/europa/ec/fisheries/uvms/asset/dto/AssetMTEnrichmentRequest;)Leu/europa/ec/fisheries/uvms/mobileterminal/entity/MobileTerminal;" line="147"><counter type="INSTRUCTION" missed="46" covered="0"/><counter type="BRANCH" missed="4" covered="0"/><counter type="LINE" missed="14" covered="0"/><counter type="COMPLEXITY" missed="3" covered="0"/><counter type="METHOD" missed="1" covered="0"/></method><method name="getMTListSearch" desc="(Ljava/util/List;ZZ)Ljava/util/List;" line="167"><counter type="INSTRUCTION" missed="8" covered="0"/><counter type="LINE" missed="1" covered="0"/><counter type="COMPLEXITY" missed="1" covered="0"/><counter type="METHOD" missed="1" covered="0"/></method><method name="getMTListSearchPaginated" desc="(Ljava/lang/Integer;Ljava/lang/Integer;Ljava/util/List;ZZ)Ljava/util/List;" line="173"><counter type="INSTRUCTION" missed="82" covered="0"/><counter type="BRANCH" missed="8" covered="0"/><counter type="LINE" missed="16" covered="0"/><counter type="COMPLEXITY" missed="5" covered="0"/><counter type="METHOD" missed="1" covered="0"/></method><method name="forceLoad" desc="(Ljava/lang/Object;)V" line="197"><counter type="INSTRUCTION" missed="8" covered="0"/><counter type="LINE" missed="3" covered="0"/><counter type="COMPLEXITY" missed="1" covered="0"/><counter type="METHOD" missed="1" covered="0"/></method><method name="createAuditQuery" desc="(Ljava/util/List;ZZ)Lorg/hibernate/envers/query/AuditQuery;" line="202"><counter type="INSTRUCTION" missed="470" covered="0"/><counter type="BRANCH" missed="56" covered="0"/><counter type="LINE" missed="88" covered="0"/><counter type="COMPLEXITY" missed="29" covered="0"/><counter type="METHOD" missed="1" covered="0"/></method><method name="useLike" desc="(Leu/europa/ec/fisheries/uvms/mobileterminal/search/MTSearchKeyValue;)Z" line="328"><counter type="INSTRUCTION" missed="20" covered="0"/><counter type="BRANCH" missed="4" covered="0"/><counter type="LINE" missed="5" covered="0"/><counter type="COMPLEXITY" missed="3" covered="0"/><counter type="METHOD" missed="1" covered="0"/></method><method name="searchRevisions" desc="(Ljava/util/List;)Z" line="337"><counter type="INSTRUCTION" missed="20" covered="0"/><counter type="BRANCH" missed="4" covered="0"/><counter type="LINE" missed="5" covered="0"/><counter type="COMPLEXITY" missed="3" covered="0"/><counter type="METHOD" missed="1" covered="0"/></method><method name="getDateSearchField" desc="(Ljava/util/List;)Leu/europa/ec/fisheries/uvms/mobileterminal/search/MTSearchKeyValue;" line="346"><counter type="INSTRUCTION" missed="20" covered="0"/><counter type="BRANCH" missed="4" covered="0"/><counter type="LINE" missed="5" covered="0"/><counter type="COMPLEXITY" missed="3" covered="0"/><counter type="METHOD" missed="1" covered="0"/></method><method name="getMobileTerminalHistory" desc="()Ljava/util/List;" line="355"><counter type="INSTRUCTION" missed="44" covered="0"/><counter type="BRANCH" missed="4" covered="0"/><counter type="LINE" missed="10" covered="0"/><counter type="COMPLEXITY" missed="3" covered="0"/><counter type="METHOD" missed="1" covered="0"/></method><method name="getMtAtDate" desc="(Ljava/util/UUID;Ljava/time/Instant;)Leu/europa/ec/fisheries/uvms/mobileterminal/entity/MobileTerminal;" line="371"><counter type="INSTRUCTION" missed="19" covered="0"/><counter type="LINE" missed="5" covered="0"/><counter type="COMPLEXITY" missed="1" covered="0"/><counter type="METHOD" missed="1" covered="0"/></method><method name="getFirstRevision" desc="(Ljava/util/UUID;)Leu/europa/ec/fisheries/uvms/mobileterminal/entity/MobileTerminal;" line="381"><counter type="INSTRUCTION" missed="24" covered="0"/><counter type="BRANCH" missed="2" covered="0"/><counter type="LINE" missed="5" covered="0"/><counter type="COMPLEXITY" missed="2" covered="0"/><counter type="METHOD" missed="1" covered="0"/></method><method name="getMobileTerminalAtDateWithMemberNumberAndDnid" desc="(Ljava/lang/Integer;Ljava/lang/Integer;Ljava/time/Instant;)Leu/europa/ec/fisheries/uvms/mobileterminal/entity/MobileTerminal;" line="390"><counter type="INSTRUCTION" missed="40" covered="0"/><counter type="LINE" missed="15" covered="0"/><counter type="COMPLEXITY" missed="1" covered="0"/><counter type="METHOD" missed="1" covered="0"/></method><method name="flushEm" desc="()V" line="415"><counter type="INSTRUCTION" missed="4" covered="0"/><counter type="LINE" missed="2" covered="0"/><counter type="COMPLEXITY" missed="1" covered="0"/><counter type="METHOD" missed="1" covered="0"/></method><method name="getVmsBillingList" desc="()Ljava/util/List;" line="419"><counter type="INSTRUCTION" missed="92" covered="0"/><counter type="BRANCH" missed="8" covered="0"/><counter type="LINE" missed="10" covered="0"/><counter type="COMPLEXITY" missed="5" covered="0"/><counter type="METHOD" missed="1" covered="0"/></method><counter type="INSTRUCTION" missed="1133" covered="0"/><counter type="BRANCH" missed="116" covered="0"/><counter type="LINE" missed="236" covered="0"/><counter type="COMPLEXITY" missed="84" covered="0"/><counter type="METHOD" missed="26" covered="0"/><counter type="CLASS" missed="1" covered="0"/></class><class name="eu/europa/ec/fisheries/uvms/mobileterminal/dao/PollProgramDaoBean" sourcefilename="PollProgramDaoBean.java"><method name="&lt;init&gt;" desc="()V" line="28"><counter type="INSTRUCTION" missed="3" covered="0"/><counter type="LINE" missed="1" covered="0"/><counter type="COMPLEXITY" missed="1" covered="0"/><counter type="METHOD" missed="1" covered="0"/></method><method name="removeProgramPollAfterTests" desc="(Ljava/lang/String;)V" line="34"><counter type="INSTRUCTION" missed="20" covered="0"/><counter type="BRANCH" missed="2" covered="0"/><counter type="LINE" missed="3" covered="0"/><counter type="COMPLEXITY" missed="2" covered="0"/><counter type="METHOD" missed="1" covered="0"/></method><method name="createProgramPoll" desc="(Leu/europa/ec/fisheries/uvms/mobileterminal/entity/ProgramPoll;)V" line="39"><counter type="INSTRUCTION" missed="5" covered="0"/><counter type="LINE" missed="2" covered="0"/><counter type="COMPLEXITY" missed="1" covered="0"/><counter type="METHOD" missed="1" covered="0"/></method><method name="updateProgramPoll" desc="(Leu/europa/ec/fisheries/uvms/mobileterminal/entity/ProgramPoll;)Leu/europa/ec/fisheries/uvms/mobileterminal/entity/ProgramPoll;" line="43"><counter type="INSTRUCTION" missed="8" covered="0"/><counter type="LINE" missed="2" covered="0"/><counter type="COMPLEXITY" missed="1" covered="0"/><counter type="METHOD" missed="1" covered="0"/></method><method name="getProgramPollsAlive" desc="()Ljava/util/List;" line="48"><counter type="INSTRUCTION" missed="14" covered="0"/><counter type="LINE" missed="3" covered="0"/><counter type="COMPLEXITY" missed="1" covered="0"/><counter type="METHOD" missed="1" covered="0"/></method><method name="getProgramPollRunningAndStarted" desc="()Ljava/util/List;" line="54"><counter type="INSTRUCTION" missed="14" covered="0"/><counter type="LINE" missed="3" covered="0"/><counter type="COMPLEXITY" missed="1" covered="0"/><counter type="METHOD" missed="1" covered="0"/></method><method name="getProgramPollByGuid" desc="(Ljava/lang/String;)Leu/europa/ec/fisheries/uvms/mobileterminal/entity/ProgramPoll;" line="60"><counter type="INSTRUCTION" missed="5" covered="0"/><counter type="LINE" missed="1" covered="0"/><counter type="COMPLEXITY" missed="1" covered="0"/><counter type="METHOD" missed="1" covered="0"/></method><method name="getProgramPollById" desc="(Ljava/util/UUID;)Leu/europa/ec/fisheries/uvms/mobileterminal/entity/ProgramPoll;" line="65"><counter type="INSTRUCTION" missed="10" covered="0"/><counter type="LINE" missed="3" covered="0"/><counter type="COMPLEXITY" missed="1" covered="0"/><counter type="METHOD" missed="1" covered="0"/></method><counter type="INSTRUCTION" missed="79" covered="0"/><counter type="BRANCH" missed="2" covered="0"/><counter type="LINE" missed="18" covered="0"/><counter type="COMPLEXITY" missed="9" covered="0"/><counter type="METHOD" missed="8" covered="0"/><counter type="CLASS" missed="1" covered="0"/></class><class name="eu/europa/ec/fisheries/uvms/mobileterminal/dao/ChannelDaoBean" sourcefilename="ChannelDaoBean.java"><method name="&lt;init&gt;" desc="()V" line="28"><counter type="INSTRUCTION" missed="3" covered="0"/><counter type="LINE" missed="1" covered="0"/><counter type="COMPLEXITY" missed="1" covered="0"/><counter type="METHOD" missed="1" covered="0"/></method><method name="getPollableListSearch" desc="(Ljava/util/List;)Ljava/util/List;" line="34"><counter type="INSTRUCTION" missed="46" covered="0"/><counter type="BRANCH" missed="6" covered="0"/><counter type="LINE" missed="11" covered="0"/><counter type="COMPLEXITY" missed="4" covered="0"/><counter type="METHOD" missed="1" covered="0"/></method><method name="getLowestFreeMemberNumberForDnid" desc="(Ljava/lang/Integer;)Ljava/lang/Integer;" line="50"><counter type="INSTRUCTION" missed="14" covered="0"/><counter type="LINE" missed="3" covered="0"/><counter type="COMPLEXITY" missed="1" covered="0"/><counter type="METHOD" missed="1" covered="0"/></method><counter type="INSTRUCTION" missed="63" covered="0"/><counter type="BRANCH" missed="6" covered="0"/><counter type="LINE" missed="15" covered="0"/><counter type="COMPLEXITY" missed="6" covered="0"/><counter type="METHOD" missed="3" covered="0"/><counter type="CLASS" missed="1" covered="0"/></class><class name="eu/europa/ec/fisheries/uvms/mobileterminal/dao/MobileTerminalPluginDaoBean" sourcefilename="MobileTerminalPluginDaoBean.java"><method name="&lt;init&gt;" desc="()V" line="24"><counter type="INSTRUCTION" missed="3" covered="0"/><counter type="LINE" missed="1" covered="0"/><counter type="COMPLEXITY" missed="1" covered="0"/><counter type="METHOD" missed="1" covered="0"/></method><method name="getPluginList" desc="()Ljava/util/List;" line="30"><counter type="INSTRUCTION" missed="9" covered="0"/><counter type="LINE" missed="2" covered="0"/><counter type="COMPLEXITY" missed="1" covered="0"/><counter type="METHOD" missed="1" covered="0"/></method><method name="createMobileTerminalPlugin" desc="(Leu/europa/ec/fisheries/uvms/mobileterminal/entity/MobileTerminalPlugin;)Leu/europa/ec/fisheries/uvms/mobileterminal/entity/MobileTerminalPlugin;" line="35"><counter type="INSTRUCTION" missed="6" covered="0"/><counter type="LINE" missed="2" covered="0"/><counter type="COMPLEXITY" missed="1" covered="0"/><counter type="METHOD" missed="1" covered="0"/></method><method name="getPluginByServiceName" desc="(Ljava/lang/String;)Leu/europa/ec/fisheries/uvms/mobileterminal/entity/MobileTerminalPlugin;" line="41"><counter type="INSTRUCTION" missed="20" covered="0"/><counter type="LINE" missed="6" covered="0"/><counter type="COMPLEXITY" missed="1" covered="0"/><counter type="METHOD" missed="1" covered="0"/></method><method name="updateMobileTerminalPlugin" desc="(Leu/europa/ec/fisheries/uvms/mobileterminal/entity/MobileTerminalPlugin;)Leu/europa/ec/fisheries/uvms/mobileterminal/entity/MobileTerminalPlugin;" line="51"><counter type="INSTRUCTION" missed="6" covered="0"/><counter type="LINE" missed="1" covered="0"/><counter type="COMPLEXITY" missed="1" covered="0"/><counter type="METHOD" missed="1" covered="0"/></method><counter type="INSTRUCTION" missed="44" covered="0"/><counter type="LINE" missed="12" covered="0"/><counter type="COMPLEXITY" missed="5" covered="0"/><counter type="METHOD" missed="5" covered="0"/><counter type="CLASS" missed="1" covered="0"/></class><sourcefile name="PollProgramDaoBean.java"><line nr="28" mi="3" ci="0" mb="0" cb="0"/><line nr="34" mi="5" ci="0" mb="0" cb="0"/><line nr="35" mi="14" ci="0" mb="2" cb="0"/><line nr="36" mi="1" ci="0" mb="0" cb="0"/><line nr="39" mi="4" ci="0" mb="0" cb="0"/><line nr="40" mi="1" ci="0" mb="0" cb="0"/><line nr="43" mi="6" ci="0" mb="0" cb="0"/><line nr="44" mi="2" ci="0" mb="0" cb="0"/><line nr="48" mi="6" ci="0" mb="0" cb="0"/><line nr="49" mi="5" ci="0" mb="0" cb="0"/><line nr="50" mi="3" ci="0" mb="0" cb="0"/><line nr="54" mi="6" ci="0" mb="0" cb="0"/><line nr="55" mi="5" ci="0" mb="0" cb="0"/><line nr="56" mi="3" ci="0" mb="0" cb="0"/><line nr="60" mi="5" ci="0" mb="0" cb="0"/><line nr="65" mi="7" ci="0" mb="0" cb="0"/><line nr="66" mi="1" ci="0" mb="0" cb="0"/><line nr="67" mi="2" ci="0" mb="0" cb="0"/><counter type="INSTRUCTION" missed="79" covered="0"/><counter type="BRANCH" missed="2" covered="0"/><counter type="LINE" missed="18" covered="0"/><counter type="COMPLEXITY" missed="9" covered="0"/><counter type="METHOD" missed="8" covered="0"/><counter type="CLASS" missed="1" covered="0"/></sourcefile><sourcefile name="TerminalDaoBean.java"><line nr="44" mi="3" ci="0" mb="0" cb="0"/><line nr="50" mi="7" ci="0" mb="0" cb="0"/><line nr="55" mi="6" ci="0" mb="0" cb="0"/><line nr="56" mi="5" ci="0" mb="0" cb="0"/><line nr="57" mi="4" ci="0" mb="0" cb="0"/><line nr="58" mi="1" ci="0" mb="0" cb="0"/><line nr="59" mi="2" ci="0" mb="0" cb="0"/><line nr="64" mi="5" ci="0" mb="0" cb="0"/><line nr="65" mi="14" ci="0" mb="2" cb="0"/><line nr="66" mi="1" ci="0" mb="0" cb="0"/><line nr="69" mi="4" ci="0" mb="0" cb="0"/><line nr="70" mi="2" ci="0" mb="0" cb="0"/><line nr="74" mi="5" ci="0" mb="4" cb="0"/><line nr="75" mi="5" ci="0" mb="0" cb="0"/><line nr="76" mi="6" ci="0" mb="0" cb="0"/><line nr="81" mi="6" ci="0" mb="0" cb="0"/><line nr="82" mi="3" ci="0" mb="0" cb="0"/><line nr="86" mi="6" ci="0" mb="0" cb="0"/><line nr="87" mi="1" ci="0" mb="0" cb="0"/><line nr="92" mi="4" ci="0" mb="0" cb="0"/><line nr="93" mi="7" ci="0" mb="0" cb="0"/><line nr="94" mi="8" ci="0" mb="0" cb="0"/><line nr="98" mi="4" ci="0" mb="0" cb="0"/><line nr="99" mi="4" ci="0" mb="0" cb="0"/><line nr="101" mi="5" ci="0" mb="0" cb="0"/><line nr="102" mi="10" ci="0" mb="2" cb="0"/><line nr="103" mi="7" ci="0" mb="0" cb="0"/><line nr="104" mi="4" ci="0" mb="0" cb="0"/><line nr="105" mi="1" ci="0" mb="0" cb="0"/><line nr="106" mi="2" ci="0" mb="0" cb="0"/><line nr="110" mi="4" ci="0" mb="0" cb="0"/><line nr="111" mi="4" ci="0" mb="0" cb="0"/><line nr="113" mi="5" ci="0" mb="0" cb="0"/><line nr="114" mi="2" ci="0" mb="0" cb="0"/><line nr="115" mi="2" ci="0" mb="0" cb="0"/><line nr="117" mi="10" ci="0" mb="2" cb="0"/><line nr="118" mi="7" ci="0" mb="0" cb="0"/><line nr="119" mi="12" ci="0" mb="6" cb="0"/><line nr="120" mi="8" ci="0" mb="4" cb="0"/><line nr="122" mi="3" ci="0" mb="2" cb="0"/><line nr="123" mi="4" ci="0" mb="0" cb="0"/><line nr="125" mi="4" ci="0" mb="0" cb="0"/><line nr="127" mi="2" ci="0" mb="0" cb="0"/><line nr="129" mi="2" ci="0" mb="0" cb="0"/><line nr="130" mi="1" ci="0" mb="0" cb="0"/><line nr="131" mi="2" ci="0" mb="0" cb="0"/><line nr="136" mi="4" ci="0" mb="0" cb="0"/><line nr="137" mi="5" ci="0" mb="0" cb="0"/><line nr="138" mi="2" ci="0" mb="0" cb="0"/><line nr="139" mi="4" ci="0" mb="0" cb="0"/><line nr="140" mi="4" ci="0" mb="0" cb="0"/><line nr="142" mi="3" ci="0" mb="0" cb="0"/><line nr="147" mi="2" ci="0" mb="0" cb="0"/><line nr="148" mi="3" ci="0" mb="2" cb="0"/><line nr="149" mi="5" ci="0" mb="0" cb="0"/><line nr="151" mi="2" ci="0" mb="0" cb="0"/><line nr="152" mi="3" ci="0" mb="2" cb="0"/><line nr="153" mi="5" ci="0" mb="0" cb="0"/><line nr="155" mi="8" ci="0" mb="0" cb="0"/><line nr="156" mi="3" ci="0" mb="0" cb="0"/><line nr="157" mi="3" ci="0" mb="0" cb="0"/><line nr="158" mi="4" ci="0" mb="0" cb="0"/><line nr="159" mi="3" ci="0" mb="0" cb="0"/><line nr="160" mi="2" ci="0" mb="0" cb="0"/><line nr="161" mi="1" ci="0" mb="0" cb="0"/><line nr="162" mi="2" ci="0" mb="0" cb="0"/><line nr="167" mi="8" ci="0" mb="0" cb="0"/><line nr="173" mi="6" ci="0" mb="0" cb="0"/><line nr="174" mi="4" ci="0" mb="4" cb="0"/><line nr="175" mi="10" ci="0" mb="0" cb="0"/><line nr="176" mi="5" ci="0" mb="0" cb="0"/><line nr="180" mi="3" ci="0" mb="0" cb="0"/><line nr="181" mi="4" ci="0" mb="0" cb="0"/><line nr="182" mi="10" ci="0" mb="2" cb="0"/><line nr="184" mi="5" ci="0" mb="0" cb="0"/><line nr="185" mi="13" ci="0" mb="2" cb="0"/><line nr="186" mi="3" ci="0" mb="0" cb="0"/><line nr="187" mi="1" ci="0" mb="0" cb="0"/><line nr="188" mi="8" ci="0" mb="0" cb="0"/><line nr="189" mi="1" ci="0" mb="0" cb="0"/><line nr="190" mi="6" ci="0" mb="0" cb="0"/><line nr="191" mi="1" ci="0" mb="0" cb="0"/><line nr="192" mi="2" ci="0" mb="0" cb="0"/><line nr="197" mi="3" ci="0" mb="0" cb="0"/><line nr="198" mi="4" ci="0" mb="0" cb="0"/><line nr="199" mi="1" ci="0" mb="0" cb="0"/><line nr="202" mi="4" ci="0" mb="0" cb="0"/><line nr="205" mi="4" ci="0" mb="0" cb="0"/><line nr="206" mi="10" ci="0" mb="2" cb="0"/><line nr="207" mi="6" ci="0" mb="2" cb="0"/><line nr="208" mi="4" ci="0" mb="0" cb="0"/><line nr="210" mi="1" ci="0" mb="0" cb="0"/><line nr="211" mi="4" ci="0" mb="0" cb="0"/><line nr="215" mi="4" ci="0" mb="0" cb="0"/><line nr="216" mi="2" ci="0" mb="2" cb="0"/><line nr="217" mi="7" ci="0" mb="0" cb="0"/><line nr="218" mi="5" ci="0" mb="0" cb="0"/><line nr="219" mi="9" ci="0" mb="0" cb="0"/><line nr="220" mi="1" ci="0" mb="0" cb="0"/><line nr="221" mi="6" ci="0" mb="0" cb="0"/><line nr="222" mi="9" ci="0" mb="0" cb="0"/><line nr="224" mi="4" ci="0" mb="2" cb="0"/><line nr="225" mi="6" ci="0" mb="0" cb="0"/><line nr="227" mi="2" ci="0" mb="2" cb="0"/><line nr="228" mi="8" ci="0" mb="0" cb="0"/><line nr="233" mi="2" ci="0" mb="2" cb="0"/><line nr="234" mi="3" ci="0" mb="0" cb="0"/><line nr="236" mi="2" ci="0" mb="0" cb="0"/><line nr="240" mi="2" ci="0" mb="0" cb="0"/><line nr="241" mi="10" ci="0" mb="2" cb="0"/><line nr="242" mi="4" ci="0" mb="2" cb="0"/><line nr="243" mi="2" ci="0" mb="0" cb="0"/><line nr="244" mi="11" ci="0" mb="2" cb="0"/><line nr="245" mi="14" ci="0" mb="0" cb="0"/><line nr="246" mi="1" ci="0" mb="0" cb="0"/><line nr="247" mi="2" ci="0" mb="0" cb="0"/><line nr="248" mi="4" ci="0" mb="0" cb="0"/><line nr="249" mi="7" ci="0" mb="2" cb="0"/><line nr="250" mi="2" ci="0" mb="0" cb="0"/><line nr="251" mi="15" ci="0" mb="0" cb="0"/><line nr="252" mi="6" ci="0" mb="2" cb="0"/><line nr="253" mi="2" ci="0" mb="0" cb="0"/><line nr="254" mi="15" ci="0" mb="0" cb="0"/><line nr="255" mi="6" ci="0" mb="2" cb="0"/><line nr="256" mi="2" ci="0" mb="0" cb="0"/><line nr="257" mi="2" ci="0" mb="0" cb="0"/><line nr="258" mi="11" ci="0" mb="2" cb="0"/><line nr="259" mi="5" ci="0" mb="2" cb="0"/><line nr="260" mi="11" ci="0" mb="0" cb="0"/><line nr="262" mi="10" ci="0" mb="0" cb="0"/><line nr="264" mi="1" ci="0" mb="0" cb="0"/><line nr="265" mi="4" ci="0" mb="0" cb="0"/><line nr="266" mi="7" ci="0" mb="2" cb="0"/><line nr="267" mi="9" ci="0" mb="0" cb="0"/><line nr="268" mi="2" ci="0" mb="0" cb="0"/><line nr="269" mi="9" ci="0" mb="0" cb="0"/><line nr="270" mi="7" ci="0" mb="2" cb="0"/><line nr="271" mi="9" ci="0" mb="0" cb="0"/><line nr="272" mi="2" ci="0" mb="0" cb="0"/><line nr="273" mi="9" ci="0" mb="0" cb="0"/><line nr="274" mi="8" ci="0" mb="2" cb="0"/><line nr="275" mi="5" ci="0" mb="2" cb="0"/><line nr="276" mi="2" ci="0" mb="0" cb="0"/><line nr="277" mi="13" ci="0" mb="0" cb="0"/><line nr="278" mi="6" ci="0" mb="2" cb="0"/><line nr="281" mi="1" ci="0" mb="0" cb="0"/><line nr="282" mi="2" ci="0" mb="2" cb="0"/><line nr="283" mi="5" ci="0" mb="0" cb="0"/><line nr="287" mi="3" ci="0" mb="0" cb="0"/><line nr="291" mi="2" ci="0" mb="2" cb="0"/><line nr="292" mi="3" ci="0" mb="0" cb="0"/><line nr="294" mi="2" ci="0" mb="0" cb="0"/><line nr="297" mi="2" ci="0" mb="0" cb="0"/><line nr="298" mi="10" ci="0" mb="2" cb="0"/><line nr="299" mi="4" ci="0" mb="2" cb="0"/><line nr="300" mi="2" ci="0" mb="0" cb="0"/><line nr="301" mi="11" ci="0" mb="2" cb="0"/><line nr="302" mi="14" ci="0" mb="0" cb="0"/><line nr="303" mi="1" ci="0" mb="0" cb="0"/><line nr="304" mi="2" ci="0" mb="0" cb="0"/><line nr="305" mi="4" ci="0" mb="0" cb="0"/><line nr="306" mi="1" ci="0" mb="0" cb="0"/><line nr="307" mi="2" ci="0" mb="0" cb="0"/><line nr="308" mi="2" ci="0" mb="0" cb="0"/><line nr="309" mi="11" ci="0" mb="2" cb="0"/><line nr="310" mi="10" ci="0" mb="4" cb="0"/><line nr="311" mi="11" ci="0" mb="0" cb="0"/><line nr="313" mi="10" ci="0" mb="0" cb="0"/><line nr="315" mi="1" ci="0" mb="0" cb="0"/><line nr="316" mi="4" ci="0" mb="0" cb="0"/><line nr="318" mi="1" ci="0" mb="0" cb="0"/><line nr="320" mi="2" ci="0" mb="2" cb="0"/><line nr="321" mi="5" ci="0" mb="0" cb="0"/><line nr="324" mi="2" ci="0" mb="0" cb="0"/><line nr="328" mi="11" ci="0" mb="2" cb="0"/><line nr="329" mi="4" ci="0" mb="2" cb="0"/><line nr="330" mi="2" ci="0" mb="0" cb="0"/><line nr="332" mi="1" ci="0" mb="0" cb="0"/><line nr="333" mi="2" ci="0" mb="0" cb="0"/><line nr="337" mi="10" ci="0" mb="2" cb="0"/><line nr="338" mi="5" ci="0" mb="2" cb="0"/><line nr="339" mi="2" ci="0" mb="0" cb="0"/><line nr="341" mi="1" ci="0" mb="0" cb="0"/><line nr="342" mi="2" ci="0" mb="0" cb="0"/><line nr="346" mi="10" ci="0" mb="2" cb="0"/><line nr="347" mi="5" ci="0" mb="2" cb="0"/><line nr="348" mi="2" ci="0" mb="0" cb="0"/><line nr="350" mi="1" ci="0" mb="0" cb="0"/><line nr="351" mi="2" ci="0" mb="0" cb="0"/><line nr="355" mi="4" ci="0" mb="0" cb="0"/><line nr="356" mi="5" ci="0" mb="0" cb="0"/><line nr="357" mi="1" ci="0" mb="0" cb="0"/><line nr="358" mi="2" ci="0" mb="0" cb="0"/><line nr="360" mi="4" ci="0" mb="0" cb="0"/><line nr="362" mi="10" ci="0" mb="2" cb="0"/><line nr="363" mi="3" ci="0" mb="2" cb="0"/><line nr="364" mi="8" ci="0" mb="0" cb="0"/><line nr="366" mi="1" ci="0" mb="0" cb="0"/><line nr="367" mi="6" ci="0" mb="0" cb="0"/><line nr="371" mi="3" ci="0" mb="0" cb="0"/><line nr="372" mi="4" ci="0" mb="0" cb="0"/><line nr="374" mi="7" ci="0" mb="0" cb="0"/><line nr="375" mi="1" ci="0" mb="0" cb="0"/><line nr="376" mi="4" ci="0" mb="0" cb="0"/><line nr="381" mi="4" ci="0" mb="0" cb="0"/><line nr="382" mi="5" ci="0" mb="0" cb="0"/><line nr="383" mi="3" ci="0" mb="2" cb="0"/><line nr="384" mi="10" ci="0" mb="0" cb="0"/><line nr="386" mi="2" ci="0" mb="0" cb="0"/><line nr="390" mi="4" ci="0" mb="0" cb="0"/><line nr="395" mi="5" ci="0" mb="0" cb="0"/><line nr="396" mi="1" ci="0" mb="0" cb="0"/><line nr="397" mi="2" ci="0" mb="0" cb="0"/><line nr="398" mi="1" ci="0" mb="0" cb="0"/><line nr="401" mi="4" ci="0" mb="0" cb="0"/><line nr="402" mi="2" ci="0" mb="0" cb="0"/><line nr="403" mi="5" ci="0" mb="0" cb="0"/><line nr="404" mi="5" ci="0" mb="0" cb="0"/><line nr="405" mi="1" ci="0" mb="0" cb="0"/><line nr="406" mi="3" ci="0" mb="0" cb="0"/><line nr="407" mi="1" ci="0" mb="0" cb="0"/><line nr="408" mi="2" ci="0" mb="0" cb="0"/><line nr="409" mi="1" ci="0" mb="0" cb="0"/><line nr="411" mi="3" ci="0" mb="0" cb="0"/><line nr="415" mi="3" ci="0" mb="0" cb="0"/><line nr="416" mi="1" ci="0" mb="0" cb="0"/><line nr="419" mi="5" ci="0" mb="0" cb="0"/><line nr="443" mi="3" ci="0" mb="0" cb="0"/><line nr="444" mi="4" ci="0" mb="0" cb="0"/><line nr="446" mi="10" ci="0" mb="2" cb="0"/><line nr="447" mi="25" ci="0" mb="0" cb="0"/><line nr="449" mi="13" ci="0" mb="2" cb="0"/><line nr="450" mi="14" ci="0" mb="2" cb="0"/><line nr="451" mi="15" ci="0" mb="2" cb="0"/><line nr="452" mi="1" ci="0" mb="0" cb="0"/><line nr="453" mi="2" ci="0" mb="0" cb="0"/><counter type="INSTRUCTION" missed="1133" covered="0"/><counter type="BRANCH" missed="116" covered="0"/><counter type="LINE" missed="236" covered="0"/><counter type="COMPLEXITY" missed="84" covered="0"/><counter type="METHOD" missed="26" covered="0"/><counter type="CLASS" missed="1" covered="0"/></sourcefile><sourcefile name="PollDaoBean.java"><line nr="32" mi="3" ci="0" mb="0" cb="0"/><line nr="38" mi="5" ci="0" mb="0" cb="0"/><line nr="39" mi="14" ci="0" mb="2" cb="0"/><line nr="40" mi="1" ci="0" mb="0" cb="0"/><line nr="42" mi="4" ci="0" mb="0" cb="0"/><line nr="43" mi="1" ci="0" mb="0" cb="0"/><line nr="46" mi="7" ci="0" mb="0" cb="0"/><line nr="50" mi="6" ci="0" mb="0" cb="0"/><line nr="51" mi="4" ci="0" mb="0" cb="0"/><line nr="52" mi="4" ci="0" mb="0" cb="0"/><line nr="56" mi="6" ci="0" mb="0" cb="0"/><line nr="58" mi="4" ci="0" mb="0" cb="0"/><line nr="60" mi="8" ci="0" mb="2" cb="0"/><line nr="61" mi="7" ci="0" mb="0" cb="0"/><line nr="63" mi="10" ci="0" mb="0" cb="0"/><line nr="64" mi="5" ci="0" mb="0" cb="0"/><line nr="65" mi="3" ci="0" mb="0" cb="0"/><line nr="69" mi="10" ci="0" mb="2" cb="0"/><line nr="70" mi="4" ci="0" mb="0" cb="0"/><line nr="71" mi="6" ci="0" mb="2" cb="0"/><line nr="72" mi="4" ci="0" mb="0" cb="0"/><line nr="73" mi="11" ci="0" mb="2" cb="0"/><line nr="74" mi="3" ci="0" mb="0" cb="0"/><line nr="75" mi="4" ci="0" mb="0" cb="0"/><line nr="76" mi="1" ci="0" mb="0" cb="0"/><line nr="77" mi="5" ci="0" mb="0" cb="0"/><line nr="78" mi="7" ci="0" mb="2" cb="0"/><line nr="79" mi="4" ci="0" mb="0" cb="0"/><line nr="80" mi="11" ci="0" mb="2" cb="0"/><line nr="81" mi="3" ci="0" mb="0" cb="0"/><line nr="82" mi="4" ci="0" mb="0" cb="0"/><line nr="83" mi="1" ci="0" mb="0" cb="0"/><line nr="84" mi="5" ci="0" mb="0" cb="0"/><line nr="85" mi="7" ci="0" mb="2" cb="0"/><line nr="86" mi="4" ci="0" mb="0" cb="0"/><line nr="87" mi="11" ci="0" mb="2" cb="0"/><line nr="88" mi="3" ci="0" mb="0" cb="0"/><line nr="89" mi="4" ci="0" mb="0" cb="0"/><line nr="90" mi="1" ci="0" mb="0" cb="0"/><line nr="91" mi="5" ci="0" mb="0" cb="0"/><line nr="92" mi="1" ci="0" mb="0" cb="0"/><line nr="93" mi="6" ci="0" mb="0" cb="0"/><line nr="95" mi="1" ci="0" mb="0" cb="0"/><line nr="96" mi="1" ci="0" mb="0" cb="0"/><line nr="99" mi="6" ci="0" mb="0" cb="0"/><line nr="100" mi="5" ci="0" mb="0" cb="0"/><line nr="101" mi="5" ci="0" mb="0" cb="0"/><line nr="102" mi="5" ci="0" mb="0" cb="0"/><line nr="103" mi="3" ci="0" mb="0" cb="0"/><counter type="INSTRUCTION" missed="243" covered="0"/><counter type="BRANCH" missed="18" covered="0"/><counter type="LINE" missed="49" covered="0"/><counter type="COMPLEXITY" missed="17" covered="0"/><counter type="METHOD" missed="8" covered="0"/><counter type="CLASS" missed="1" covered="0"/></sourcefile><sourcefile name="MobileTerminalPluginDaoBean.java"><line nr="24" mi="3" ci="0" mb="0" cb="0"/><line nr="30" mi="6" ci="0" mb="0" cb="0"/><line nr="31" mi="3" ci="0" mb="0" cb="0"/><line nr="35" mi="4" ci="0" mb="0" cb="0"/><line nr="36" mi="2" ci="0" mb="0" cb="0"/><line nr="41" mi="6" ci="0" mb="0" cb="0"/><line nr="42" mi="5" ci="0" mb="0" cb="0"/><line nr="43" mi="4" ci="0" mb="0" cb="0"/><line nr="44" mi="2" ci="0" mb="0" cb="0"/><line nr="45" mi="1" ci="0" mb="0" cb="0"/><line nr="46" mi="2" ci="0" mb="0" cb="0"/><line nr="51" mi="6" ci="0" mb="0" cb="0"/><counter type="INSTRUCTION" missed="44" covered="0"/><counter type="LINE" missed="12" covered="0"/><counter type="COMPLEXITY" missed="5" covered="0"/><counter type="METHOD" missed="5" covered="0"/><counter type="CLASS" missed="1" covered="0"/></sourcefile><sourcefile name="ChannelDaoBean.java"><line nr="28" mi="3" ci="0" mb="0" cb="0"/><line nr="34" mi="2" ci="0" mb="2" cb="0"/><line nr="35" mi="4" ci="0" mb="0" cb="0"/><line nr="37" mi="3" ci="0" mb="0" cb="0"/><line nr="38" mi="4" ci="0" mb="0" cb="0"/><line nr="39" mi="10" ci="0" mb="2" cb="0"/><line nr="40" mi="5" ci="0" mb="0" cb="0"/><line nr="41" mi="1" ci="0" mb="0" cb="0"/><line nr="42" mi="6" ci="0" mb="0" cb="0"/><line nr="43" mi="3" ci="0" mb="2" cb="0"/><line nr="44" mi="5" ci="0" mb="0" cb="0"/><line nr="46" mi="3" ci="0" mb="0" cb="0"/><line nr="50" mi="5" ci="0" mb="0" cb="0"/><line nr="51" mi="5" ci="0" mb="0" cb="0"/><line nr="52" mi="4" ci="0" mb="0" cb="0"/><counter type="INSTRUCTION" missed="63" covered="0"/><counter type="BRANCH" missed="6" covered="0"/><counter type="LINE" missed="15" covered="0"/><counter type="COMPLEXITY" missed="6" covered="0"/><counter type="METHOD" missed="3" covered="0"/><counter type="CLASS" missed="1" covered="0"/></sourcefile><counter type="INSTRUCTION" missed="1562" covered="0"/><counter type="BRANCH" missed="142" covered="0"/><counter type="LINE" missed="330" covered="0"/><counter type="COMPLEXITY" missed="121" covered="0"/><counter type="METHOD" missed="50" covered="0"/><counter type="CLASS" missed="5" covered="0"/></package><package name="eu/europa/ec/fisheries/uvms/asset/bean"><class name="eu/europa/ec/fisheries/uvms/asset/bean/AssetConfigHelper" sourcefilename="AssetConfigHelper.java"><method name="&lt;init&gt;" desc="()V" line="24"><counter type="INSTRUCTION" missed="3" covered="0"/><counter type="LINE" missed="1" covered="0"/><counter type="COMPLEXITY" missed="1" covered="0"/><counter type="METHOD" missed="1" covered="0"/></method><method name="getAllParameterKeys" desc="()Ljava/util/List;" line="34"><counter type="INSTRUCTION" missed="27" covered="0"/><counter type="BRANCH" missed="2" covered="0"/><counter type="LINE" missed="4" covered="0"/><counter type="COMPLEXITY" missed="2" covered="0"/><counter type="METHOD" missed="1" covered="0"/></method><method name="getModuleName" desc="()Ljava/lang/String;" line="43"><counter type="INSTRUCTION" missed="2" covered="0"/><counter type="LINE" missed="1" covered="0"/><counter type="COMPLEXITY" missed="1" covered="0"/><counter type="METHOD" missed="1" covered="0"/></method><method name="getEntityManager" desc="()Ljavax/persistence/EntityManager;" line="48"><counter type="INSTRUCTION" missed="3" covered="0"/><counter type="LINE" missed="1" covered="0"/><counter type="COMPLEXITY" missed="1" covered="0"/><counter type="METHOD" missed="1" covered="0"/></method><counter type="INSTRUCTION" missed="35" covered="0"/><counter type="BRANCH" missed="2" covered="0"/><counter type="LINE" missed="7" covered="0"/><counter type="COMPLEXITY" missed="5" covered="0"/><counter type="METHOD" missed="4" covered="0"/><counter type="CLASS" missed="1" covered="0"/></class><class name="eu/europa/ec/fisheries/uvms/asset/bean/AssetServiceBean" sourcefilename="AssetServiceBean.java"><method name="&lt;init&gt;" desc="()V" line="56"><counter type="INSTRUCTION" missed="3" covered="0"/><counter type="LINE" missed="1" covered="0"/><counter type="COMPLEXITY" missed="1" covered="0"/><counter type="METHOD" missed="1" covered="0"/></method><method name="createAsset" desc="(Leu/europa/ec/fisheries/uvms/asset/domain/entity/Asset;Ljava/lang/String;)Leu/europa/ec/fisheries/uvms/asset/domain/entity/Asset;" line="92"><counter type="INSTRUCTION" missed="33" covered="0"/><counter type="LINE" missed="9" covered="0"/><counter type="COMPLEXITY" missed="1" covered="0"/><counter type="METHOD" missed="1" covered="0"/></method><method name="getAssetList" desc="(Leu/europa/ec/fisheries/uvms/asset/remote/dto/search/SearchBranch;IIZ)Leu/europa/ec/fisheries/uvms/asset/dto/AssetListResponse;" line="106"><counter type="INSTRUCTION" missed="62" covered="0"/><counter type="BRANCH" missed="4" covered="0"/><counter type="LINE" missed="14" covered="0"/><counter type="COMPLEXITY" missed="3" covered="0"/><counter type="METHOD" missed="1" covered="0"/></method><method name="getAssetListCount" desc="(Leu/europa/ec/fisheries/uvms/asset/remote/dto/search/SearchBranch;Z)Ljava/lang/Long;" line="127"><counter type="INSTRUCTION" missed="17" covered="0"/><counter type="BRANCH" missed="4" covered="0"/><counter type="LINE" missed="3" covered="0"/><counter type="COMPLEXITY" missed="3" covered="0"/><counter type="METHOD" missed="1" covered="0"/></method><method name="updateAsset" desc="(Leu/europa/ec/fisheries/uvms/asset/domain/entity/Asset;Ljava/lang/String;Ljava/lang/String;)Leu/europa/ec/fisheries/uvms/asset/domain/entity/Asset;" line="134"><counter type="INSTRUCTION" missed="18" covered="0"/><counter type="LINE" missed="4" covered="0"/><counter type="COMPLEXITY" missed="1" covered="0"/><counter type="METHOD" missed="1" covered="0"/></method><method name="populateMTListInAsset" desc="(Leu/europa/ec/fisheries/uvms/asset/domain/entity/Asset;)Leu/europa/ec/fisheries/uvms/asset/domain/entity/Asset;" line="141"><counter type="INSTRUCTION" missed="30" covered="0"/><counter type="BRANCH" missed="6" covered="0"/><counter type="LINE" missed="5" covered="0"/><counter type="COMPLEXITY" missed="4" covered="0"/><counter type="METHOD" missed="1" covered="0"/></method><method name="archiveAsset" desc="(Leu/europa/ec/fisheries/uvms/asset/domain/entity/Asset;Ljava/lang/String;Ljava/lang/String;)Leu/europa/ec/fisheries/uvms/asset/domain/entity/Asset;" line="150"><counter type="INSTRUCTION" missed="35" covered="0"/><counter type="BRANCH" missed="4" covered="0"/><counter type="LINE" missed="8" covered="0"/><counter type="COMPLEXITY" missed="3" covered="0"/><counter type="METHOD" missed="1" covered="0"/></method><method name="unarchiveAsset" desc="(Ljava/util/UUID;Ljava/lang/String;Ljava/lang/String;)Leu/europa/ec/fisheries/uvms/asset/domain/entity/Asset;" line="162"><counter type="INSTRUCTION" missed="23" covered="0"/><counter type="LINE" missed="5" covered="0"/><counter type="COMPLEXITY" missed="1" covered="0"/><counter type="METHOD" missed="1" covered="0"/></method><method name="updateAssetInternal" desc="(Leu/europa/ec/fisheries/uvms/asset/domain/entity/Asset;Ljava/lang/String;Ljava/lang/String;)Leu/europa/ec/fisheries/uvms/asset/domain/entity/Asset;" line="170"><counter type="INSTRUCTION" missed="42" covered="0"/><counter type="BRANCH" missed="2" covered="0"/><counter type="LINE" missed="12" covered="0"/><counter type="COMPLEXITY" missed="2" covered="0"/><counter type="METHOD" missed="1" covered="0"/></method><method name="checkIdentifierNullValues" desc="(Leu/europa/ec/fisheries/uvms/asset/domain/entity/Asset;)V" line="187"><counter type="INSTRUCTION" missed="81" covered="0"/><counter type="BRANCH" missed="32" covered="0"/><counter type="LINE" missed="17" covered="0"/><counter type="COMPLEXITY" missed="17" covered="0"/><counter type="METHOD" missed="1" covered="0"/></method><method name="upsertAsset" desc="(Leu/europa/ec/fisheries/uvms/asset/domain/entity/Asset;Ljava/lang/String;)Leu/europa/ec/fisheries/uvms/asset/domain/entity/Asset;" line="206"><counter type="INSTRUCTION" missed="19" covered="0"/><counter type="BRANCH" missed="2" covered="0"/><counter type="LINE" missed="4" covered="0"/><counter type="COMPLEXITY" missed="2" covered="0"/><counter type="METHOD" missed="1" covered="0"/></method><method name="upsertAssetBO" desc="(Leu/europa/ec/fisheries/uvms/asset/dto/AssetBO;Ljava/lang/String;)Leu/europa/ec/fisheries/uvms/asset/dto/AssetBO;" line="214"><counter type="INSTRUCTION" missed="115" covered="0"/><counter type="BRANCH" missed="18" covered="0"/><counter type="LINE" missed="23" covered="0"/><counter type="COMPLEXITY" missed="10" covered="0"/><counter type="METHOD" missed="1" covered="0"/></method><method name="getAssetById" desc="(Leu/europa/ec/fisheries/uvms/asset/domain/constant/AssetIdentifier;Ljava/lang/String;)Leu/europa/ec/fisheries/uvms/asset/domain/entity/Asset;" line="248"><counter type="INSTRUCTION" missed="14" covered="0"/><counter type="LINE" missed="3" covered="0"/><counter type="COMPLEXITY" missed="1" covered="0"/><counter type="METHOD" missed="1" covered="0"/></method><method name="getAssetFromAssetIdAtDate" desc="(Leu/europa/ec/fisheries/uvms/asset/domain/constant/AssetIdentifier;Ljava/lang/String;Ljava/time/Instant;)Leu/europa/ec/fisheries/uvms/asset/domain/entity/Asset;" line="254"><counter type="INSTRUCTION" missed="44" covered="0"/><counter type="BRANCH" missed="6" covered="0"/><counter type="LINE" missed="12" covered="0"/><counter type="COMPLEXITY" missed="4" covered="0"/><counter type="METHOD" missed="1" covered="0"/></method><method name="getAssetsAtDate" desc="(Ljava/util/List;Ljava/time/Instant;)Ljava/util/List;" line="271"><counter type="INSTRUCTION" missed="26" covered="0"/><counter type="LINE" missed="4" covered="0"/><counter type="COMPLEXITY" missed="1" covered="0"/><counter type="METHOD" missed="1" covered="0"/></method><method name="getAssetById" desc="(Ljava/util/UUID;)Leu/europa/ec/fisheries/uvms/asset/domain/entity/Asset;" line="278"><counter type="INSTRUCTION" missed="9" covered="0"/><counter type="LINE" missed="2" covered="0"/><counter type="COMPLEXITY" missed="1" covered="0"/><counter type="METHOD" missed="1" covered="0"/></method><method name="deleteAsset" desc="(Leu/europa/ec/fisheries/uvms/asset/domain/constant/AssetIdentifier;Ljava/lang/String;)V" line="284"><counter type="INSTRUCTION" missed="14" covered="0"/><counter type="LINE" missed="4" covered="0"/><counter type="COMPLEXITY" missed="1" covered="0"/><counter type="METHOD" missed="1" covered="0"/></method><method name="getRevisionsForAsset" desc="(Ljava/util/UUID;)Ljava/util/List;" line="290"><counter type="INSTRUCTION" missed="5" covered="0"/><counter type="LINE" missed="1" covered="0"/><counter type="COMPLEXITY" missed="1" covered="0"/><counter type="METHOD" missed="1" covered="0"/></method><method name="getAssetRevisionForRevisionId" desc="(Ljava/util/UUID;)Leu/europa/ec/fisheries/uvms/asset/domain/entity/Asset;" line="294"><counter type="INSTRUCTION" missed="14" covered="0"/><counter type="BRANCH" missed="2" covered="0"/><counter type="LINE" missed="4" covered="0"/><counter type="COMPLEXITY" missed="2" covered="0"/><counter type="METHOD" missed="1" covered="0"/></method><method name="getRevisionsForAssetLimited" desc="(Ljava/util/UUID;Ljava/lang/Integer;)Ljava/util/List;" line="301"><counter type="INSTRUCTION" missed="29" covered="0"/><counter type="BRANCH" missed="2" covered="0"/><counter type="LINE" missed="6" covered="0"/><counter type="COMPLEXITY" missed="2" covered="0"/><counter type="METHOD" missed="1" covered="0"/></method><method name="getNotesForAsset" desc="(Ljava/util/UUID;)Ljava/util/Map;" line="315"><counter type="INSTRUCTION" missed="15" covered="0"/><counter type="LINE" missed="3" covered="0"/><counter type="COMPLEXITY" missed="1" covered="0"/><counter type="METHOD" missed="1" covered="0"/></method><method name="createNoteForAsset" desc="(Ljava/util/UUID;Leu/europa/ec/fisheries/uvms/asset/domain/entity/Note;Ljava/lang/String;)Leu/europa/ec/fisheries/uvms/asset/domain/entity/Note;" line="321"><counter type="INSTRUCTION" missed="25" covered="0"/><counter type="LINE" missed="6" covered="0"/><counter type="COMPLEXITY" missed="1" covered="0"/><counter type="METHOD" missed="1" covered="0"/></method><method name="updateNote" desc="(Leu/europa/ec/fisheries/uvms/asset/domain/entity/Note;Ljava/lang/String;)Leu/europa/ec/fisheries/uvms/asset/domain/entity/Note;" line="330"><counter type="INSTRUCTION" missed="26" covered="0"/><counter type="BRANCH" missed="4" covered="0"/><counter type="LINE" missed="5" covered="0"/><counter type="COMPLEXITY" missed="3" covered="0"/><counter type="METHOD" missed="1" covered="0"/></method><method name="deleteNote" desc="(Ljava/util/UUID;Ljava/lang/String;)V" line="339"><counter type="INSTRUCTION" missed="25" covered="0"/><counter type="BRANCH" missed="2" covered="0"/><counter type="LINE" missed="6" covered="0"/><counter type="COMPLEXITY" missed="2" covered="0"/><counter type="METHOD" missed="1" covered="0"/></method><method name="getContactInfoForAsset" desc="(Ljava/util/UUID;)Ljava/util/List;" line="349"><counter type="INSTRUCTION" missed="16" covered="0"/><counter type="LINE" missed="3" covered="0"/><counter type="COMPLEXITY" missed="1" covered="0"/><counter type="METHOD" missed="1" covered="0"/></method><method name="createContactInfoForAsset" desc="(Ljava/util/UUID;Leu/europa/ec/fisheries/uvms/asset/domain/entity/ContactInfo;Ljava/lang/String;)Leu/europa/ec/fisheries/uvms/asset/domain/entity/ContactInfo;" line="355"><counter type="INSTRUCTION" missed="32" covered="0"/><counter type="BRANCH" missed="2" covered="0"/><counter type="LINE" missed="8" covered="0"/><counter type="COMPLEXITY" missed="2" covered="0"/><counter type="METHOD" missed="1" covered="0"/></method><method name="updateContactInfo" desc="(Leu/europa/ec/fisheries/uvms/asset/domain/entity/ContactInfo;Ljava/lang/String;)Leu/europa/ec/fisheries/uvms/asset/domain/entity/ContactInfo;" line="367"><counter type="INSTRUCTION" missed="34" covered="0"/><counter type="LINE" missed="7" covered="0"/><counter type="COMPLEXITY" missed="1" covered="0"/><counter type="METHOD" missed="1" covered="0"/></method><method name="deleteContactInfo" desc="(Ljava/util/UUID;)V" line="377"><counter type="INSTRUCTION" missed="15" covered="0"/><counter type="LINE" missed="4" covered="0"/><counter type="COMPLEXITY" missed="1" covered="0"/><counter type="METHOD" missed="1" covered="0"/></method><method name="getContactInfoRevisionForAssetHistory" desc="(Ljava/util/UUID;Ljava/time/Instant;)Ljava/util/List;" line="383"><counter type="INSTRUCTION" missed="11" covered="0"/><counter type="LINE" missed="2" covered="0"/><counter type="COMPLEXITY" missed="1" covered="0"/><counter type="METHOD" missed="1" covered="0"/></method><method name="collectAssetMT" desc="(Leu/europa/ec/fisheries/uvms/asset/dto/AssetMTEnrichmentRequest;)Leu/europa/ec/fisheries/uvms/asset/dto/AssetMTEnrichmentResponse;" line="390"><counter type="INSTRUCTION" missed="58" covered="0"/><counter type="BRANCH" missed="6" covered="0"/><counter type="LINE" missed="12" covered="0"/><counter type="COMPLEXITY" missed="4" covered="0"/><counter type="METHOD" missed="1" covered="0"/></method><method name="shouldANewShipBeCreated" desc="(Leu/europa/ec/fisheries/uvms/asset/dto/AssetMTEnrichmentRequest;Leu/europa/ec/fisheries/uvms/asset/domain/entity/Asset;Leu/europa/ec/fisheries/uvms/mobileterminal/model/constants/MobileTerminalTypeEnum;)Z" line="414"><counter type="INSTRUCTION" missed="16" covered="0"/><counter type="BRANCH" missed="8" covered="0"/><counter type="LINE" missed="2" covered="0"/><counter type="COMPLEXITY" missed="5" covered="0"/><counter type="METHOD" missed="1" covered="0"/></method><method name="enrichAssetAndMobileTerminal" desc="(Leu/europa/ec/fisheries/uvms/asset/dto/AssetMTEnrichmentRequest;Leu/europa/ec/fisheries/uvms/asset/dto/AssetMTEnrichmentResponse;Leu/europa/ec/fisheries/uvms/mobileterminal/entity/MobileTerminal;Leu/europa/ec/fisheries/uvms/asset/domain/entity/Asset;)V" line="421"><counter type="INSTRUCTION" missed="16" covered="0"/><counter type="BRANCH" missed="4" covered="0"/><counter type="LINE" missed="5" covered="0"/><counter type="COMPLEXITY" missed="3" covered="0"/><counter type="METHOD" missed="1" covered="0"/></method><method name="enrichAssetFilter" desc="(Leu/europa/ec/fisheries/uvms/asset/dto/AssetMTEnrichmentResponse;Leu/europa/ec/fisheries/uvms/asset/domain/entity/Asset;)V" line="430"><counter type="INSTRUCTION" missed="35" covered="0"/><counter type="BRANCH" missed="4" covered="0"/><counter type="LINE" missed="9" covered="0"/><counter type="COMPLEXITY" missed="3" covered="0"/><counter type="METHOD" missed="1" covered="0"/></method><method name="getTransponderType" desc="(Leu/europa/ec/fisheries/uvms/asset/dto/AssetMTEnrichmentRequest;)Leu/europa/ec/fisheries/uvms/mobileterminal/model/constants/MobileTerminalTypeEnum;" line="443"><counter type="INSTRUCTION" missed="7" covered="0"/><counter type="LINE" missed="3" covered="0"/><counter type="COMPLEXITY" missed="1" covered="0"/><counter type="METHOD" missed="1" covered="0"/></method><method name="enrichmentHelper" desc="(Leu/europa/ec/fisheries/uvms/asset/dto/AssetMTEnrichmentResponse;Leu/europa/ec/fisheries/uvms/asset/domain/entity/Asset;)Leu/europa/ec/fisheries/uvms/asset/dto/AssetMTEnrichmentResponse;" line="450"><counter type="INSTRUCTION" missed="68" covered="0"/><counter type="BRANCH" missed="6" covered="0"/><counter type="LINE" missed="13" covered="0"/><counter type="COMPLEXITY" missed="4" covered="0"/><counter type="METHOD" missed="1" covered="0"/></method><method name="enrichmentHelper" desc="(Leu/europa/ec/fisheries/uvms/asset/dto/AssetMTEnrichmentRequest;Leu/europa/ec/fisheries/uvms/asset/dto/AssetMTEnrichmentResponse;Leu/europa/ec/fisheries/uvms/mobileterminal/entity/MobileTerminal;)Leu/europa/ec/fisheries/uvms/asset/dto/AssetMTEnrichmentResponse;" line="468"><counter type="INSTRUCTION" missed="82" covered="0"/><counter type="BRANCH" missed="12" covered="0"/><counter type="LINE" missed="17" covered="0"/><counter type="COMPLEXITY" missed="7" covered="0"/><counter type="METHOD" missed="1" covered="0"/></method><method name="getChannelGuid" desc="(Leu/europa/ec/fisheries/uvms/mobileterminal/entity/MobileTerminal;Leu/europa/ec/fisheries/uvms/asset/dto/AssetMTEnrichmentRequest;)Ljava/lang/String;" line="493"><counter type="INSTRUCTION" missed="50" covered="0"/><counter type="BRANCH" missed="6" covered="0"/><counter type="LINE" missed="15" covered="0"/><counter type="COMPLEXITY" missed="4" covered="0"/><counter type="METHOD" missed="1" covered="0"/></method><method name="createAssetId" desc="(Leu/europa/ec/fisheries/uvms/asset/domain/entity/Asset;)Ljava/util/Map;" line="516"><counter type="INSTRUCTION" missed="117" covered="0"/><counter type="BRANCH" missed="32" covered="0"/><counter type="LINE" missed="20" covered="0"/><counter type="COMPLEXITY" missed="17" covered="0"/><counter type="METHOD" missed="1" covered="0"/></method><method name="createAssetId" desc="(Leu/europa/ec/fisheries/uvms/asset/dto/AssetMTEnrichmentRequest;)Ljava/util/Map;" line="549"><counter type="INSTRUCTION" missed="107" covered="0"/><counter type="BRANCH" missed="30" covered="0"/><counter type="LINE" missed="18" covered="0"/><counter type="COMPLEXITY" missed="16" covered="0"/><counter type="METHOD" missed="1" covered="0"/></method><method name="getAssetByCfrIrcsOrMmsi" desc="(Ljava/util/Map;)Leu/europa/ec/fisheries/uvms/asset/domain/entity/Asset;" line="579"><counter type="INSTRUCTION" missed="58" covered="0"/><counter type="BRANCH" missed="14" covered="0"/><counter type="LINE" missed="14" covered="0"/><counter type="COMPLEXITY" missed="8" covered="0"/><counter type="METHOD" missed="1" covered="0"/></method><method name="normalizeAssetOnMMSI_IRCS" desc="(Ljava/lang/String;Ljava/lang/String;Ljava/lang/String;)Leu/europa/ec/fisheries/uvms/asset/domain/entity/Asset;" line="612"><counter type="INSTRUCTION" missed="129" covered="0"/><counter type="BRANCH" missed="18" covered="0"/><counter type="LINE" missed="29" covered="0"/><counter type="COMPLEXITY" missed="10" covered="0"/><counter type="METHOD" missed="1" covered="0"/></method><method name="createAssetRemapMapping" desc="(Ljava/util/UUID;Ljava/util/UUID;)Leu/europa/ec/fisheries/uvms/asset/domain/entity/AssetRemapMapping;" line="653"><counter type="INSTRUCTION" missed="15" covered="0"/><counter type="LINE" missed="5" covered="0"/><counter type="COMPLEXITY" missed="1" covered="0"/><counter type="METHOD" missed="1" covered="0"/></method><method name="remapAssetsInMovement" desc="(Ljava/lang/String;Ljava/lang/String;)I" line="662"><counter type="INSTRUCTION" missed="69" covered="0"/><counter type="BRANCH" missed="2" covered="0"/><counter type="LINE" missed="13" covered="0"/><counter type="COMPLEXITY" missed="2" covered="0"/><counter type="METHOD" missed="1" covered="0"/></method><method name="removeMovementConnectInMovement" desc="(Ljava/lang/String;)V" line="683"><counter type="INSTRUCTION" missed="49" covered="0"/><counter type="BRANCH" missed="2" covered="0"/><counter type="LINE" missed="12" covered="0"/><counter type="COMPLEXITY" missed="2" covered="0"/><counter type="METHOD" missed="1" covered="0"/></method><method name="assetInformation" desc="(Leu/europa/ec/fisheries/uvms/asset/domain/entity/Asset;Ljava/lang/String;)V" line="702"><counter type="INSTRUCTION" missed="169" covered="0"/><counter type="BRANCH" missed="50" covered="0"/><counter type="LINE" missed="32" covered="0"/><counter type="COMPLEXITY" missed="26" covered="0"/><counter type="METHOD" missed="1" covered="0"/></method><method name="getInitialDataForRealtime" desc="(Ljava/util/List;)Ljava/util/List;" line="751"><counter type="INSTRUCTION" missed="27" covered="0"/><counter type="BRANCH" missed="2" covered="0"/><counter type="LINE" missed="5" covered="0"/><counter type="COMPLEXITY" missed="2" covered="0"/><counter type="METHOD" missed="1" covered="0"/></method><method name="getNoteById" desc="(Ljava/util/UUID;)Leu/europa/ec/fisheries/uvms/asset/domain/entity/Note;" line="759"><counter type="INSTRUCTION" missed="12" covered="0"/><counter type="LINE" missed="3" covered="0"/><counter type="COMPLEXITY" missed="1" covered="0"/><counter type="METHOD" missed="1" covered="0"/></method><method name="addLicenceToAsset" desc="(Ljava/util/UUID;Leu/europa/ec/fisheries/uvms/asset/domain/entity/FishingLicence;)V" line="765"><counter type="INSTRUCTION" missed="57" covered="0"/><counter type="BRANCH" missed="8" covered="0"/><counter type="LINE" missed="18" covered="0"/><counter type="COMPLEXITY" missed="5" covered="0"/><counter type="METHOD" missed="1" covered="0"/></method><method name="createFishingLicence" desc="(Leu/europa/ec/fisheries/uvms/asset/domain/entity/FishingLicence;)Leu/europa/ec/fisheries/uvms/asset/domain/entity/FishingLicence;" line="788"><counter type="INSTRUCTION" missed="6" covered="0"/><counter type="LINE" missed="2" covered="0"/><counter type="COMPLEXITY" missed="1" covered="0"/><counter type="METHOD" missed="1" covered="0"/></method><method name="deleteFishingLicense" desc="(Leu/europa/ec/fisheries/uvms/asset/domain/entity/FishingLicence;)V" line="793"><counter type="INSTRUCTION" missed="5" covered="0"/><counter type="LINE" missed="2" covered="0"/><counter type="COMPLEXITY" missed="1" covered="0"/><counter type="METHOD" missed="1" covered="0"/></method><method name="getFishingLicenceByAssetId" desc="(Ljava/util/UUID;)Leu/europa/ec/fisheries/uvms/asset/domain/entity/FishingLicence;" line="798"><counter type="INSTRUCTION" missed="14" covered="0"/><counter type="LINE" missed="5" covered="0"/><counter type="COMPLEXITY" missed="1" covered="0"/><counter type="METHOD" missed="1" covered="0"/></method><method name="nullValidation" desc="(Ljava/lang/Object;Ljava/lang/String;)V" line="807"><counter type="INSTRUCTION" missed="8" covered="0"/><counter type="BRANCH" missed="2" covered="0"/><counter type="LINE" missed="2" covered="0"/><counter type="COMPLEXITY" missed="2" covered="0"/><counter type="METHOD" missed="1" covered="0"/></method><method name="lambda$getRevisionsForAssetLimited$7" desc="(Leu/europa/ec/fisheries/uvms/asset/domain/entity/Asset;)V" line="304"><counter type="INSTRUCTION" missed="8" covered="0"/><counter type="BRANCH" missed="2" covered="0"/><counter type="LINE" missed="3" covered="0"/><counter type="COMPLEXITY" missed="2" covered="0"/><counter type="METHOD" missed="1" covered="0"/></method><method name="lambda$getAssetsAtDate$6" desc="(Ljava/util/Map;Ljava/util/UUID;)V" line="273"><counter type="INSTRUCTION" missed="7" covered="0"/><counter type="LINE" missed="1" covered="0"/><counter type="COMPLEXITY" missed="1" covered="0"/><counter type="METHOD" missed="1" covered="0"/></method><method name="lambda$getAssetsAtDate$5" desc="(Ljava/util/UUID;)Leu/europa/ec/fisheries/uvms/asset/domain/entity/Asset;" line="273"><counter type="INSTRUCTION" missed="5" covered="0"/><counter type="LINE" missed="1" covered="0"/><counter type="COMPLEXITY" missed="1" covered="0"/><counter type="METHOD" missed="1" covered="0"/></method><method name="lambda$upsertAssetBO$4" desc="(Ljava/util/UUID;Ljava/lang/String;Leu/europa/ec/fisheries/uvms/asset/domain/entity/Note;)V" line="241"><counter type="INSTRUCTION" missed="7" covered="0"/><counter type="LINE" missed="1" covered="0"/><counter type="COMPLEXITY" missed="1" covered="0"/><counter type="METHOD" missed="1" covered="0"/></method><method name="lambda$upsertAssetBO$3" desc="(Ljava/util/UUID;Ljava/lang/String;Leu/europa/ec/fisheries/uvms/asset/domain/entity/ContactInfo;)V" line="238"><counter type="INSTRUCTION" missed="7" covered="0"/><counter type="LINE" missed="1" covered="0"/><counter type="COMPLEXITY" missed="1" covered="0"/><counter type="METHOD" missed="1" covered="0"/></method><method name="lambda$upsertAssetBO$2" desc="(Leu/europa/ec/fisheries/uvms/asset/domain/entity/ContactInfo;)V" line="237"><counter type="INSTRUCTION" missed="5" covered="0"/><counter type="LINE" missed="1" covered="0"/><counter type="COMPLEXITY" missed="1" covered="0"/><counter type="METHOD" missed="1" covered="0"/></method><method name="lambda$updateAssetInternal$1" desc="(Leu/europa/ec/fisheries/uvms/mobileterminal/entity/MobileTerminal;)V" line="182"><counter type="INSTRUCTION" missed="4" covered="0"/><counter type="LINE" missed="1" covered="0"/><counter type="COMPLEXITY" missed="1" covered="0"/><counter type="METHOD" missed="1" covered="0"/></method><method name="lambda$getAssetList$0" desc="(Leu/europa/ec/fisheries/uvms/asset/domain/entity/Asset;)V" line="118"><counter type="INSTRUCTION" missed="5" covered="0"/><counter type="LINE" missed="1" covered="0"/><counter type="COMPLEXITY" missed="1" covered="0"/><counter type="METHOD" missed="1" covered="0"/></method><method name="&lt;clinit&gt;" desc="()V" line="58"><counter type="INSTRUCTION" missed="4" covered="0"/><counter type="LINE" missed="1" covered="0"/><counter type="COMPLEXITY" missed="1" covered="0"/><counter type="METHOD" missed="1" covered="0"/></method><counter type="INSTRUCTION" missed="2058" covered="0"/><counter type="BRANCH" missed="298" covered="0"/><counter type="LINE" missed="445" covered="0"/><counter type="COMPLEXITY" missed="210" covered="0"/><counter type="METHOD" missed="61" covered="0"/><counter type="CLASS" missed="1" covered="0"/></class><class name="eu/europa/ec/fisheries/uvms/asset/bean/CustomCodesServiceBean" sourcefilename="CustomCodesServiceBean.java"><method name="&lt;init&gt;" desc="()V" line="24"><counter type="INSTRUCTION" missed="3" covered="0"/><counter type="LINE" missed="1" covered="0"/><counter type="COMPLEXITY" missed="1" covered="0"/><counter type="METHOD" missed="1" covered="0"/></method><method name="create" desc="(Ljava/lang/String;Ljava/lang/String;Ljava/time/Instant;Ljava/time/Instant;Ljava/lang/String;)Leu/europa/ec/fisheries/uvms/asset/domain/entity/CustomCode;" line="38"><counter type="INSTRUCTION" missed="47" covered="0"/><counter type="BRANCH" missed="4" covered="0"/><counter type="LINE" missed="10" covered="0"/><counter type="COMPLEXITY" missed="3" covered="0"/><counter type="METHOD" missed="1" covered="0"/></method><method name="create" desc="(Leu/europa/ec/fisheries/uvms/asset/domain/entity/CustomCode;)Leu/europa/ec/fisheries/uvms/asset/domain/entity/CustomCode;" line="58"><counter type="INSTRUCTION" missed="12" covered="0"/><counter type="BRANCH" missed="2" covered="0"/><counter type="LINE" missed="3" covered="0"/><counter type="COMPLEXITY" missed="2" covered="0"/><counter type="METHOD" missed="1" covered="0"/></method><method name="get" desc="(Ljava/lang/String;Ljava/lang/String;Ljava/time/Instant;Ljava/time/Instant;)Leu/europa/ec/fisheries/uvms/asset/domain/entity/CustomCode;" line="72"><counter type="INSTRUCTION" missed="20" covered="0"/><counter type="LINE" missed="3" covered="0"/><counter type="COMPLEXITY" missed="1" covered="0"/><counter type="METHOD" missed="1" covered="0"/></method><method name="get" desc="(Leu/europa/ec/fisheries/uvms/asset/domain/entity/CustomCodesPK;)Leu/europa/ec/fisheries/uvms/asset/domain/entity/CustomCode;" line="78"><counter type="INSTRUCTION" missed="12" covered="0"/><counter type="BRANCH" missed="2" covered="0"/><counter type="LINE" missed="3" covered="0"/><counter type="COMPLEXITY" missed="2" covered="0"/><counter type="METHOD" missed="1" covered="0"/></method><method name="exists" desc="(Ljava/lang/String;Ljava/lang/String;Ljava/time/Instant;Ljava/time/Instant;)Ljava/lang/Boolean;" line="92"><counter type="INSTRUCTION" missed="20" covered="0"/><counter type="LINE" missed="3" covered="0"/><counter type="COMPLEXITY" missed="1" covered="0"/><counter type="METHOD" missed="1" covered="0"/></method><method name="update" desc="(Ljava/lang/String;Ljava/lang/String;Ljava/time/Instant;Ljava/time/Instant;Ljava/lang/String;)Leu/europa/ec/fisheries/uvms/asset/domain/entity/CustomCode;" line="106"><counter type="INSTRUCTION" missed="21" covered="0"/><counter type="LINE" missed="3" covered="0"/><counter type="COMPLEXITY" missed="1" covered="0"/><counter type="METHOD" missed="1" covered="0"/></method><method name="delete" desc="(Ljava/lang/String;Ljava/lang/String;Ljava/time/Instant;Ljava/time/Instant;)V" line="118"><counter type="INSTRUCTION" missed="20" covered="0"/><counter type="LINE" missed="4" covered="0"/><counter type="COMPLEXITY" missed="1" covered="0"/><counter type="METHOD" missed="1" covered="0"/></method><method name="getAllFor" desc="(Ljava/lang/String;)Ljava/util/List;" line="124"><counter type="INSTRUCTION" missed="23" covered="0"/><counter type="BRANCH" missed="4" covered="0"/><counter type="LINE" missed="5" covered="0"/><counter type="COMPLEXITY" missed="3" covered="0"/><counter type="METHOD" missed="1" covered="0"/></method><method name="deleteAllFor" desc="(Ljava/lang/String;)V" line="134"><counter type="INSTRUCTION" missed="23" covered="0"/><counter type="BRANCH" missed="4" covered="0"/><counter type="LINE" missed="6" covered="0"/><counter type="COMPLEXITY" missed="3" covered="0"/><counter type="METHOD" missed="1" covered="0"/></method><method name="getAllConstants" desc="()Ljava/util/List;" line="144"><counter type="INSTRUCTION" missed="4" covered="0"/><counter type="LINE" missed="1" covered="0"/><counter type="COMPLEXITY" missed="1" covered="0"/><counter type="METHOD" missed="1" covered="0"/></method><method name="getForDate" desc="(Ljava/lang/String;Ljava/lang/String;Ljava/time/Instant;)Ljava/util/List;" line="148"><counter type="INSTRUCTION" missed="12" covered="0"/><counter type="LINE" missed="2" covered="0"/><counter type="COMPLEXITY" missed="1" covered="0"/><counter type="METHOD" missed="1" covered="0"/></method><method name="verify" desc="(Ljava/lang/String;Ljava/lang/String;Ljava/time/Instant;)Ljava/lang/Boolean;" line="153"
[...]
76" mi="8" ci="0" mb="0" cb="0"/><line nr="277" mi="1" ci="0" mb="0" cb="0"/><line nr="278" mi="6" ci="0" mb="0" cb="0"/><line nr="279" mi="2" ci="0" mb="0" cb="0"/><line nr="289" mi="4" ci="0" mb="0" cb="0"/><line nr="290" mi="3" ci="0" mb="0" cb="0"/><line nr="291" mi="5" ci="0" mb="0" cb="0"/><line nr="292" mi="8" ci="0" mb="0" cb="0"/><line nr="293" mi="1" ci="0" mb="0" cb="0"/><line nr="294" mi="6" ci="0" mb="0" cb="0"/><line nr="295" mi="2" ci="0" mb="0" cb="0"/><line nr="305" mi="5" ci="0" mb="0" cb="0"/><line nr="306" mi="5" ci="0" mb="0" cb="0"/><line nr="307" mi="8" ci="0" mb="0" cb="0"/><line nr="308" mi="1" ci="0" mb="0" cb="0"/><line nr="309" mi="6" ci="0" mb="0" cb="0"/><line nr="310" mi="2" ci="0" mb="0" cb="0"/><line nr="320" mi="3" ci="0" mb="0" cb="0"/><line nr="322" mi="7" ci="0" mb="0" cb="0"/><line nr="323" mi="3" ci="0" mb="0" cb="0"/><line nr="324" mi="5" ci="0" mb="0" cb="0"/><line nr="325" mi="8" ci="0" mb="0" cb="0"/><line nr="326" mi="1" ci="0" mb="0" cb="0"/><line nr="327" mi="6" ci="0" mb="0" cb="0"/><line nr="328" mi="2" ci="0" mb="0" cb="0"/><line nr="337" mi="5" ci="0" mb="0" cb="0"/><line nr="338" mi="8" ci="0" mb="0" cb="0"/><line nr="339" mi="1" ci="0" mb="0" cb="0"/><line nr="340" mi="6" ci="0" mb="0" cb="0"/><line nr="341" mi="2" ci="0" mb="0" cb="0"/><counter type="INSTRUCTION" missed="618" covered="7"/><counter type="BRANCH" missed="14" covered="0"/><counter type="LINE" missed="125" covered="2"/><counter type="COMPLEXITY" missed="23" covered="2"/><counter type="METHOD" missed="16" covered="2"/><counter type="CLASS" missed="0" covered="1"/></sourcefile><counter type="INSTRUCTION" missed="949" covered="7"/><counter type="BRANCH" missed="14" covered="0"/><counter type="LINE" missed="204" covered="2"/><counter type="COMPLEXITY" missed="39" covered="2"/><counter type="METHOD" missed="32" covered="2"/><counter type="CLASS" missed="2" covered="1"/></package><package name="eu/europa/ec/fisheries/uvms/mobileterminal/constants"><class name="eu/europa/ec/fisheries/uvms/mobileterminal/constants/MobileTerminalConfigType" sourcefilename="MobileTerminalConfigType.java"><method name="&lt;clinit&gt;" desc="()V" line="14"><counter type="INSTRUCTION" missed="0" covered="34"/><counter type="LINE" missed="0" covered="4"/><counter type="COMPLEXITY" missed="0" covered="1"/><counter type="METHOD" missed="0" covered="1"/></method><counter type="INSTRUCTION" missed="0" covered="34"/><counter type="LINE" missed="0" covered="4"/><counter type="COMPLEXITY" missed="0" covered="1"/><counter type="METHOD" missed="0" covered="1"/><counter type="CLASS" missed="0" covered="1"/></class><class name="eu/europa/ec/fisheries/uvms/mobileterminal/constants/ChannelFieldIridium" sourcefilename="ChannelFieldIridium.java"><method name="getAttribute" desc="(Ljava/lang/String;)Leu/europa/ec/fisheries/uvms/mobileterminal/constants/ChannelFieldIridium;" line="28"><counter type="INSTRUCTION" missed="31" covered="0"/><counter type="BRANCH" missed="4" covered="0"/><counter type="LINE" missed="4" covered="0"/><counter type="COMPLEXITY" missed="3" covered="0"/><counter type="METHOD" missed="1" covered="0"/></method><method name="&lt;clinit&gt;" desc="()V" line="17"><counter type="INSTRUCTION" missed="0" covered="84"/><counter type="LINE" missed="0" covered="9"/><counter type="COMPLEXITY" missed="0" covered="1"/><counter type="METHOD" missed="0" covered="1"/></method><counter type="INSTRUCTION" missed="31" covered="84"/><counter type="BRANCH" missed="4" covered="0"/><counter type="LINE" missed="4" covered="9"/><counter type="COMPLEXITY" missed="3" covered="1"/><counter type="METHOD" missed="1" covered="1"/><counter type="CLASS" missed="0" covered="1"/></class><class name="eu/europa/ec/fisheries/uvms/mobileterminal/constants/AttributeIridium" sourcefilename="AttributeIridium.java"><method name="getAttribute" desc="(Ljava/lang/String;)Leu/europa/ec/fisheries/uvms/mobileterminal/constants/AttributeIridium;" line="22"><counter type="INSTRUCTION" missed="31" covered="0"/><counter type="BRANCH" missed="4" covered="0"/><counter type="LINE" missed="4" covered="0"/><counter type="COMPLEXITY" missed="3" covered="0"/><counter type="METHOD" missed="1" covered="0"/></method><method name="&lt;clinit&gt;" desc="()V" line="17"><counter type="INSTRUCTION" missed="0" covered="14"/><counter type="LINE" missed="0" covered="2"/><counter type="COMPLEXITY" missed="0" covered="1"/><counter type="METHOD" missed="0" covered="1"/></method><counter type="INSTRUCTION" missed="31" covered="14"/><counter type="BRANCH" missed="4" covered="0"/><counter type="LINE" missed="4" covered="2"/><counter type="COMPLEXITY" missed="3" covered="1"/><counter type="METHOD" missed="1" covered="1"/><counter type="CLASS" missed="0" covered="1"/></class><class name="eu/europa/ec/fisheries/uvms/mobileterminal/constants/AttributeInmarsatC" sourcefilename="AttributeInmarsatC.java"><method name="getAttribute" desc="(Ljava/lang/String;)Leu/europa/ec/fisheries/uvms/mobileterminal/constants/AttributeInmarsatC;" line="28"><counter type="INSTRUCTION" missed="31" covered="0"/><counter type="BRANCH" missed="4" covered="0"/><counter type="LINE" missed="4" covered="0"/><counter type="COMPLEXITY" missed="3" covered="0"/><counter type="METHOD" missed="1" covered="0"/></method><method name="&lt;clinit&gt;" desc="()V" line="17"><counter type="INSTRUCTION" missed="0" covered="84"/><counter type="LINE" missed="0" covered="9"/><counter type="COMPLEXITY" missed="0" covered="1"/><counter type="METHOD" missed="0" covered="1"/></method><counter type="INSTRUCTION" missed="31" covered="84"/><counter type="BRANCH" missed="4" covered="0"/><counter type="LINE" missed="4" covered="9"/><counter type="COMPLEXITY" missed="3" covered="1"/><counter type="METHOD" missed="1" covered="1"/><counter type="CLASS" missed="0" covered="1"/></class><class name="eu/europa/ec/fisheries/uvms/mobileterminal/constants/ChannelFieldInmarsatC" sourcefilename="ChannelFieldInmarsatC.java"><method name="getAttribute" desc="(Ljava/lang/String;)Leu/europa/ec/fisheries/uvms/mobileterminal/constants/ChannelFieldInmarsatC;" line="29"><counter type="INSTRUCTION" missed="31" covered="0"/><counter type="BRANCH" missed="4" covered="0"/><counter type="LINE" missed="4" covered="0"/><counter type="COMPLEXITY" missed="3" covered="0"/><counter type="METHOD" missed="1" covered="0"/></method><method name="&lt;clinit&gt;" desc="()V" line="15"><counter type="INSTRUCTION" missed="0" covered="114"/><counter type="LINE" missed="0" covered="12"/><counter type="COMPLEXITY" missed="0" covered="1"/><counter type="METHOD" missed="0" covered="1"/></method><counter type="INSTRUCTION" missed="31" covered="114"/><counter type="BRANCH" missed="4" covered="0"/><counter type="LINE" missed="4" covered="12"/><counter type="COMPLEXITY" missed="3" covered="1"/><counter type="METHOD" missed="1" covered="1"/><counter type="CLASS" missed="0" covered="1"/></class><class name="eu/europa/ec/fisheries/uvms/mobileterminal/constants/MobileTerminalConstants" sourcefilename="MobileTerminalConstants.java"><method name="&lt;init&gt;" desc="()V" line="14"><counter type="INSTRUCTION" missed="3" covered="0"/><counter type="LINE" missed="1" covered="0"/><counter type="COMPLEXITY" missed="1" covered="0"/><counter type="METHOD" missed="1" covered="0"/></method><counter type="INSTRUCTION" missed="3" covered="0"/><counter type="LINE" missed="1" covered="0"/><counter type="COMPLEXITY" missed="1" covered="0"/><counter type="METHOD" missed="1" covered="0"/><counter type="CLASS" missed="1" covered="0"/></class><class name="eu/europa/ec/fisheries/uvms/mobileterminal/constants/CapabilitiesIridium" sourcefilename="CapabilitiesIridium.java"><method name="&lt;init&gt;" desc="()V" line="17"><counter type="INSTRUCTION" missed="3" covered="0"/><counter type="LINE" missed="1" covered="0"/><counter type="COMPLEXITY" missed="1" covered="0"/><counter type="METHOD" missed="1" covered="0"/></method><method name="getCapability" desc="(Leu/europa/ec/fisheries/uvms/mobileterminal/entity/types/TerminalCapability;)Z" line="20"><counter type="INSTRUCTION" missed="4" covered="21"/><counter type="BRANCH" missed="2" covered="8"/><counter type="LINE" missed="2" covered="9"/><counter type="COMPLEXITY" missed="2" covered="7"/><counter type="METHOD" missed="0" covered="1"/></method><counter type="INSTRUCTION" missed="7" covered="21"/><counter type="BRANCH" missed="2" covered="8"/><counter type="LINE" missed="3" covered="9"/><counter type="COMPLEXITY" missed="3" covered="7"/><counter type="METHOD" missed="1" covered="1"/><counter type="CLASS" missed="0" covered="1"/></class><class name="eu/europa/ec/fisheries/uvms/mobileterminal/constants/CapabilitiesInmarsatC" sourcefilename="CapabilitiesInmarsatC.java"><method name="&lt;init&gt;" desc="()V" line="17"><counter type="INSTRUCTION" missed="3" covered="0"/><counter type="LINE" missed="1" covered="0"/><counter type="COMPLEXITY" missed="1" covered="0"/><counter type="METHOD" missed="1" covered="0"/></method><method name="getCapability" desc="(Leu/europa/ec/fisheries/uvms/mobileterminal/entity/types/TerminalCapability;)Z" line="20"><counter type="INSTRUCTION" missed="4" covered="21"/><counter type="BRANCH" missed="2" covered="8"/><counter type="LINE" missed="2" covered="9"/><counter type="COMPLEXITY" missed="2" covered="7"/><counter type="METHOD" missed="0" covered="1"/></method><counter type="INSTRUCTION" missed="7" covered="21"/><counter type="BRANCH" missed="2" covered="8"/><counter type="LINE" missed="3" covered="9"/><counter type="COMPLEXITY" missed="3" covered="7"/><counter type="METHOD" missed="1" covered="1"/><counter type="CLASS" missed="0" covered="1"/></class><sourcefile name="MobileTerminalConstants.java"><line nr="14" mi="3" ci="0" mb="0" cb="0"/><counter type="INSTRUCTION" missed="3" covered="0"/><counter type="LINE" missed="1" covered="0"/><counter type="COMPLEXITY" missed="1" covered="0"/><counter type="METHOD" missed="1" covered="0"/><counter type="CLASS" missed="1" covered="0"/></sourcefile><sourcefile name="MobileTerminalConfigType.java"><line nr="14" mi="0" ci="16" mb="0" cb="0"/><line nr="15" mi="0" ci="6" mb="0" cb="0"/><line nr="16" mi="0" ci="6" mb="0" cb="0"/><line nr="17" mi="0" ci="6" mb="0" cb="0"/><counter type="INSTRUCTION" missed="0" covered="34"/><counter type="LINE" missed="0" covered="4"/><counter type="COMPLEXITY" missed="0" covered="1"/><counter type="METHOD" missed="0" covered="1"/><counter type="CLASS" missed="0" covered="1"/></sourcefile><sourcefile name="CapabilitiesIridium.java"><line nr="17" mi="3" ci="0" mb="0" cb="0"/><line nr="20" mi="0" ci="2" mb="1" cb="1"/><line nr="21" mi="0" ci="5" mb="1" cb="7"/><line nr="23" mi="0" ci="2" mb="0" cb="0"/><line nr="25" mi="0" ci="2" mb="0" cb="0"/><line nr="27" mi="0" ci="2" mb="0" cb="0"/><line nr="29" mi="0" ci="2" mb="0" cb="0"/><line nr="31" mi="0" ci="2" mb="0" cb="0"/><line nr="33" mi="0" ci="2" mb="0" cb="0"/><line nr="35" mi="0" ci="2" mb="0" cb="0"/><line nr="37" mi="2" ci="0" mb="0" cb="0"/><line nr="40" mi="2" ci="0" mb="0" cb="0"/><counter type="INSTRUCTION" missed="7" covered="21"/><counter type="BRANCH" missed="2" covered="8"/><counter type="LINE" missed="3" covered="9"/><counter type="COMPLEXITY" missed="3" covered="7"/><counter type="METHOD" missed="1" covered="1"/><counter type="CLASS" missed="0" covered="1"/></sourcefile><sourcefile name="ChannelFieldInmarsatC.java"><line nr="15" mi="0" ci="48" mb="0" cb="0"/><line nr="16" mi="0" ci="6" mb="0" cb="0"/><line nr="17" mi="0" ci="6" mb="0" cb="0"/><line nr="18" mi="0" ci="6" mb="0" cb="0"/><line nr="19" mi="0" ci="6" mb="0" cb="0"/><line nr="20" mi="0" ci="6" mb="0" cb="0"/><line nr="21" mi="0" ci="6" mb="0" cb="0"/><line nr="22" mi="0" ci="6" mb="0" cb="0"/><line nr="23" mi="0" ci="6" mb="0" cb="0"/><line nr="24" mi="0" ci="6" mb="0" cb="0"/><line nr="25" mi="0" ci="6" mb="0" cb="0"/><line nr="26" mi="0" ci="6" mb="0" cb="0"/><line nr="29" mi="16" ci="0" mb="2" cb="0"/><line nr="30" mi="5" ci="0" mb="2" cb="0"/><line nr="31" mi="2" ci="0" mb="0" cb="0"/><line nr="34" mi="8" ci="0" mb="0" cb="0"/><counter type="INSTRUCTION" missed="31" covered="114"/><counter type="BRANCH" missed="4" covered="0"/><counter type="LINE" missed="4" covered="12"/><counter type="COMPLEXITY" missed="3" covered="1"/><counter type="METHOD" missed="1" covered="1"/><counter type="CLASS" missed="0" covered="1"/></sourcefile><sourcefile name="ChannelFieldIridium.java"><line nr="17" mi="0" ci="36" mb="0" cb="0"/><line nr="18" mi="0" ci="6" mb="0" cb="0"/><line nr="19" mi="0" ci="6" mb="0" cb="0"/><line nr="20" mi="0" ci="6" mb="0" cb="0"/><line nr="21" mi="0" ci="6" mb="0" cb="0"/><line nr="22" mi="0" ci="6" mb="0" cb="0"/><line nr="23" mi="0" ci="6" mb="0" cb="0"/><line nr="24" mi="0" ci="6" mb="0" cb="0"/><line nr="25" mi="0" ci="6" mb="0" cb="0"/><line nr="28" mi="16" ci="0" mb="2" cb="0"/><line nr="29" mi="5" ci="0" mb="2" cb="0"/><line nr="30" mi="2" ci="0" mb="0" cb="0"/><line nr="33" mi="8" ci="0" mb="0" cb="0"/><counter type="INSTRUCTION" missed="31" covered="84"/><counter type="BRANCH" missed="4" covered="0"/><counter type="LINE" missed="4" covered="9"/><counter type="COMPLEXITY" missed="3" covered="1"/><counter type="METHOD" missed="1" covered="1"/><counter type="CLASS" missed="0" covered="1"/></sourcefile><sourcefile name="CapabilitiesInmarsatC.java"><line nr="17" mi="3" ci="0" mb="0" cb="0"/><line nr="20" mi="0" ci="2" mb="1" cb="1"/><line nr="21" mi="0" ci="5" mb="1" cb="7"/><line nr="23" mi="0" ci="2" mb="0" cb="0"/><line nr="25" mi="0" ci="2" mb="0" cb="0"/><line nr="27" mi="0" ci="2" mb="0" cb="0"/><line nr="29" mi="0" ci="2" mb="0" cb="0"/><line nr="31" mi="0" ci="2" mb="0" cb="0"/><line nr="33" mi="0" ci="2" mb="0" cb="0"/><line nr="35" mi="0" ci="2" mb="0" cb="0"/><line nr="37" mi="2" ci="0" mb="0" cb="0"/><line nr="40" mi="2" ci="0" mb="0" cb="0"/><counter type="INSTRUCTION" missed="7" covered="21"/><counter type="BRANCH" missed="2" covered="8"/><counter type="LINE" missed="3" covered="9"/><counter type="COMPLEXITY" missed="3" covered="7"/><counter type="METHOD" missed="1" covered="1"/><counter type="CLASS" missed="0" covered="1"/></sourcefile><sourcefile name="AttributeInmarsatC.java"><line nr="17" mi="0" ci="36" mb="0" cb="0"/><line nr="18" mi="0" ci="6" mb="0" cb="0"/><line nr="19" mi="0" ci="6" mb="0" cb="0"/><line nr="20" mi="0" ci="6" mb="0" cb="0"/><line nr="21" mi="0" ci="6" mb="0" cb="0"/><line nr="22" mi="0" ci="6" mb="0" cb="0"/><line nr="23" mi="0" ci="6" mb="0" cb="0"/><line nr="24" mi="0" ci="6" mb="0" cb="0"/><line nr="25" mi="0" ci="6" mb="0" cb="0"/><line nr="28" mi="16" ci="0" mb="2" cb="0"/><line nr="29" mi="5" ci="0" mb="2" cb="0"/><line nr="30" mi="2" ci="0" mb="0" cb="0"/><line nr="33" mi="8" ci="0" mb="0" cb="0"/><counter type="INSTRUCTION" missed="31" covered="84"/><counter type="BRANCH" missed="4" covered="0"/><counter type="LINE" missed="4" covered="9"/><counter type="COMPLEXITY" missed="3" covered="1"/><counter type="METHOD" missed="1" covered="1"/><counter type="CLASS" missed="0" covered="1"/></sourcefile><sourcefile name="AttributeIridium.java"><line nr="17" mi="0" ci="8" mb="0" cb="0"/><line nr="19" mi="0" ci="6" mb="0" cb="0"/><line nr="22" mi="16" ci="0" mb="2" cb="0"/><line nr="23" mi="5" ci="0" mb="2" cb="0"/><line nr="24" mi="2" ci="0" mb="0" cb="0"/><line nr="27" mi="8" ci="0" mb="0" cb="0"/><counter type="INSTRUCTION" missed="31" covered="14"/><counter type="BRANCH" missed="4" covered="0"/><counter type="LINE" missed="4" covered="2"/><counter type="COMPLEXITY" missed="3" covered="1"/><counter type="METHOD" missed="1" covered="1"/><counter type="CLASS" missed="0" covered="1"/></sourcefile><counter type="INSTRUCTION" missed="141" covered="372"/><counter type="BRANCH" missed="20" covered="16"/><counter type="LINE" missed="23" covered="54"/><counter type="COMPLEXITY" missed="19" covered="19"/><counter type="METHOD" missed="7" covered="7"/><counter type="CLASS" missed="1" covered="7"/></package><package name="eu/europa/ec/fisheries/uvms/rest/mobileterminal/error"><class name="eu/europa/ec/fisheries/uvms/rest/mobileterminal/error/MTResponseCode" sourcefilename="MTResponseCode.java"><method name="&lt;init&gt;" desc="(Ljava/lang/String;II)V" line="26"><counter type="INSTRUCTION" missed="0" covered="8"/><counter type="LINE" missed="0" covered="3"/><counter type="COMPLEXITY" missed="0" covered="1"/><counter type="METHOD" missed="0" covered="1"/></method><method name="getCode" desc="()I" line="31"><counter type="INSTRUCTION" missed="0" covered="3"/><counter type="LINE" missed="0" covered="1"/><counter type="COMPLEXITY" missed="0" covered="1"/><counter type="METHOD" missed="0" covered="1"/></method><method name="&lt;clinit&gt;" desc="()V" line="14"><counter type="INSTRUCTION" missed="0" covered="92"/><counter type="LINE" missed="0" covered="9"/><counter type="COMPLEXITY" missed="0" covered="1"/><counter type="METHOD" missed="0" covered="1"/></method><counter type="INSTRUCTION" missed="0" covered="103"/><counter type="LINE" missed="0" covered="13"/><counter type="COMPLEXITY" missed="0" covered="3"/><counter type="METHOD" missed="0" covered="3"/><counter type="CLASS" missed="0" covered="1"/></class><class name="eu/europa/ec/fisheries/uvms/rest/mobileterminal/error/MTErrorHandler" sourcefilename="MTErrorHandler.java"><method name="&lt;init&gt;" desc="()V" line="17"><counter type="INSTRUCTION" missed="3" covered="0"/><counter type="LINE" missed="1" covered="0"/><counter type="COMPLEXITY" missed="1" covered="0"/><counter type="METHOD" missed="1" covered="0"/></method><method name="getFault" desc="(Ljava/lang/Exception;)Leu/europa/ec/fisheries/uvms/rest/mobileterminal/dto/MTResponseDto;" line="20"><counter type="INSTRUCTION" missed="7" covered="0"/><counter type="LINE" missed="1" covered="0"/><counter type="COMPLEXITY" missed="1" covered="0"/><counter type="METHOD" missed="1" covered="0"/></method><counter type="INSTRUCTION" missed="10" covered="0"/><counter type="LINE" missed="2" covered="0"/><counter type="COMPLEXITY" missed="2" covered="0"/><counter type="METHOD" missed="2" covered="0"/><counter type="CLASS" missed="1" covered="0"/></class><sourcefile name="MTErrorHandler.java"><line nr="17" mi="3" ci="0" mb="0" cb="0"/><line nr="20" mi="7" ci="0" mb="0" cb="0"/><counter type="INSTRUCTION" missed="10" covered="0"/><counter type="LINE" missed="2" covered="0"/><counter type="COMPLEXITY" missed="2" covered="0"/><counter type="METHOD" missed="2" covered="0"/><counter type="CLASS" missed="1" covered="0"/></sourcefile><sourcefile name="MTResponseCode.java"><line nr="14" mi="0" ci="36" mb="0" cb="0"/><line nr="15" mi="0" ci="7" mb="0" cb="0"/><line nr="16" mi="0" ci="7" mb="0" cb="0"/><line nr="17" mi="0" ci="7" mb="0" cb="0"/><line nr="18" mi="0" ci="7" mb="0" cb="0"/><line nr="19" mi="0" ci="7" mb="0" cb="0"/><line nr="20" mi="0" ci="7" mb="0" cb="0"/><line nr="21" mi="0" ci="7" mb="0" cb="0"/><line nr="22" mi="0" ci="7" mb="0" cb="0"/><line nr="26" mi="0" ci="4" mb="0" cb="0"/><line nr="27" mi="0" ci="3" mb="0" cb="0"/><line nr="28" mi="0" ci="1" mb="0" cb="0"/><line nr="31" mi="0" ci="3" mb="0" cb="0"/><counter type="INSTRUCTION" missed="0" covered="103"/><counter type="LINE" missed="0" covered="13"/><counter type="COMPLEXITY" missed="0" covered="3"/><counter type="METHOD" missed="0" covered="3"/><counter type="CLASS" missed="0" covered="1"/></sourcefile><counter type="INSTRUCTION" missed="10" covered="103"/><counter type="LINE" missed="2" covered="13"/><counter type="COMPLEXITY" missed="2" covered="3"/><counter type="METHOD" missed="2" covered="3"/><counter type="CLASS" missed="1" covered="1"/></package><counter type="INSTRUCTION" missed="24061" covered="3590"/><counter type="BRANCH" missed="2116" covered="93"/><counter type="LINE" missed="5457" covered="970"/><counter type="COMPLEXITY" missed="2210" covered="495"/><counter type="METHOD" missed="1096" covered="460"/><counter type="CLASS" missed="98" covered="53"/></report>