<?xml version="1.0" encoding="UTF-8"?>
<testsuite xmlns:xsi="http://www.w3.org/2001/XMLSchema-instance" xsi:noNamespaceSchemaLocation="https://maven.apache.org/surefire/maven-surefire-plugin/xsd/surefire-test-report.xsd" name="eu.europa.ec.fisheries.uvms.asset.client.AssetClientTest" time="31.48" tests="40" errors="0" skipped="0" failures="0">
  <properties>
[...]
</properties>
  <testcase name="createNewAssetOnUnknown" classname="eu.europa.ec.fisheries.uvms.asset.client.AssetClientTest" time="0.798"/>
  <testcase name="getMicroAssetInformationEmptyInputList" classname="eu.europa.ec.fisheries.uvms.asset.client.AssetClientTest" time="0.049"/>
  <testcase name="collectAssetMTTest" classname="eu.europa.ec.fisheries.uvms.asset.client.AssetClientTest" time="0.073"/>
  <testcase name="upsertAssetJMSTest" classname="eu.europa.ec.fisheries.uvms.asset.client.AssetClientTest" time="5.113"/>
  <testcase name="collectAssetMtTest" classname="eu.europa.ec.fisheries.uvms.asset.client.AssetClientTest" time="0.127"/>
  <testcase name="getMtAtDateRandomId" classname="eu.europa.ec.fisheries.uvms.asset.client.AssetClientTest" time="0.051"/>
  <testcase name="getAssetsAtCurrentDateWithTwoRevisionsTest" classname="eu.europa.ec.fisheries.uvms.asset.client.AssetClientTest" time="0.204"/>
  <testcase name="getAssetHistoryListByAssetIdTest" classname="eu.europa.ec.fisheries.uvms.asset.client.AssetClientTest" time="0.4"/>
  <testcase name="createNewAssetOnUnknownWithVeryLongIRCS" classname="eu.europa.ec.fisheries.uvms.asset.client.AssetClientTest" time="0.061"/>
  <testcase name="queryAssetsTest" classname="eu.europa.ec.fisheries.uvms.asset.client.AssetClientTest" time="0.818"/>
  <testcase name="getAssetByGuidTest" classname="eu.europa.ec.fisheries.uvms.asset.client.AssetClientTest" time="0.154"/>
  <testcase name="isCodeValidTest" classname="eu.europa.ec.fisheries.uvms.asset.client.AssetClientTest" time="0.105"/>
  <testcase name="upsertAssetTest" classname="eu.europa.ec.fisheries.uvms.asset.client.AssetClientTest" time="0.142"/>
  <testcase name="getAssetIdByQuery" classname="eu.europa.ec.fisheries.uvms.asset.client.AssetClientTest" time="0.157"/>
  <testcase name="getCodeForDateTest" classname="eu.europa.ec.fisheries.uvms.asset.client.AssetClientTest" time="0.087"/>
  <testcase name="customCodesReplaceTest" classname="eu.europa.ec.fisheries.uvms.asset.client.AssetClientTest" time="0.283"/>
  <testcase name="isCodeValidNegativeTest" classname="eu.europa.ec.fisheries.uvms.asset.client.AssetClientTest" time="0.109"/>
  <testcase name="pingTest" classname="eu.europa.ec.fisheries.uvms.asset.client.AssetClientTest" time="0.052"/>
  <testcase name="pollsInfo" classname="eu.europa.ec.fisheries.uvms.asset.client.AssetClientTest" time="0.059"/>
  <testcase name="getMicroAssetInformation" classname="eu.europa.ec.fisheries.uvms.asset.client.AssetClientTest" time="4.061"/>
  <testcase name="getAssetHistoryByDateQuery" classname="eu.europa.ec.fisheries.uvms.asset.client.AssetClientTest" time="0.228"/>
  <testcase name="getAssetsAtDateTest" classname="eu.europa.ec.fisheries.uvms.asset.client.AssetClientTest" time="0.127"/>
  <testcase name="getCodeForDateNegativeTest" classname="eu.europa.ec.fisheries.uvms.asset.client.AssetClientTest" time="0.067"/>
  <testcase name="getNonExistantAssetTest" classname="eu.europa.ec.fisheries.uvms.asset.client.AssetClientTest" time="0.044"/>
  <testcase name="getConstantsTest" classname="eu.europa.ec.fisheries.uvms.asset.client.AssetClientTest" time="0.069"/>
  <testcase name="getAssetsAtDateWithTwoRevisionsTest" classname="eu.europa.ec.fisheries.uvms.asset.client.AssetClientTest" time="0.191"/>
  <testcase name="getAssetsAtPastDateTest" classname="eu.europa.ec.fisheries.uvms.asset.client.AssetClientTest" time="0.12"/>
  <testcase name="pollsForAssetInTheLastDay" classname="eu.europa.ec.fisheries.uvms.asset.client.AssetClientTest" time="0.133"/>
  <testcase name="createNewAssetOnUnknownUseNameAndFSFromRequest" classname="eu.europa.ec.fisheries.uvms.asset.client.AssetClientTest" time="0.078"/>
  <testcase name="createNewAssetWoMmsiFromFlux" classname="eu.europa.ec.fisheries.uvms.asset.client.AssetClientTest" time="0.068"/>
  <testcase name="mmsiLongerThen9CharactersTest" classname="eu.europa.ec.fisheries.uvms.asset.client.AssetClientTest" time="0.073"/>
  <testcase name="getCodesForConstantsTest" classname="eu.europa.ec.fisheries.uvms.asset.client.AssetClientTest" time="0.26"/>
  <testcase name="getAssetHistoryByAssetHistGuidTest" classname="eu.europa.ec.fisheries.uvms.asset.client.AssetClientTest" time="0.212"/>
  <testcase name="getAssetFromAssetIdAndDateTest" classname="eu.europa.ec.fisheries.uvms.asset.client.AssetClientTest" time="0.208"/>
  <testcase name="upsertAssertTwiceShouldNotCreateNewHistory" classname="eu.europa.ec.fisheries.uvms.asset.client.AssetClientTest" time="0.171"/>
  <testcase name="getMobileTerminalsTest" classname="eu.europa.ec.fisheries.uvms.asset.client.AssetClientTest" time="1.133"/>
  <testcase name="upsertAssertUpdateNameShouldCreateHistory" classname="eu.europa.ec.fisheries.uvms.asset.client.AssetClientTest" time="0.166"/>
  <testcase name="getVmsBillingTest" classname="eu.europa.ec.fisheries.uvms.asset.client.AssetClientTest" time="0.06"/>
  <testcase name="getMobileTerminalAtDateWithMemberNumberAndDnidTest" classname="eu.europa.ec.fisheries.uvms.asset.client.AssetClientTest" time="0.058"/>
  <testcase name="getAssetsAtPastDateWithTwoRevisionsTest" classname="eu.europa.ec.fisheries.uvms.asset.client.AssetClientTest" time="0.19"/>
</testsuite>