GROUP,PACKAGE,CLASS,INSTRUCTION_MISSED,INSTRUCTION_COVERED,BRANCH_MISSED,BRANCH_COVERED,LINE_MISSED,LINE_COVERED,COMPLEXITY_MISSED,COMPLEXITY_COVERED,METHOD_MISSED,METHOD_COVERED
asset-model,eu.europa.ec.fisheries.uvms.asset.remote.dto.search,SearchFields,351,0,4,0,47,0,10,0,8,0
asset-model,eu.europa.ec.fisheries.uvms.asset.remote.dto.search,SearchBranch,47,0,0,0,16,0,8,0,8,0
asset-model,eu.europa.ec.fisheries.uvms.asset.remote.dto.search,SearchFieldType,104,0,0,0,2,0,1,0,1,0
asset-model,eu.europa.ec.fisheries.uvms.asset.remote.dto.search,SearchLeaf,56,0,2,0,24,0,11,0,10,0
asset-model,eu.europa.ec.fisheries.wsdl.asset.module,GetFlagStateByGuidAndDateRequest,32,0,0,0,10,0,8,0,8,0
asset-model,eu.europa.ec.fisheries.wsdl.asset.module,GetAssetGroupListByAssetGuidRequest,25,0,0,0,7,0,6,0,6,0
asset-model,eu.europa.ec.fisheries.wsdl.asset.module,UpsertAssetModuleRequest,32,0,0,0,10,0,8,0,8,0
asset-model,eu.europa.ec.fisheries.wsdl.asset.module,AssetModuleService,77,0,0,0,24,0,9,0,9,0
asset-model,eu.europa.ec.fisheries.wsdl.asset.module,UpsertFishingGearModuleRequest,32,0,0,0,10,0,8,0,8,0
asset-model,eu.europa.ec.fisheries.wsdl.asset.module,UpsertAssetModuleResponse,25,0,0,0,7,0,6,0,6,0
asset-model,eu.europa.ec.fisheries.wsdl.asset.module,UpsertFishingGearModuleResponse,25,0,0,0,7,0,6,0,6,0
asset-model,eu.europa.ec.fisheries.wsdl.asset.module,GetAssetModuleRequest,25,0,0,0,7,0,6,0,6,0
asset-model,eu.europa.ec.fisheries.wsdl.asset.module,FlagStateTypeResponse,25,0,0,0,7,0,6,0,6,0
asset-model,eu.europa.ec.fisheries.wsdl.asset.module,AssetModuleMethod,150,0,0,0,17,0,3,0,3,0
asset-model,eu.europa.ec.fisheries.wsdl.asset.module,AssetGroupListByUserRequest,25,0,0,0,7,0,6,0,6,0
asset-model,eu.europa.ec.fisheries.wsdl.asset.module,AssetListGroupByFlagStateRequest,29,0,2,0,7,0,6,0,5,0
asset-model,eu.europa.ec.fisheries.wsdl.asset.module,PingRequest,18,0,0,0,4,0,4,0,4,0
asset-model,eu.europa.ec.fisheries.wsdl.asset.module,GetAssetModuleResponse,25,0,0,0,7,0,6,0,6,0
asset-model,eu.europa.ec.fisheries.wsdl.asset.module,AssetModuleFaultException,30,0,0,0,13,0,6,0,6,0
asset-model,eu.europa.ec.fisheries.wsdl.asset.module,PingResponse,25,0,0,0,7,0,6,0,6,0
asset-model,eu.europa.ec.fisheries.wsdl.asset.module,AssetModuleRequest,25,0,0,0,7,0,6,0,6,0
asset-model,eu.europa.ec.fisheries.wsdl.asset.module,ObjectFactory,63,0,0,0,17,0,16,0,16,0
asset-model,eu.europa.ec.fisheries.wsdl.asset.module,AssetListModuleRequest,25,0,0,0,7,0,6,0,6,0
asset-model,eu.europa.ec.fisheries.wsdl.asset.module,GetAssetFromAssetIdAndDateRequest,32,0,0,0,10,0,8,0,8,0
asset-model,eu.europa.ec.fisheries.wsdl.asset,AssetHistoryFaultException,30,0,0,0,13,0,6,0,6,0
asset-model,eu.europa.ec.fisheries.wsdl.asset,AssetDataSourceQueueService,77,0,0,0,24,0,9,0,9,0
asset-model,eu.europa.ec.fisheries.wsdl.asset,AssetFaultException,30,0,0,0,13,0,6,0,6,0
asset-model,eu.europa.ec.fisheries.schema.mobileterminal.config.v1,UpdatedDNIDListRequest,25,0,0,0,7,0,6,0,6,0
asset-model,eu.europa.ec.fisheries.schema.mobileterminal.config.v1,ConfigRequest,18,0,0,0,4,0,4,0,4,0
asset-model,eu.europa.ec.fisheries.schema.mobileterminal.config.v1,TerminalSystemListRequest,18,0,0,0,4,0,4,0,4,0
asset-model,eu.europa.ec.fisheries.schema.mobileterminal.config.v1,TerminalSystemConfiguration,29,0,2,0,7,0,6,0,5,0
asset-model,eu.europa.ec.fisheries.schema.mobileterminal.config.v1,Capability,36,0,2,0,10,0,8,0,7,0
asset-model,eu.europa.ec.fisheries.schema.mobileterminal.config.v1,UpdatedDNIDListResponse,29,0,2,0,7,0,6,0,5,0
asset-model,eu.europa.ec.fisheries.schema.mobileterminal.config.v1,OceanRegionType,32,0,0,0,10,0,8,0,8,0
asset-model,eu.europa.ec.fisheries.schema.mobileterminal.config.v1,OceanRegions,36,0,2,0,10,0,8,0,7,0
asset-model,eu.europa.ec.fisheries.schema.mobileterminal.config.v1,ConfigList,36,0,2,0,10,0,8,0,7,0
asset-model,eu.europa.ec.fisheries.schema.mobileterminal.config.v1,ConfigResponse,29,0,2,0,7,0,6,0,5,0
asset-model,eu.europa.ec.fisheries.schema.mobileterminal.config.v1,TerminalSystemListResponse,29,0,2,0,7,0,6,0,5,0
asset-model,eu.europa.ec.fisheries.schema.mobileterminal.config.v1,ComchannelNameRequest,25,0,0,0,7,0,6,0,6,0
asset-model,eu.europa.ec.fisheries.schema.mobileterminal.config.v1,ObjectFactory,75,0,0,0,20,0,19,0,19,0
asset-model,eu.europa.ec.fisheries.schema.mobileterminal.config.v1,UpsertPluginListResponse,29,0,2,0,7,0,6,0,5,0
asset-model,eu.europa.ec.fisheries.schema.mobileterminal.config.v1,CapabilityConfiguration,29,0,2,0,7,0,6,0,5,0
asset-model,eu.europa.ec.fisheries.schema.mobileterminal.config.v1,CapabilityOption,18,0,0,0,4,0,4,0,4,0
asset-model,eu.europa.ec.fisheries.schema.mobileterminal.config.v1,ComchannelNameResponse,29,0,2,0,7,0,6,0,5,0
asset-model,eu.europa.ec.fisheries.schema.mobileterminal.config.v1,UpsertPluginListRequest,29,0,2,0,7,0,6,0,5,0
asset-model,eu.europa.ec.fisheries.schema.mobileterminal.config.v1,LandEarthStationType,32,0,0,0,10,0,8,0,8,0
asset-model,eu.europa.ec.fisheries.schema.mobileterminal.config.v1,TerminalSystemType,46,0,0,0,16,0,12,0,12,0
asset-model,eu.europa.ec.fisheries.uvms.mobileterminal.model.validator,MobileTerminalDataSourceRequestValidator,39,127,8,22,13,28,8,15,3,5
asset-model,eu.europa.ec.fisheries.uvms.mobileterminal.model.validator,PollDataSourceRequestValidator,44,275,13,35,18,62,14,23,3,8
asset-model,eu.europa.ec.fisheries.uvms.mobileterminal.model.mapper,MobileTerminalDataSourceResponseMapper,310,0,6,0,71,0,18,0,15,0
asset-model,eu.europa.ec.fisheries.uvms.mobileterminal.model.mapper,MobileTerminalModuleResponseMapper,100,0,6,0,25,0,10,0,7,0
asset-model,eu.europa.ec.fisheries.uvms.mobileterminal.model.mapper,PollDataSourceResponseMapper,161,0,6,0,35,0,10,0,7,0
asset-model,eu.europa.ec.fisheries.uvms.mobileterminal.model.mapper,MobileTerminalGenericMapper,77,0,8,0,19,0,9,0,5,0
asset-model,eu.europa.ec.fisheries.uvms.mobileterminal.model.mapper,MobileTerminalModuleRequestMapper,51,0,0,0,15,0,5,0,5,0
asset-model,eu.europa.ec.fisheries.uvms.mobileterminal.model.mapper,MobileTerminalDataSourceRequestMapper,16,0,0,0,5,0,2,0,2,0
asset-model,eu.europa.ec.fisheries.schema.mobileterminal.polltypes.v1,PollSearchCriteria,36,0,2,0,10,0,8,0,7,0
asset-model,eu.europa.ec.fisheries.schema.mobileterminal.polltypes.v1,PollRequestType,29,0,2,0,7,0,6,0,5,0
asset-model,eu.europa.ec.fisheries.schema.mobileterminal.polltypes.v1,PollResponseType,32,0,0,0,10,0,8,0,8,0
asset-model,eu.europa.ec.fisheries.schema.mobileterminal.polltypes.v1,ListCriteria,32,0,0,0,10,0,8,0,8,0
asset-model,eu.europa.ec.fisheries.schema.mobileterminal.polltypes.v1,SetStatusPollProgramRequest,32,0,0,0,10,0,8,0,8,0
asset-model,eu.europa.ec.fisheries.schema.mobileterminal.polltypes.v1,PollMobileTerminal,23,9,0,0,8,2,6,2,6,2
asset-model,eu.europa.ec.fisheries.schema.mobileterminal.polltypes.v1,GetPollListRequest,25,0,0,0,7,0,6,0,6,0
asset-model,eu.europa.ec.fisheries.schema.mobileterminal.polltypes.v1,ProgramPollStatus,6,34,0,0,2,4,2,1,2,1
asset-model,eu.europa.ec.fisheries.schema.mobileterminal.polltypes.v1,PollBaseType,50,0,2,0,16,0,12,0,11,0
asset-model,eu.europa.ec.fisheries.schema.mobileterminal.polltypes.v1,PollType,6,64,0,0,2,7,2,1,2,1
asset-model,eu.europa.ec.fisheries.schema.mobileterminal.polltypes.v1,SinglePollResponse,25,0,0,0,7,0,6,0,6,0
asset-model,eu.europa.ec.fisheries.schema.mobileterminal.polltypes.v1,PollableQuery,36,0,2,0,10,0,8,0,7,0
asset-model,eu.europa.ec.fisheries.schema.mobileterminal.polltypes.v1,PollId,25,0,0,0,7,0,6,0,6,0
asset-model,eu.europa.ec.fisheries.schema.mobileterminal.polltypes.v1,ObjectFactory,71,0,0,0,19,0,18,0,18,0
asset-model,eu.europa.ec.fisheries.schema.mobileterminal.polltypes.v1,GetPollableRequest,25,0,0,0,7,0,6,0,6,0
asset-model,eu.europa.ec.fisheries.schema.mobileterminal.polltypes.v1,PollListResponse,43,0,2,0,13,0,10,0,9,0
asset-model,eu.europa.ec.fisheries.schema.mobileterminal.polltypes.v1,CreatePollResponse,36,0,2,0,10,0,8,0,7,0
asset-model,eu.europa.ec.fisheries.schema.mobileterminal.polltypes.v1,CreatePollRequest,25,0,0,0,7,0,6,0,6,0
asset-model,eu.europa.ec.fisheries.schema.mobileterminal.polltypes.v1,GetPollProgramListRequest,25,0,0,0,7,0,6,0,6,0
asset-model,eu.europa.ec.fisheries.schema.mobileterminal.polltypes.v1,SearchKey,6,54,0,0,2,6,2,1,2,1
asset-model,eu.europa.ec.fisheries.schema.mobileterminal.polltypes.v1,PollListQuery,32,0,0,0,10,0,8,0,8,0
asset-model,eu.europa.ec.fisheries.schema.mobileterminal.polltypes.v1,PollAttributeType,6,104,0,0,2,11,2,1,2,1
asset-model,eu.europa.ec.fisheries.schema.mobileterminal.polltypes.v1,PollAttribute,22,10,0,0,6,4,5,3,5,3
asset-model,eu.europa.ec.fisheries.uvms.mobileterminal.model.constants,TerminalSourceEnum,44,0,0,0,9,0,5,0,5,0
asset-model,eu.europa.ec.fisheries.uvms.mobileterminal.model.constants,MobileTerminalTypeEnum,49,0,4,0,6,0,4,0,2,0
asset-model,eu.europa.ec.fisheries.uvms.mobileterminal.model.constants,AuditOperationEnum,125,0,0,0,15,0,3,0,3,0
asset-model,eu.europa.ec.fisheries.uvms.mobileterminal.model.constants,AuditObjectTypeEnum,70,0,0,0,10,0,3,0,3,0
asset-model,eu.europa.ec.fisheries.uvms.asset.model.constants,AuditOperationEnum,48,0,0,0,6,0,3,0,3,0
asset-model,eu.europa.ec.fisheries.uvms.asset.model.constants,TypeConverterSelector,24,0,0,0,2,0,1,0,1,0
asset-model,eu.europa.ec.fisheries.uvms.asset.model.constants,FaultCode,147,0,0,0,17,0,3,0,3,0
asset-model,eu.europa.ec.fisheries.uvms.asset.model.constants,UnitTonnage,34,0,4,0,5,0,4,0,2,0
asset-model,eu.europa.ec.fisheries.uvms.asset.model.constants,AuditObjectTypeEnum,37,0,0,0,6,0,3,0,3,0
asset-model,eu.europa.ec.fisheries.uvms.asset.model.mapper,JAXBMarshaller,56,115,1,3,10,26,2,4,1,3
asset-model,eu.europa.ec.fisheries.uvms.asset.model.mapper,AssetModuleResponseMapper,183,0,6,0,50,0,17,0,14,0
asset-model,eu.europa.ec.fisheries.uvms.asset.model.mapper,XsdDateTimeConverter,23,0,0,0,8,0,4,0,4,0
asset-model,eu.europa.ec.fisheries.uvms.asset.model.mapper,AssetModuleRequestMapper,168,0,6,0,52,0,16,0,13,0
asset-model,eu.europa.ec.fisheries.wsdl.asset.types,ConfigSearchField,200,0,0,0,22,0,3,0,3,0
asset-model,eu.europa.ec.fisheries.wsdl.asset.types,SingleAssetResponse,25,0,0,0,7,0,6,0,6,0
asset-model,eu.europa.ec.fisheries.wsdl.asset.types,AssetDataSourceRequest,32,0,0,0,10,0,8,0,8,0
asset-model,eu.europa.ec.fisheries.wsdl.asset.types,FlagStateType,53,0,0,0,19,0,14,0,14,0
asset-model,eu.europa.ec.fisheries.wsdl.asset.types,FlagStateResponse,25,0,0,0,7,0,6,0,6,0
asset-model,eu.europa.ec.fisheries.wsdl.asset.types,AssetIdType,100,0,0,0,12,0,3,0,3,0
asset-model,eu.europa.ec.fisheries.wsdl.asset.types,NoteSource,30,0,0,0,5,0,3,0,3,0
asset-model,eu.europa.ec.fisheries.wsdl.asset.types,AssetListPagination,32,0,0,0,10,0,8,0,8,0
asset-model,eu.europa.ec.fisheries.wsdl.asset.types,AssetProdOrgModel,81,0,0,0,31,0,22,0,22,0
asset-model,eu.europa.ec.fisheries.wsdl.asset.types,AssetHistoryId,39,0,0,0,13,0,10,0,10,0
asset-model,eu.europa.ec.fisheries.wsdl.asset.types,FishingGear,60,0,0,0,22,0,16,0,16,0
asset-model,eu.europa.ec.fisheries.wsdl.asset.types,CarrierSource,50,0,0,0,7,0,3,0,3,0
asset-model,eu.europa.ec.fisheries.wsdl.asset.types,AssetContact,53,0,0,0,19,0,14,0,14,0
asset-model,eu.europa.ec.fisheries.wsdl.asset.types,Asset,236,0,4,0,94,0,64,0,62,0
asset-model,eu.europa.ec.fisheries.wsdl.asset.types,AssetListQuery,32,0,0,0,10,0,8,0,8,0
asset-model,eu.europa.ec.fisheries.wsdl.asset.types,FishingGearType,39,0,0,0,13,0,10,0,10,0
asset-model,eu.europa.ec.fisheries.wsdl.asset.types,AssetId,39,0,0,0,13,0,10,0,10,0
asset-model,eu.europa.ec.fisheries.wsdl.asset.types,AssetNotes,95,0,0,0,37,0,26,0,26,0
asset-model,eu.europa.ec.fisheries.wsdl.asset.types,AssetFault,32,0,0,0,10,0,8,0,8,0
asset-model,eu.europa.ec.fisheries.wsdl.asset.types,ContactSource,30,0,0,0,5,0,3,0,3,0
asset-model,eu.europa.ec.fisheries.wsdl.asset.types,ObjectFactory,75,0,0,0,20,0,19,0,19,0
asset-model,eu.europa.ec.fisheries.wsdl.asset.types,EventCode,100,0,0,0,12,0,3,0,3,0
asset-model,eu.europa.ec.fisheries.wsdl.asset.types,ListAssetResponse,43,0,2,0,13,0,10,0,9,0
asset-model,eu.europa.ec.fisheries.wsdl.asset.types,NoteActivityCode,29,0,2,0,7,0,6,0,5,0
asset-model,eu.europa.ec.fisheries.wsdl.asset.types,AssetListCriteriaPair,32,0,0,0,10,0,8,0,8,0
asset-model,eu.europa.ec.fisheries.wsdl.asset.types,AssetDataSourceMethod,230,0,0,0,25,0,3,0,3,0
asset-model,eu.europa.ec.fisheries.wsdl.asset.types,AssetListCriteria,36,0,2,0,10,0,8,0,7,0
asset-model,eu.europa.ec.fisheries.uvms.asset.model.exception,AssetException,31,0,0,0,13,0,5,0,5,0
asset-model,eu.europa.ec.fisheries.uvms.asset.model.exception,ErrorCode,129,0,0,0,16,0,4,0,4,0
asset-model,org.w3._2001.xmlschema,Adapter1,9,0,0,0,3,0,3,0,3,0
asset-model,org.w3._2001.xmlschema,Adapter2,9,0,0,0,3,0,3,0,3,0
asset-model,eu.europa.ec.fisheries.uvms.mobileterminal.model.mock,MockData,131,0,4,0,32,0,10,0,8,0
asset-model,eu.europa.ec.fisheries.wsdl.asset.config,Config,36,0,2,0,10,0,8,0,7,0
asset-model,eu.europa.ec.fisheries.wsdl.asset.config,ObjectFactory,19,0,0,0,6,0,5,0,5,0
asset-model,eu.europa.ec.fisheries.wsdl.asset.config,ConfigValue,36,0,2,0,10,0,8,0,7,0
asset-model,eu.europa.ec.fisheries.wsdl.asset.config,ConfigResponse,29,0,2,0,7,0,6,0,5,0
asset-model,eu.europa.ec.fisheries.wsdl.asset.config,ConfigField,100,0,0,0,12,0,3,0,3,0
asset-model,eu.europa.ec.fisheries.wsdl.asset.config,ConfigRequest,25,0,0,0,7,0,6,0,6,0
asset-model,eu.europa.ec.fisheries.schema.mobileterminal.types.v1,PluginCapabilityType,6,54,0,0,2,6,2,1,2,1
asset-model,eu.europa.ec.fisheries.schema.mobileterminal.types.v1,BaseMobileTerminalType,88,0,0,0,34,0,24,0,24,0
asset-model,eu.europa.ec.fisheries.schema.mobileterminal.types.v1,MobileTerminalAttribute,22,10,0,0,6,4,5,3,5,3
asset-model,eu.europa.ec.fisheries.schema.mobileterminal.types.v1,PluginService,29,0,2,0,7,0,6,0,5,0
asset-model,eu.europa.ec.fisheries.schema.mobileterminal.types.v1,PluginCapability,32,0,0,0,10,0,8,0,8,0
asset-model,eu.europa.ec.fisheries.schema.mobileterminal.types.v1,MobileTerminalSearchCriteria,36,0,2,0,10,0,8,0,7,0
asset-model,eu.europa.ec.fisheries.schema.mobileterminal.types.v1,ComChannelAttribute,22,10,0,0,6,4,5,3,5,3
asset-model,eu.europa.ec.fisheries.schema.mobileterminal.types.v1,MobileTerminalBaseRequest,18,21,0,0,4,9,4,6,4,6
asset-model,eu.europa.ec.fisheries.schema.mobileterminal.types.v1,MobileTerminalDataSourceMethod,6,224,0,0,2,23,2,1,2,1
asset-model,eu.europa.ec.fisheries.schema.mobileterminal.types.v1,ListCriteria,32,0,0,0,10,0,8,0,8,0
asset-model,eu.europa.ec.fisheries.schema.mobileterminal.types.v1,ComChannelHistoryAttributes,50,0,2,0,16,0,12,0,11,0
asset-model,eu.europa.ec.fisheries.schema.mobileterminal.types.v1,MobileTerminalType,47,0,4,0,13,0,10,0,8,0
asset-model,eu.europa.ec.fisheries.schema.mobileterminal.types.v1,MobileTerminalStatus,6,34,0,0,2,4,2,1,2,1
asset-model,eu.europa.ec.fisheries.schema.mobileterminal.types.v1,EventCode,80,0,0,0,10,0,3,0,3,0
asset-model,eu.europa.ec.fisheries.schema.mobileterminal.types.v1,ComChannelType,33,21,2,2,9,7,7,5,6,4
asset-model,eu.europa.ec.fisheries.schema.mobileterminal.types.v1,ComChannelHistory,29,0,2,0,7,0,6,0,5,0
asset-model,eu.europa.ec.fisheries.schema.mobileterminal.types.v1,MobileTerminalFault,39,0,0,0,13,0,10,0,10,0
asset-model,eu.europa.ec.fisheries.schema.mobileterminal.types.v1,MobileTerminalSource,6,24,0,0,2,3,2,1,2,1
asset-model,eu.europa.ec.fisheries.schema.mobileterminal.types.v1,Plugin,46,0,0,0,16,0,12,0,12,0
asset-model,eu.europa.ec.fisheries.schema.mobileterminal.types.v1,ObjectFactory,75,0,0,0,20,0,19,0,19,0
asset-model,eu.europa.ec.fisheries.schema.mobileterminal.types.v1,MobileTerminalListQuery,32,0,0,0,10,0,8,0,8,0
asset-model,eu.europa.ec.fisheries.schema.mobileterminal.types.v1,SearchKey,6,64,0,0,2,7,2,1,2,1
asset-model,eu.europa.ec.fisheries.schema.mobileterminal.types.v1,MobileTerminalId,15,10,0,0,3,4,3,3,3,3
asset-model,eu.europa.ec.fisheries.schema.mobileterminal.types.v1,ComChannelCapability,32,0,0,0,10,0,8,0,8,0
asset-model,eu.europa.ec.fisheries.schema.mobileterminal.types.v1,MobileTerminalAssignQuery,32,0,0,0,10,0,8,0,8,0
asset-model,eu.europa.ec.fisheries.schema.mobileterminal.types.v1,ListPagination,32,0,0,0,10,0,8,0,8,0
asset-model,eu.europa.ec.fisheries.schema.mobileterminal.source.v1,GetMobileTerminalRequest,15,10,0,0,3,4,3,3,3,3
asset-model,eu.europa.ec.fisheries.schema.mobileterminal.source.v1,SetStatusMobileTerminalRequest,32,0,0,0,10,0,8,0,8,0
asset-model,eu.europa.ec.fisheries.schema.mobileterminal.source.v1,UpsertMobileTerminalRequest,25,0,0,0,7,0,6,0,6,0
asset-model,eu.europa.ec.fisheries.schema.mobileterminal.source.v1,MobileTerminalUnAssignRequest,25,0,0,0,7,0,6,0,6,0
asset-model,eu.europa.ec.fisheries.schema.mobileterminal.source.v1,ObjectFactory,55,0,0,0,15,0,14,0,14,0
asset-model,eu.europa.ec.fisheries.schema.mobileterminal.source.v1,HistoryMobileTerminalListRequest,25,0,0,0,7,0,6,0,6,0
asset-model,eu.europa.ec.fisheries.schema.mobileterminal.source.v1,UpdateMobileTerminalRequest,25,0,0,0,7,0,6,0,6,0
asset-model,eu.europa.ec.fisheries.schema.mobileterminal.source.v1,PingResponse,25,0,0,0,7,0,6,0,6,0
asset-model,eu.europa.ec.fisheries.schema.mobileterminal.source.v1,MobileTerminalAssignRequest,25,0,0,0,7,0,6,0,6,0
asset-model,eu.europa.ec.fisheries.schema.mobileterminal.source.v1,MobileTerminalListResponse,43,0,2,0,13,0,10,0,9,0
asset-model,eu.europa.ec.fisheries.schema.mobileterminal.source.v1,MobileTerminalResponse,32,0,0,0,10,0,8,0,8,0
asset-model,eu.europa.ec.fisheries.schema.mobileterminal.source.v1,PingRequest,18,0,0,0,4,0,4,0,4,0
asset-model,eu.europa.ec.fisheries.schema.mobileterminal.source.v1,MobileTerminalListRequest,25,0,0,0,7,0,6,0,6,0
asset-model,eu.europa.ec.fisheries.schema.mobileterminal.source.v1,CreateMobileTerminalRequest,25,0,0,0,7,0,6,0,6,0
asset-model,eu.europa.ec.fisheries.wsdl.asset.source,ObjectFactory,39,0,0,0,11,0,10,0,10,0
asset-model,eu.europa.ec.fisheries.wsdl.asset.source,DeleteAssetRequest,25,0,0,0,7,0,6,0,6,0
asset-model,eu.europa.ec.fisheries.wsdl.asset.source,PingRequest,18,0,0,0,4,0,4,0,4,0
asset-model,eu.europa.ec.fisheries.wsdl.asset.source,CreateAssetRequest,25,0,0,0,7,0,6,0,6,0
asset-model,eu.europa.ec.fisheries.wsdl.asset.source,AssetListGroupByFlagStateRequest,29,0,2,0,7,0,6,0,5,0
asset-model,eu.europa.ec.fisheries.wsdl.asset.source,UpsertAssetRequest,25,0,0,0,7,0,6,0,6,0
asset-model,eu.europa.ec.fisheries.wsdl.asset.source,AssetListRequest,25,0,0,0,7,0,6,0,6,0
asset-model,eu.europa.ec.fisheries.wsdl.asset.source,UpdateAssetRequest,25,0,0,0,7,0,6,0,6,0
asset-model,eu.europa.ec.fisheries.wsdl.asset.source,GetAssetRequest,25,0,0,0,7,0,6,0,6,0
asset-model,eu.europa.ec.fisheries.wsdl.asset.source,PingResponse,25,0,0,0,7,0,6,0,6,0
asset-model,eu.europa.ec.fisheries.schema.mobileterminal.module.v1,PingResponse,25,0,0,0,7,0,6,0,6,0
asset-model,eu.europa.ec.fisheries.schema.mobileterminal.module.v1,MobileTerminalModuleMethod,40,0,0,0,6,0,3,0,3,0
asset-model,eu.europa.ec.fisheries.schema.mobileterminal.module.v1,MobileTerminalModuleBaseRequest,25,0,0,0,7,0,6,0,6,0
asset-model,eu.europa.ec.fisheries.schema.mobileterminal.module.v1,MobileTerminalResponse,25,0,0,0,7,0,6,0,6,0
asset-model,eu.europa.ec.fisheries.schema.mobileterminal.module.v1,MobileTerminalService,77,0,0,0,24,0,9,0,9,0
asset-model,eu.europa.ec.fisheries.schema.mobileterminal.module.v1,PingRequest,18,0,0,0,4,0,4,0,4,0
asset-model,eu.europa.ec.fisheries.schema.mobileterminal.module.v1,ObjectFactory,27,0,0,0,8,0,7,0,7,0
asset-model,eu.europa.ec.fisheries.schema.mobileterminal.module.v1,GetMobileTerminalRequest,25,0,0,0,7,0,6,0,6,0
asset-model,eu.europa.ec.fisheries.schema.mobileterminal.module.v1,MobileTerminalListResponse,43,0,2,0,13,0,10,0,9,0
asset-model,eu.europa.ec.fisheries.schema.mobileterminal.module.v1,MobileTerminalFaultException,30,0,0,0,13,0,6,0,6,0
asset-model,eu.europa.ec.fisheries.schema.mobileterminal.module.v1,MobileTerminalListRequest,25,0,0,0,7,0,6,0,6,0
asset-model,eu.europa.ec.fisheries.uvms.asset.remote.dto,ConfigurationDto,17,0,0,0,5,0,3,0,3,0
asset-model,eu.europa.ec.fisheries.uvms.asset.remote.dto,ChannelChangeHistory,31,0,0,0,13,0,9,0,9,0
asset-model,eu.europa.ec.fisheries.uvms.asset.remote.dto,AssetDto,412,0,0,0,176,0,117,0,117,0
asset-model,eu.europa.ec.fisheries.uvms.asset.remote.dto,ChangeHistoryRow,106,0,0,0,37,0,21,0,21,0
asset-model,eu.europa.ec.fisheries.uvms.asset.remote.dto,ChangeType,34,0,0,0,2,0,1,0,1,0
asset-model,eu.europa.ec.fisheries.uvms.asset.remote.dto,GetAssetListResponseDto,24,0,0,0,10,0,7,0,7,0
asset-model,eu.europa.ec.fisheries.uvms.asset.remote.dto,ChangeHistoryItem,36,0,0,0,16,0,8,0,8,0
asset-model,eu.europa.ec.fisheries.schema.mobileterminal.msg.v1,MobileTerminalFault,30,0,0,0,13,0,6,0,6,0
asset-model,eu.europa.ec.fisheries.schema.mobileterminal.msg.v1,MobileTerminalDataSourceService,77,0,0,0,24,0,9,0,9,0
asset-model,eu.europa.ec.fisheries.uvms.mobileterminal.exception,ErrorCode,93,0,0,0,13,0,4,0,4,0
asset-model,eu.europa.ec.fisheries.uvms.mobileterminal.model.dto,GenericDto,3,0,0,0,1,0,1,0,1,0
asset-model,eu.europa.ec.fisheries.uvms.mobileterminal.model.dto,VmsBillingDto,86,0,0,0,36,0,18,0,18,0
asset-model,eu.europa.ec.fisheries.uvms.mobileterminal.model.dto,ListResponseDto,24,0,0,0,10,0,7,0,7,0
asset-model,eu.europa.ec.fisheries.uvms.mobileterminal.model.dto,CreatePollResultDto,34,0,0,0,13,0,7,0,7,0
asset-model,eu.europa.ec.fisheries.uvms.mobileterminal.model.dto,ChannelDto,143,0,0,0,60,0,39,0,39,0
asset-model,eu.europa.ec.fisheries.uvms.mobileterminal.model.dto,MobileTerminalPluginCapabilityDto,45,0,0,0,19,0,13,0,13,0
asset-model,eu.europa.ec.fisheries.uvms.mobileterminal.model.dto,MobileTerminalRevisionsDto,17,0,0,0,7,0,5,0,5,0
asset-model,eu.europa.ec.fisheries.uvms.mobileterminal.model.dto,MobileTerminalDto,202,0,0,0,82,0,51,0,51,0
asset-model,eu.europa.ec.fisheries.uvms.mobileterminal.model.dto,MobileTerminalPluginDto,66,0,0,0,28,0,19,0,19,0
asset-model,eu.europa.ec.fisheries.uvms.mobileterminal.model.dto,CreatedPollListDto,17,0,0,0,7,0,5,0,5,0
asset-model,eu.europa.ec.fisheries.uvms.mobileterminal.model.dto,SimpleCreatePoll,41,0,0,0,17,0,11,0,11,0
asset-model,eu.europa.ec.fisheries.wsdl.asset.history,AssetHistoryListByAssetIdRequest,32,0,0,0,10,0,8,0,8,0
asset-model,eu.europa.ec.fisheries.wsdl.asset.history,GetAssetHistoryRequest,25,0,0,0,7,0,6,0,6,0
asset-model,eu.europa.ec.fisheries.wsdl.asset.history,ObjectFactory,11,0,0,0,4,0,3,0,3,0
asset-model,eu.europa.ec.fisheries.wsdl.asset.fishinggear,FishingGearListResponse,29,0,2,0,7,0,6,0,5,0
asset-model,eu.europa.ec.fisheries.wsdl.asset.fishinggear,FishingGearByExternalIdRequest,25,0,0,0,7,0,6,0,6,0
asset-model,eu.europa.ec.fisheries.wsdl.asset.fishinggear,FishingGearResponse,25,0,0,0,7,0,6,0,6,0
asset-model,eu.europa.ec.fisheries.wsdl.asset.fishinggear,FishingGearByIdRequest,25,0,0,0,7,0,6,0,6,0
asset-model,eu.europa.ec.fisheries.wsdl.asset.fishinggear,UpsertFishingGearRequest,25,0,0,0,7,0,6,0,6,0
asset-model,eu.europa.ec.fisheries.wsdl.asset.fishinggear,ObjectFactory,27,0,0,0,8,0,7,0,7,0
asset-model,eu.europa.ec.fisheries.wsdl.asset.fishinggear,FishingGearListRequest,18,0,0,0,4,0,4,0,4,0
